<?xml version="1.0" encoding="UTF-8"?>
<testsuites>
  <testsuite name="plots" timestamp="2024-08-08T19:47:51Z" hostname="e7f7b2d705ea" tests="16" skipped="0" failures="0" errors="0" time="0.096">
    <testcase time="0.0150000000000006" classname="plots" name="forest_plot_work_as_expected_in_proportions"/>
    <testcase time="0.0229999999999997" classname="plots" name="rob_map_plot_work_as_expected_in_proportions"/>
    <testcase time="0.016" classname="plots" name="param_mix_plot_work_as_expected_in_proportions"/>
    <testcase time="0.00500000000000078" classname="plots" name="_unnamed_"/>
    <testcase time="0.00199999999999889" classname="plots" name="decision_making_plots_work_as_expected_in_proportions"/>
    <testcase time="0.00300000000000011" classname="plots" name="decision_making_plots_work_as_expected_in_proportions"/>
    <testcase time="0.00300000000000011" classname="plots" name="decision_making_plots_work_as_expected_in_proportions"/>
    <testcase time="0.00200000000000067" classname="plots" name="decision_making_plots_work_as_expected_in_proportions"/>
    <testcase time="0.00300000000000011" classname="plots" name="decision_making_plots_work_as_expected_in_proportions"/>
    <testcase time="0.00399999999999956" classname="plots" name="rob_map_plot_work_as_expected_in_proportions"/>
    <testcase time="0.00499999999999901" classname="plots" name="param_mix_plot_work_as_expected_in_proportions"/>
    <testcase time="0.00400000000000134" classname="plots" name="_unnamed_"/>
    <testcase time="0.00300000000000011" classname="plots" name="decision_making_plots_work_as_expected_in_proportions"/>
    <testcase time="0.00199999999999889" classname="plots" name="decision_making_plots_work_as_expected_in_proportions"/>
    <testcase time="0.00300000000000011" classname="plots" name="decision_making_plots_work_as_expected_in_proportions"/>
    <testcase time="0.00300000000000011" classname="plots" name="decision_making_plots_work_as_expected_in_proportions"/>
  </testsuite>
  <testsuite name="proportions" timestamp="2024-08-08T19:47:51Z" hostname="e7f7b2d705ea" tests="140" skipped="1" failures="0" errors="0" time="37.666">
    <testcase time="2.847" classname="proportions" name="proportions_work_as_expected"/>
    <testcase time="0.00500000000000078" classname="proportions" name="proportions_work_as_expected"/>
    <testcase time="0.199" classname="proportions" name="proportions_work_as_expected"/>
    <testcase time="0.511000000000001" classname="proportions" name="MAP_Prior_row_is_lower_or_equal_than_lower_bound_thresholds"/>
    <testcase time="0.00799999999999912" classname="proportions" name="MAP_Prior_ESS_is_lower_or_equal_than_lower_bound_thresholds"/>
    <testcase time="0.00600000000000023" classname="proportions" name="MAP_Prior_row_is_lower_or_equal_than_upper_bound_thresholds"/>
    <testcase time="0.00399999999999956" classname="proportions" name="MAP_Prior_ESS_is_lower_or_equal_than_upper_bound_thresholds"/>
    <testcase time="0.00500000000000078" classname="proportions" name="RMAP_Prior_Row_is_identical_in_both_MAP_Prior_as_well_as_Robust_MAP_Prior_Table"/>
    <testcase time="0.00499999999999901" classname="proportions" name="NTA_Table_is_lower_or_equal_than_lower_bound_thresholds"/>
    <testcase time="0.00400000000000134" classname="proportions" name="NTA_Table_ESS_is_lower_or_equal_than_lower_bound_thresholds"/>
    <testcase time="0.00399999999999956" classname="proportions" name="NA_values_are_in_the_same_positions_in_both_data_frames"/>
    <testcase time="0.00499999999999901" classname="proportions" name="NTA_Table_is_lower_or_equal_than_upper_bound_thresholds"/>
    <testcase time="0.00400000000000134" classname="proportions" name="NTA_Table_ESS_is_lower_or_equal_than_upper_bound_thresholds"/>
    <testcase time="0.00399999999999956" classname="proportions" name="NA_values_are_in_the_same_positions_in_both_data_frames"/>
    <testcase time="0.00399999999999956" classname="proportions" name="Robust_MAP_Prior_Row_is_identical_in_both_Robust_MAP_Prior_as_well_as_NTA_Table"/>
    <testcase time="3.27" classname="proportions" name="MAP_Prior_row_is_lower_or_equal_than_lower_bound_thresholds"/>
    <testcase time="0.00499999999999901" classname="proportions" name="MAP_Prior_ESS_is_lower_or_equal_than_lower_bound_thresholds"/>
    <testcase time="0.00499999999999901" classname="proportions" name="MAP_Prior_row_is_lower_or_equal_than_upper_bound_thresholds"/>
    <testcase time="0.00500000000000256" classname="proportions" name="MAP_Prior_ESS_is_lower_or_equal_than_upper_bound_thresholds"/>
    <testcase time="0.00499999999999901" classname="proportions" name="RMAP_Prior_Row_is_identical_in_both_MAP_Prior_as_well_as_Robust_MAP_Prior_Table"/>
    <testcase time="0.00499999999999901" classname="proportions" name="NTA_Table_is_lower_or_equal_than_lower_bound_thresholds"/>
    <testcase time="0.00499999999999901" classname="proportions" name="NTA_Table_ESS_is_lower_or_equal_than_lower_bound_thresholds"/>
    <testcase time="0.00700000000000145" classname="proportions" name="NA_values_are_in_the_same_positions_in_both_data_frames"/>
    <testcase time="0.00499999999999901" classname="proportions" name="NTA_Table_is_lower_or_equal_than_upper_bound_thresholds"/>
    <testcase time="0.00400000000000134" classname="proportions" name="NTA_Table_ESS_is_lower_or_equal_than_upper_bound_thresholds"/>
    <testcase time="0.00399999999999778" classname="proportions" name="NA_values_are_in_the_same_positions_in_both_data_frames"/>
    <testcase time="0.00500000000000256" classname="proportions" name="Robust_MAP_Prior_Row_is_identical_in_both_Robust_MAP_Prior_as_well_as_NTA_Table"/>
    <testcase time="3.365" classname="proportions" name="MAP_Prior_row_is_lower_or_equal_than_lower_bound_thresholds"/>
    <testcase time="0.00400000000000134" classname="proportions" name="MAP_Prior_ESS_is_lower_or_equal_than_lower_bound_thresholds"/>
    <testcase time="0.00600000000000023" classname="proportions" name="MAP_Prior_row_is_lower_or_equal_than_upper_bound_thresholds"/>
    <testcase time="0.00399999999999778" classname="proportions" name="MAP_Prior_ESS_is_lower_or_equal_than_upper_bound_thresholds"/>
    <testcase time="0.00500000000000256" classname="proportions" name="RMAP_Prior_Row_is_identical_in_both_MAP_Prior_as_well_as_Robust_MAP_Prior_Table"/>
    <testcase time="0.00499999999999901" classname="proportions" name="NTA_Table_is_lower_or_equal_than_lower_bound_thresholds"/>
    <testcase time="0.00499999999999901" classname="proportions" name="NTA_Table_ESS_is_lower_or_equal_than_lower_bound_thresholds"/>
    <testcase time="0.00300000000000011" classname="proportions" name="NA_values_are_in_the_same_positions_in_both_data_frames"/>
    <testcase time="0.00499999999999901" classname="proportions" name="NTA_Table_is_lower_or_equal_than_upper_bound_thresholds"/>
    <testcase time="0.00500000000000256" classname="proportions" name="NTA_Table_ESS_is_lower_or_equal_than_upper_bound_thresholds"/>
    <testcase time="0.00399999999999778" classname="proportions" name="NA_values_are_in_the_same_positions_in_both_data_frames"/>
    <testcase time="0.00400000000000134" classname="proportions" name="Robust_MAP_Prior_Row_is_identical_in_both_Robust_MAP_Prior_as_well_as_NTA_Table"/>
    <testcase time="3.27" classname="proportions" name="MAP_Prior_row_is_lower_or_equal_than_lower_bound_thresholds"/>
    <testcase time="0.00499999999999901" classname="proportions" name="MAP_Prior_ESS_is_lower_or_equal_than_lower_bound_thresholds"/>
    <testcase time="0.00500000000000256" classname="proportions" name="MAP_Prior_row_is_lower_or_equal_than_upper_bound_thresholds"/>
    <testcase time="0.00499999999999901" classname="proportions" name="MAP_Prior_ESS_is_lower_or_equal_than_upper_bound_thresholds"/>
    <testcase time="0.00400000000000134" classname="proportions" name="RMAP_Prior_Row_is_identical_in_both_MAP_Prior_as_well_as_Robust_MAP_Prior_Table"/>
    <testcase time="0.00600000000000023" classname="proportions" name="NTA_Table_is_lower_or_equal_than_lower_bound_thresholds"/>
    <testcase time="0.00399999999999778" classname="proportions" name="NTA_Table_ESS_is_lower_or_equal_than_lower_bound_thresholds"/>
    <testcase time="0.00300000000000011" classname="proportions" name="NA_values_are_in_the_same_positions_in_both_data_frames"/>
    <testcase time="0.00900000000000034" classname="proportions" name="NTA_Table_is_lower_or_equal_than_upper_bound_thresholds"/>
    <testcase time="0.00499999999999901" classname="proportions" name="NTA_Table_ESS_is_lower_or_equal_than_upper_bound_thresholds"/>
    <testcase time="0.00400000000000134" classname="proportions" name="NA_values_are_in_the_same_positions_in_both_data_frames"/>
    <testcase time="0.00399999999999778" classname="proportions" name="Robust_MAP_Prior_Row_is_identical_in_both_Robust_MAP_Prior_as_well_as_NTA_Table"/>
    <testcase time="4.73" classname="proportions" name="MAP_Prior_row_is_lower_or_equal_than_lower_bound_thresholds"/>
    <testcase time="0.00499999999999901" classname="proportions" name="MAP_Prior_ESS_is_lower_or_equal_than_lower_bound_thresholds"/>
    <testcase time="0.00500000000000256" classname="proportions" name="MAP_Prior_row_is_lower_or_equal_than_upper_bound_thresholds"/>
    <testcase time="0.00499999999999901" classname="proportions" name="MAP_Prior_ESS_is_lower_or_equal_than_upper_bound_thresholds"/>
    <testcase time="0.00499999999999901" classname="proportions" name="RMAP_Prior_Row_is_identical_in_both_MAP_Prior_as_well_as_Robust_MAP_Prior_Table"/>
    <testcase time="0.00500000000000256" classname="proportions" name="NTA_Table_is_lower_or_equal_than_lower_bound_thresholds"/>
    <testcase time="0.00499999999999901" classname="proportions" name="NTA_Table_ESS_is_lower_or_equal_than_lower_bound_thresholds"/>
    <testcase time="0.00399999999999778" classname="proportions" name="NA_values_are_in_the_same_positions_in_both_data_frames"/>
    <testcase time="0.00500000000000256" classname="proportions" name="NTA_Table_is_lower_or_equal_than_upper_bound_thresholds"/>
    <testcase time="0.00499999999999901" classname="proportions" name="NTA_Table_ESS_is_lower_or_equal_than_upper_bound_thresholds"/>
    <testcase time="0.00400000000000134" classname="proportions" name="NA_values_are_in_the_same_positions_in_both_data_frames"/>
    <testcase time="0.00499999999999901" classname="proportions" name="Robust_MAP_Prior_Row_is_identical_in_both_Robust_MAP_Prior_as_well_as_NTA_Table"/>
    <testcase time="2.737" classname="proportions" name="MAP_Prior_row_is_lower_or_equal_than_lower_bound_thresholds"/>
    <testcase time="0.00499999999999545" classname="proportions" name="MAP_Prior_ESS_is_lower_or_equal_than_lower_bound_thresholds"/>
    <testcase time="0.00500000000000256" classname="proportions" name="MAP_Prior_row_is_lower_or_equal_than_upper_bound_thresholds"/>
    <testcase time="0.00500000000000256" classname="proportions" name="MAP_Prior_ESS_is_lower_or_equal_than_upper_bound_thresholds"/>
    <testcase time="0.00499999999999545" classname="proportions" name="RMAP_Prior_Row_is_identical_in_both_MAP_Prior_as_well_as_Robust_MAP_Prior_Table"/>
    <testcase time="0.00500000000000256" classname="proportions" name="NTA_Table_is_lower_or_equal_than_lower_bound_thresholds"/>
    <testcase time="0.00500000000000256" classname="proportions" name="NTA_Table_ESS_is_lower_or_equal_than_lower_bound_thresholds"/>
    <testcase time="0.00399999999999778" classname="proportions" name="NA_values_are_in_the_same_positions_in_both_data_frames"/>
    <testcase time="0.00499999999999545" classname="proportions" name="NTA_Table_is_lower_or_equal_than_upper_bound_thresholds"/>
    <testcase time="0.00500000000000256" classname="proportions" name="NTA_Table_ESS_is_lower_or_equal_than_upper_bound_thresholds"/>
    <testcase time="0.00399999999999778" classname="proportions" name="NA_values_are_in_the_same_positions_in_both_data_frames"/>
    <testcase time="0.00500000000000256" classname="proportions" name="Robust_MAP_Prior_Row_is_identical_in_both_Robust_MAP_Prior_as_well_as_NTA_Table"/>
    <testcase time="3.523" classname="proportions" name="MAP_Prior_row_is_lower_or_equal_than_lower_bound_thresholds"/>
    <testcase time="0.00499999999999545" classname="proportions" name="MAP_Prior_ESS_is_lower_or_equal_than_lower_bound_thresholds"/>
    <testcase time="0.00600000000000023" classname="proportions" name="MAP_Prior_row_is_lower_or_equal_than_upper_bound_thresholds"/>
    <testcase time="0.00400000000000489" classname="proportions" name="MAP_Prior_ESS_is_lower_or_equal_than_upper_bound_thresholds"/>
    <testcase time="0.00399999999999778" classname="proportions" name="RMAP_Prior_Row_is_identical_in_both_MAP_Prior_as_well_as_Robust_MAP_Prior_Table"/>
    <testcase time="0.00600000000000023" classname="proportions" name="NTA_Table_is_lower_or_equal_than_lower_bound_thresholds"/>
    <testcase time="0.00500000000000256" classname="proportions" name="NTA_Table_ESS_is_lower_or_equal_than_lower_bound_thresholds"/>
    <testcase time="0.00300000000000011" classname="proportions" name="NA_values_are_in_the_same_positions_in_both_data_frames"/>
    <testcase time="0.00600000000000023" classname="proportions" name="NTA_Table_is_lower_or_equal_than_upper_bound_thresholds"/>
    <testcase time="0.00399999999999778" classname="proportions" name="NTA_Table_ESS_is_lower_or_equal_than_upper_bound_thresholds"/>
    <testcase time="0.00399999999999778" classname="proportions" name="NA_values_are_in_the_same_positions_in_both_data_frames"/>
    <testcase time="0.00500000000000256" classname="proportions" name="Robust_MAP_Prior_Row_is_identical_in_both_Robust_MAP_Prior_as_well_as_NTA_Table"/>
    <testcase time="3.871" classname="proportions" name="MAP_Prior_row_is_lower_or_equal_than_lower_bound_thresholds"/>
    <testcase time="0.00499999999999545" classname="proportions" name="MAP_Prior_ESS_is_lower_or_equal_than_lower_bound_thresholds"/>
    <testcase time="0.00500000000000256" classname="proportions" name="MAP_Prior_row_is_lower_or_equal_than_upper_bound_thresholds"/>
    <testcase time="0.00500000000000256" classname="proportions" name="MAP_Prior_ESS_is_lower_or_equal_than_upper_bound_thresholds"/>
    <testcase time="0.00499999999999545" classname="proportions" name="RMAP_Prior_Row_is_identical_in_both_MAP_Prior_as_well_as_Robust_MAP_Prior_Table"/>
    <testcase time="0.00500000000000256" classname="proportions" name="NTA_Table_is_lower_or_equal_than_lower_bound_thresholds"/>
    <testcase time="0.00500000000000256" classname="proportions" name="NTA_Table_ESS_is_lower_or_equal_than_lower_bound_thresholds"/>
    <testcase time="0.00399999999999778" classname="proportions" name="NA_values_are_in_the_same_positions_in_both_data_frames"/>
    <testcase time="0.00500000000000256" classname="proportions" name="NTA_Table_is_lower_or_equal_than_upper_bound_thresholds"/>
    <testcase time="0.00499999999999545" classname="proportions" name="NTA_Table_ESS_is_lower_or_equal_than_upper_bound_thresholds"/>
    <testcase time="0.00300000000000011" classname="proportions" name="NA_values_are_in_the_same_positions_in_both_data_frames"/>
    <testcase time="0.00600000000000023" classname="proportions" name="Robust_MAP_Prior_Row_is_identical_in_both_Robust_MAP_Prior_as_well_as_NTA_Table"/>
    <testcase time="3.372" classname="proportions" name="proportions_work_as_expected"/>
    <testcase time="0.0630000000000024" classname="proportions" name="proportions_work_as_expected"/>
    <testcase time="0.0399999999999991" classname="proportions" name="MAP_Prior_row_is_lower_or_equal_than_lower_bound_thresholds"/>
    <testcase time="0.00600000000000023" classname="proportions" name="MAP_Prior_ESS_is_lower_or_equal_than_lower_bound_thresholds"/>
    <testcase time="0.00500000000000256" classname="proportions" name="MAP_Prior_row_is_lower_or_equal_than_upper_bound_thresholds"/>
    <testcase time="0.00499999999999545" classname="proportions" name="MAP_Prior_ESS_is_lower_or_equal_than_upper_bound_thresholds"/>
    <testcase time="0.00500000000000256" classname="proportions" name="RMAP_Prior_Row_is_identical_in_both_MAP_Prior_as_well_as_Robust_MAP_Prior_Table"/>
    <testcase time="0.00900000000000034" classname="proportions" name="NTA_Table_is_lower_or_equal_than_lower_bound_thresholds"/>
    <testcase time="0.00499999999999545" classname="proportions" name="NTA_Table_ESS_is_lower_or_equal_than_lower_bound_thresholds"/>
    <testcase time="0.00400000000000489" classname="proportions" name="NA_values_are_in_the_same_positions_in_both_data_frames"/>
    <testcase time="0.00499999999999545" classname="proportions" name="NTA_Table_is_lower_or_equal_than_upper_bound_thresholds"/>
    <testcase time="0.00500000000000256" classname="proportions" name="NTA_Table_ESS_is_lower_or_equal_than_upper_bound_thresholds"/>
    <testcase time="0.00399999999999778" classname="proportions" name="NA_values_are_in_the_same_positions_in_both_data_frames"/>
    <testcase time="0.00500000000000256" classname="proportions" name="Robust_MAP_Prior_Row_is_identical_in_both_Robust_MAP_Prior_as_well_as_NTA_Table"/>
    <testcase time="2.604" classname="proportions" name="MAP_Prior_row_is_lower_or_equal_than_lower_bound_thresholds"/>
    <testcase time="0.00500000000000256" classname="proportions" name="MAP_Prior_ESS_is_lower_or_equal_than_lower_bound_thresholds"/>
    <testcase time="0.00600000000000023" classname="proportions" name="MAP_Prior_row_is_lower_or_equal_than_upper_bound_thresholds"/>
    <testcase time="0.00499999999999545" classname="proportions" name="MAP_Prior_ESS_is_lower_or_equal_than_upper_bound_thresholds"/>
    <testcase time="0.00500000000000256" classname="proportions" name="RMAP_Prior_Row_is_identical_in_both_MAP_Prior_as_well_as_Robust_MAP_Prior_Table"/>
    <testcase time="0.00500000000000256" classname="proportions" name="NTA_Table_is_lower_or_equal_than_lower_bound_thresholds"/>
    <testcase time="0.00499999999999545" classname="proportions" name="NTA_Table_ESS_is_lower_or_equal_than_lower_bound_thresholds"/>
    <testcase time="0.00400000000000489" classname="proportions" name="NA_values_are_in_the_same_positions_in_both_data_frames"/>
    <testcase time="0.00600000000000023" classname="proportions" name="NTA_Table_is_lower_or_equal_than_upper_bound_thresholds"/>
    <testcase time="0.00399999999999778" classname="proportions" name="NTA_Table_ESS_is_lower_or_equal_than_upper_bound_thresholds"/>
    <testcase time="0.00399999999999778" classname="proportions" name="NA_values_are_in_the_same_positions_in_both_data_frames"/>
    <testcase time="0.00500000000000256" classname="proportions" name="Robust_MAP_Prior_Row_is_identical_in_both_Robust_MAP_Prior_as_well_as_NTA_Table"/>
    <testcase time="2.564" classname="proportions" name="proportions_work_as_expected"/>
    <testcase time="0.0600000000000023" classname="proportions" name="proportions_work_as_expected"/>
    <testcase time="0.036999999999999" classname="proportions" name="MAP_Prior_row_is_lower_or_equal_than_lower_bound_thresholds"/>
    <testcase time="0.00500000000000256" classname="proportions" name="MAP_Prior_ESS_is_lower_or_equal_than_lower_bound_thresholds"/>
    <testcase time="0.00600000000000023" classname="proportions" name="MAP_Prior_row_is_lower_or_equal_than_upper_bound_thresholds"/>
    <testcase time="0.00499999999999545" classname="proportions" name="MAP_Prior_ESS_is_lower_or_equal_than_upper_bound_thresholds"/>
    <testcase time="0.00600000000000023" classname="proportions" name="RMAP_Prior_Row_is_identical_in_both_MAP_Prior_as_well_as_Robust_MAP_Prior_Table"/>
    <testcase time="0.00500000000000256" classname="proportions" name="NTA_Table_is_lower_or_equal_than_lower_bound_thresholds"/>
    <testcase time="0.00499999999999545" classname="proportions" name="NTA_Table_ESS_is_lower_or_equal_than_lower_bound_thresholds"/>
    <testcase time="0.00400000000000489" classname="proportions" name="NA_values_are_in_the_same_positions_in_both_data_frames"/>
    <testcase time="0.00999999999999801" classname="proportions" name="NTA_Table_is_lower_or_equal_than_upper_bound_thresholds"/>
    <testcase time="0.00500000000000256" classname="proportions" name="NTA_Table_ESS_is_lower_or_equal_than_upper_bound_thresholds"/>
    <testcase time="0.00399999999999778" classname="proportions" name="NA_values_are_in_the_same_positions_in_both_data_frames"/>
    <testcase time="0.00500000000000256" classname="proportions" name="Robust_MAP_Prior_Row_is_identical_in_both_Robust_MAP_Prior_as_well_as_NTA_Table"/>
    <testcase time="0.00300000000000011" classname="proportions" name="proportions_work_as_expected">
      <skipped message="Reason: empty test ('test-proportions.R:2:1')"/>
    </testcase>
  </testsuite>
  <testsuite name="rates" timestamp="2024-08-08T19:48:29Z" hostname="e7f7b2d705ea" tests="161" skipped="1" failures="0" errors="0" time="41.329">
    <testcase time="4.92599999999999" classname="rates" name="MAP_Prior_row_is_lower_or_equal_than_lower_bound_thresholds"/>
    <testcase time="0.00500000000000256" classname="rates" name="MAP_Prior_ESS_is_lower_or_equal_than_lower_bound_thresholds"/>
    <testcase time="0.00399999999999778" classname="rates" name="NA_values_are_in_the_same_positions_in_both_data_frames"/>
    <testcase time="0.00500000000000256" classname="rates" name="MAP_Prior_row_is_lower_or_equal_than_upper_bound_thresholds"/>
    <testcase time="0.00399999999999778" classname="rates" name="MAP_Prior_ESS_is_lower_or_equal_than_upper_bound_thresholds"/>
    <testcase time="0.00400000000000489" classname="rates" name="NA_values_are_in_the_same_positions_in_both_data_frames"/>
    <testcase time="0.00399999999999778" classname="rates" name="MAP_Prior_Row_is_identical_in_both_MAP_Prior_as_well_as_Robust_MAP_Prior_Table"/>
    <testcase time="0.00399999999999778" classname="rates" name="NA_values_are_in_the_same_positions_in_both_data_frames"/>
    <testcase time="0.00500000000000256" classname="rates" name="NTA_Table_is_lower_or_equal_than_lower_bound_thresholds"/>
    <testcase time="0.00499999999999545" classname="rates" name="NTA_Table_ESS_is_lower_or_equal_than_lower_bound_thresholds"/>
    <testcase time="0.00300000000000011" classname="rates" name="NA_values_are_in_the_same_positions_in_both_data_frames"/>
    <testcase time="0.00500000000000256" classname="rates" name="NTA_Table_is_lower_or_equal_than_upper_bound_thresholds"/>
    <testcase time="0.00500000000000256" classname="rates" name="NTA_Table_ESS_is_lower_or_equal_than_upper_bound_thresholds"/>
    <testcase time="0.00300000000000011" classname="rates" name="NA_values_are_in_the_same_positions_in_both_data_frames"/>
    <testcase time="0.00499999999999545" classname="rates" name="Robust_MAP_Prior_Row_is_identical_in_both_Robust_MAP_Prior_as_well_as_NTA_Table"/>
    <testcase time="0.00400000000000489" classname="rates" name="NA_values_are_in_the_same_positions_in_both_data_frames"/>
    <testcase time="4.147" classname="rates" name="MAP_Prior_row_is_lower_or_equal_than_lower_bound_thresholds"/>
    <testcase time="0.00500000000000256" classname="rates" name="MAP_Prior_ESS_is_lower_or_equal_than_lower_bound_thresholds"/>
    <testcase time="0.00299999999999301" classname="rates" name="NA_values_are_in_the_same_positions_in_both_data_frames"/>
    <testcase time="0.00600000000000023" classname="rates" name="MAP_Prior_row_is_lower_or_equal_than_upper_bound_thresholds"/>
    <testcase time="0.00400000000000489" classname="rates" name="MAP_Prior_ESS_is_lower_or_equal_than_upper_bound_thresholds"/>
    <testcase time="0.00399999999999778" classname="rates" name="NA_values_are_in_the_same_positions_in_both_data_frames"/>
    <testcase time="0.00500000000000256" classname="rates" name="MAP_Prior_Row_is_identical_in_both_MAP_Prior_as_well_as_Robust_MAP_Prior_Table"/>
    <testcase time="0.00300000000000011" classname="rates" name="NA_values_are_in_the_same_positions_in_both_data_frames"/>
    <testcase time="0.00499999999999545" classname="rates" name="NTA_Table_is_lower_or_equal_than_lower_bound_thresholds"/>
    <testcase time="0.00500000000000256" classname="rates" name="NTA_Table_ESS_is_lower_or_equal_than_lower_bound_thresholds"/>
    <testcase time="0.00300000000000011" classname="rates" name="NA_values_are_in_the_same_positions_in_both_data_frames"/>
    <testcase time="0.00600000000000023" classname="rates" name="NTA_Table_is_lower_or_equal_than_upper_bound_thresholds"/>
    <testcase time="0.00399999999999778" classname="rates" name="NTA_Table_ESS_is_lower_or_equal_than_upper_bound_thresholds"/>
    <testcase time="0.00400000000000489" classname="rates" name="NA_values_are_in_the_same_positions_in_both_data_frames"/>
    <testcase time="0.00499999999999545" classname="rates" name="Robust_MAP_Prior_Row_is_identical_in_both_Robust_MAP_Prior_as_well_as_NTA_Table"/>
    <testcase time="0.00300000000000011" classname="rates" name="NA_values_are_in_the_same_positions_in_both_data_frames"/>
    <testcase time="3.459" classname="rates" name="MAP_Prior_row_is_lower_or_equal_than_lower_bound_thresholds"/>
    <testcase time="0.00600000000000023" classname="rates" name="MAP_Prior_ESS_is_lower_or_equal_than_lower_bound_thresholds"/>
    <testcase time="0.00300000000000011" classname="rates" name="NA_values_are_in_the_same_positions_in_both_data_frames"/>
    <testcase time="0.00600000000000023" classname="rates" name="MAP_Prior_row_is_lower_or_equal_than_upper_bound_thresholds"/>
    <testcase time="0.00499999999999545" classname="rates" name="MAP_Prior_ESS_is_lower_or_equal_than_upper_bound_thresholds"/>
    <testcase time="0.00300000000000011" classname="rates" name="NA_values_are_in_the_same_positions_in_both_data_frames"/>
    <testcase time="0.00500000000000256" classname="rates" name="MAP_Prior_Row_is_identical_in_both_MAP_Prior_as_well_as_Robust_MAP_Prior_Table"/>
    <testcase time="0.00399999999999778" classname="rates" name="NA_values_are_in_the_same_positions_in_both_data_frames"/>
    <testcase time="0.00500000000000256" classname="rates" name="NTA_Table_is_lower_or_equal_than_lower_bound_thresholds"/>
    <testcase time="0.00500000000000256" classname="rates" name="NTA_Table_ESS_is_lower_or_equal_than_lower_bound_thresholds"/>
    <testcase time="0.00300000000000011" classname="rates" name="NA_values_are_in_the_same_positions_in_both_data_frames"/>
    <testcase time="0.00499999999999545" classname="rates" name="NTA_Table_is_lower_or_equal_than_upper_bound_thresholds"/>
    <testcase time="0.00500000000000256" classname="rates" name="NTA_Table_ESS_is_lower_or_equal_than_upper_bound_thresholds"/>
    <testcase time="0.00300000000000011" classname="rates" name="NA_values_are_in_the_same_positions_in_both_data_frames"/>
    <testcase time="0.00500000000000256" classname="rates" name="Robust_MAP_Prior_Row_is_identical_in_both_Robust_MAP_Prior_as_well_as_NTA_Table"/>
    <testcase time="0.00399999999999778" classname="rates" name="NA_values_are_in_the_same_positions_in_both_data_frames"/>
    <testcase time="4.331" classname="rates" name="MAP_Prior_row_is_lower_or_equal_than_lower_bound_thresholds"/>
    <testcase time="0.00500000000000966" classname="rates" name="MAP_Prior_ESS_is_lower_or_equal_than_lower_bound_thresholds"/>
    <testcase time="0.00399999999999068" classname="rates" name="NA_values_are_in_the_same_positions_in_both_data_frames"/>
    <testcase time="0.00500000000000966" classname="rates" name="MAP_Prior_row_is_lower_or_equal_than_upper_bound_thresholds"/>
    <testcase time="0.00499999999999545" classname="rates" name="MAP_Prior_ESS_is_lower_or_equal_than_upper_bound_thresholds"/>
    <testcase time="0.00400000000000489" classname="rates" name="NA_values_are_in_the_same_positions_in_both_data_frames"/>
    <testcase time="0.00699999999999079" classname="rates" name="MAP_Prior_Row_is_identical_in_both_MAP_Prior_as_well_as_Robust_MAP_Prior_Table"/>
    <testcase time="0.00400000000000489" classname="rates" name="NA_values_are_in_the_same_positions_in_both_data_frames"/>
    <testcase time="0.00499999999999545" classname="rates" name="NTA_Table_is_lower_or_equal_than_lower_bound_thresholds"/>
    <testcase time="0.00500000000000966" classname="rates" name="NTA_Table_ESS_is_lower_or_equal_than_lower_bound_thresholds"/>
    <testcase time="0.00399999999999068" classname="rates" name="NA_values_are_in_the_same_positions_in_both_data_frames"/>
    <testcase time="0.00500000000000966" classname="rates" name="NTA_Table_is_lower_or_equal_than_upper_bound_thresholds"/>
    <testcase time="0.00499999999999545" classname="rates" name="NTA_Table_ESS_is_lower_or_equal_than_upper_bound_thresholds"/>
    <testcase time="0.00399999999999068" classname="rates" name="NA_values_are_in_the_same_positions_in_both_data_frames"/>
    <testcase time="0.00500000000000966" classname="rates" name="Robust_MAP_Prior_Row_is_identical_in_both_Robust_MAP_Prior_as_well_as_NTA_Table"/>
    <testcase time="0.00300000000000011" classname="rates" name="NA_values_are_in_the_same_positions_in_both_data_frames"/>
    <testcase time="3.158" classname="rates" name="MAP_Prior_row_is_lower_or_equal_than_lower_bound_thresholds"/>
    <testcase time="0.00499999999999545" classname="rates" name="MAP_Prior_ESS_is_lower_or_equal_than_lower_bound_thresholds"/>
    <testcase time="0.00400000000000489" classname="rates" name="NA_values_are_in_the_same_positions_in_both_data_frames"/>
    <testcase time="0.00600000000000023" classname="rates" name="MAP_Prior_row_is_lower_or_equal_than_upper_bound_thresholds"/>
    <testcase time="0.00399999999999068" classname="rates" name="MAP_Prior_ESS_is_lower_or_equal_than_upper_bound_thresholds"/>
    <testcase time="0.00400000000000489" classname="rates" name="NA_values_are_in_the_same_positions_in_both_data_frames"/>
    <testcase time="0.00499999999999545" classname="rates" name="MAP_Prior_Row_is_identical_in_both_MAP_Prior_as_well_as_Robust_MAP_Prior_Table"/>
    <testcase time="0.00400000000000489" classname="rates" name="NA_values_are_in_the_same_positions_in_both_data_frames"/>
    <testcase time="0.00499999999999545" classname="rates" name="NTA_Table_is_lower_or_equal_than_lower_bound_thresholds"/>
    <testcase time="0.00500000000000966" classname="rates" name="NTA_Table_ESS_is_lower_or_equal_than_lower_bound_thresholds"/>
    <testcase time="0.00300000000000011" classname="rates" name="NA_values_are_in_the_same_positions_in_both_data_frames"/>
    <testcase time="0.00600000000000023" classname="rates" name="NTA_Table_is_lower_or_equal_than_upper_bound_thresholds"/>
    <testcase time="0.00399999999999068" classname="rates" name="NTA_Table_ESS_is_lower_or_equal_than_upper_bound_thresholds"/>
    <testcase time="0.00400000000000489" classname="rates" name="NA_values_are_in_the_same_positions_in_both_data_frames"/>
    <testcase time="0.00499999999999545" classname="rates" name="Robust_MAP_Prior_Row_is_identical_in_both_Robust_MAP_Prior_as_well_as_NTA_Table"/>
    <testcase time="0.00400000000000489" classname="rates" name="NA_values_are_in_the_same_positions_in_both_data_frames"/>
    <testcase time="5.264" classname="rates" name="MAP_Prior_row_is_lower_or_equal_than_lower_bound_thresholds"/>
    <testcase time="0.00499999999999545" classname="rates" name="MAP_Prior_ESS_is_lower_or_equal_than_lower_bound_thresholds"/>
    <testcase time="0.00400000000000489" classname="rates" name="NA_values_are_in_the_same_positions_in_both_data_frames"/>
    <testcase time="0.00600000000000023" classname="rates" name="MAP_Prior_row_is_lower_or_equal_than_upper_bound_thresholds"/>
    <testcase time="0.00499999999999545" classname="rates" name="MAP_Prior_ESS_is_lower_or_equal_than_upper_bound_thresholds"/>
    <testcase time="0.00400000000000489" classname="rates" name="NA_values_are_in_the_same_positions_in_both_data_frames"/>
    <testcase time="0.00499999999999545" classname="rates" name="MAP_Prior_Row_is_identical_in_both_MAP_Prior_as_well_as_Robust_MAP_Prior_Table"/>
    <testcase time="0.00400000000000489" classname="rates" name="NA_values_are_in_the_same_positions_in_both_data_frames"/>
    <testcase time="0.00499999999999545" classname="rates" name="NTA_Table_is_lower_or_equal_than_lower_bound_thresholds"/>
    <testcase time="0.00500000000000966" classname="rates" name="NTA_Table_ESS_is_lower_or_equal_than_lower_bound_thresholds"/>
    <testcase time="0.00399999999999068" classname="rates" name="NA_values_are_in_the_same_positions_in_both_data_frames"/>
    <testcase time="0.00500000000000966" classname="rates" name="NTA_Table_is_lower_or_equal_than_upper_bound_thresholds"/>
    <testcase time="0.00499999999999545" classname="rates" name="NTA_Table_ESS_is_lower_or_equal_than_upper_bound_thresholds"/>
    <testcase time="0.00400000000000489" classname="rates" name="NA_values_are_in_the_same_positions_in_both_data_frames"/>
    <testcase time="0.00499999999999545" classname="rates" name="Robust_MAP_Prior_Row_is_identical_in_both_Robust_MAP_Prior_as_well_as_NTA_Table"/>
    <testcase time="0.00400000000000489" classname="rates" name="NA_values_are_in_the_same_positions_in_both_data_frames"/>
    <testcase time="4.47199999999999" classname="rates" name="MAP_Prior_row_is_lower_or_equal_than_lower_bound_thresholds"/>
    <testcase time="0.00499999999999545" classname="rates" name="MAP_Prior_ESS_is_lower_or_equal_than_lower_bound_thresholds"/>
    <testcase time="0.00400000000000489" classname="rates" name="NA_values_are_in_the_same_positions_in_both_data_frames"/>
    <testcase time="0.00499999999999545" classname="rates" name="MAP_Prior_row_is_lower_or_equal_than_upper_bound_thresholds"/>
    <testcase time="0.00500000000000966" classname="rates" name="MAP_Prior_ESS_is_lower_or_equal_than_upper_bound_thresholds"/>
    <testcase time="0.00399999999999068" classname="rates" name="NA_values_are_in_the_same_positions_in_both_data_frames"/>
    <testcase time="0.00500000000000966" classname="rates" name="MAP_Prior_Row_is_identical_in_both_MAP_Prior_as_well_as_Robust_MAP_Prior_Table"/>
    <testcase time="0.00399999999999068" classname="rates" name="NA_values_are_in_the_same_positions_in_both_data_frames"/>
    <testcase time="0.00500000000000966" classname="rates" name="NTA_Table_is_lower_or_equal_than_lower_bound_thresholds"/>
    <testcase time="0.00499999999999545" classname="rates" name="NTA_Table_ESS_is_lower_or_equal_than_lower_bound_thresholds"/>
    <testcase time="0.00400000000000489" classname="rates" name="NA_values_are_in_the_same_positions_in_both_data_frames"/>
    <testcase time="0.00499999999999545" classname="rates" name="NTA_Table_is_lower_or_equal_than_upper_bound_thresholds"/>
    <testcase time="0.00499999999999545" classname="rates" name="NTA_Table_ESS_is_lower_or_equal_than_upper_bound_thresholds"/>
    <testcase time="0.00400000000000489" classname="rates" name="NA_values_are_in_the_same_positions_in_both_data_frames"/>
    <testcase time="0.00499999999999545" classname="rates" name="Robust_MAP_Prior_Row_is_identical_in_both_Robust_MAP_Prior_as_well_as_NTA_Table"/>
    <testcase time="0.00400000000000489" classname="rates" name="NA_values_are_in_the_same_positions_in_both_data_frames"/>
    <testcase time="4.875" classname="rates" name="MAP_Prior_row_is_lower_or_equal_than_lower_bound_thresholds"/>
    <testcase time="0.00499999999999545" classname="rates" name="MAP_Prior_ESS_is_lower_or_equal_than_lower_bound_thresholds"/>
    <testcase time="0.00400000000000489" classname="rates" name="NA_values_are_in_the_same_positions_in_both_data_frames"/>
    <testcase time="0.00600000000000023" classname="rates" name="MAP_Prior_row_is_lower_or_equal_than_upper_bound_thresholds"/>
    <testcase time="0.00499999999999545" classname="rates" name="MAP_Prior_ESS_is_lower_or_equal_than_upper_bound_thresholds"/>
    <testcase time="0.00300000000000011" classname="rates" name="NA_values_are_in_the_same_positions_in_both_data_frames"/>
    <testcase time="0.00499999999999545" classname="rates" name="MAP_Prior_Row_is_identical_in_both_MAP_Prior_as_well_as_Robust_MAP_Prior_Table"/>
    <testcase time="0.00300000000000011" classname="rates" name="NA_values_are_in_the_same_positions_in_both_data_frames"/>
    <testcase time="0.00600000000000023" classname="rates" name="NTA_Table_is_lower_or_equal_than_lower_bound_thresholds"/>
    <testcase time="0.00499999999999545" classname="rates" name="NTA_Table_ESS_is_lower_or_equal_than_lower_bound_thresholds"/>
    <testcase time="0.00400000000000489" classname="rates" name="NA_values_are_in_the_same_positions_in_both_data_frames"/>
    <testcase time="0.00499999999999545" classname="rates" name="NTA_Table_is_lower_or_equal_than_upper_bound_thresholds"/>
    <testcase time="0.00500000000000966" classname="rates" name="NTA_Table_ESS_is_lower_or_equal_than_upper_bound_thresholds"/>
    <testcase time="0.00399999999999068" classname="rates" name="NA_values_are_in_the_same_positions_in_both_data_frames"/>
    <testcase time="0.00500000000000966" classname="rates" name="Robust_MAP_Prior_Row_is_identical_in_both_Robust_MAP_Prior_as_well_as_NTA_Table"/>
    <testcase time="0.00399999999999068" classname="rates" name="NA_values_are_in_the_same_positions_in_both_data_frames"/>
    <testcase time="2.813" classname="rates" name="MAP_Prior_row_is_lower_or_equal_than_lower_bound_thresholds"/>
    <testcase time="0.00600000000000023" classname="rates" name="MAP_Prior_ESS_is_lower_or_equal_than_lower_bound_thresholds"/>
    <testcase time="0.00400000000000489" classname="rates" name="NA_values_are_in_the_same_positions_in_both_data_frames"/>
    <testcase time="0.00600000000000023" classname="rates" name="MAP_Prior_row_is_lower_or_equal_than_upper_bound_thresholds"/>
    <testcase time="0.00499999999999545" classname="rates" name="MAP_Prior_ESS_is_lower_or_equal_than_upper_bound_thresholds"/>
    <testcase time="0.00400000000000489" classname="rates" name="NA_values_are_in_the_same_positions_in_both_data_frames"/>
    <testcase time="0.00499999999999545" classname="rates" name="MAP_Prior_Row_is_identical_in_both_MAP_Prior_as_well_as_Robust_MAP_Prior_Table"/>
    <testcase time="0.00400000000000489" classname="rates" name="NA_values_are_in_the_same_positions_in_both_data_frames"/>
    <testcase time="0.00600000000000023" classname="rates" name="NTA_Table_is_lower_or_equal_than_lower_bound_thresholds"/>
    <testcase time="0.00499999999999545" classname="rates" name="NTA_Table_ESS_is_lower_or_equal_than_lower_bound_thresholds"/>
    <testcase time="0.00400000000000489" classname="rates" name="NA_values_are_in_the_same_positions_in_both_data_frames"/>
    <testcase time="0.00499999999999545" classname="rates" name="NTA_Table_is_lower_or_equal_than_upper_bound_thresholds"/>
    <testcase time="0.00900000000000034" classname="rates" name="NTA_Table_ESS_is_lower_or_equal_than_upper_bound_thresholds"/>
    <testcase time="0.00400000000000489" classname="rates" name="NA_values_are_in_the_same_positions_in_both_data_frames"/>
    <testcase time="0.00499999999999545" classname="rates" name="Robust_MAP_Prior_Row_is_identical_in_both_Robust_MAP_Prior_as_well_as_NTA_Table"/>
    <testcase time="0.00400000000000489" classname="rates" name="NA_values_are_in_the_same_positions_in_both_data_frames"/>
    <testcase time="3.18899999999999" classname="rates" name="MAP_Prior_row_is_lower_or_equal_than_lower_bound_thresholds"/>
    <testcase time="0.00499999999999545" classname="rates" name="MAP_Prior_ESS_is_lower_or_equal_than_lower_bound_thresholds"/>
    <testcase time="0.00500000000000966" classname="rates" name="NA_values_are_in_the_same_positions_in_both_data_frames"/>
    <testcase time="0.00499999999999545" classname="rates" name="MAP_Prior_row_is_lower_or_equal_than_upper_bound_thresholds"/>
    <testcase time="0.00600000000000023" classname="rates" name="MAP_Prior_ESS_is_lower_or_equal_than_upper_bound_thresholds"/>
    <testcase time="0.00400000000000489" classname="rates" name="NA_values_are_in_the_same_positions_in_both_data_frames"/>
    <testcase time="0.00499999999999545" classname="rates" name="MAP_Prior_Row_is_identical_in_both_MAP_Prior_as_well_as_Robust_MAP_Prior_Table"/>
    <testcase time="0.00400000000000489" classname="rates" name="NA_values_are_in_the_same_positions_in_both_data_frames"/>
    <testcase time="0.00499999999999545" classname="rates" name="NTA_Table_is_lower_or_equal_than_lower_bound_thresholds"/>
    <testcase time="0.00499999999999545" classname="rates" name="NTA_Table_ESS_is_lower_or_equal_than_lower_bound_thresholds"/>
    <testcase time="0.00400000000000489" classname="rates" name="NA_values_are_in_the_same_positions_in_both_data_frames"/>
    <testcase time="0.00600000000000023" classname="rates" name="NTA_Table_is_lower_or_equal_than_upper_bound_thresholds"/>
    <testcase time="0.00499999999999545" classname="rates" name="NTA_Table_ESS_is_lower_or_equal_than_upper_bound_thresholds"/>
    <testcase time="0.00400000000000489" classname="rates" name="NA_values_are_in_the_same_positions_in_both_data_frames"/>
    <testcase time="0.00499999999999545" classname="rates" name="Robust_MAP_Prior_Row_is_identical_in_both_Robust_MAP_Prior_as_well_as_NTA_Table"/>
    <testcase time="0.00500000000000966" classname="rates" name="NA_values_are_in_the_same_positions_in_both_data_frames"/>
    <testcase time="0.00300000000000011" classname="rates" name="incidence_rates_work_as_expected">
      <skipped message="Reason: empty test ('test-rates.R:2:1')"/>
    </testcase>
  </testsuite>
</testsuites>
