<?xml version="1.0" encoding="UTF-8"?>
<testsuites>
  <testsuite name="plots" timestamp="2024-08-08T19:25:14Z" hostname="3809dadf66e0" tests="16" skipped="0" failures="0" errors="0" time="0.093">
    <testcase time="0.0139999999999993" classname="plots" name="forest_plot_work_as_expected_in_proportions"/>
    <testcase time="0.0180000000000007" classname="plots" name="rob_map_plot_work_as_expected_in_proportions"/>
    <testcase time="0.0129999999999999" classname="plots" name="param_mix_plot_work_as_expected_in_proportions"/>
    <testcase time="0.00399999999999956" classname="plots" name="_unnamed_"/>
    <testcase time="0.00300000000000011" classname="plots" name="decision_making_plots_work_as_expected_in_proportions"/>
    <testcase time="0.00300000000000011" classname="plots" name="decision_making_plots_work_as_expected_in_proportions"/>
    <testcase time="0.00799999999999912" classname="plots" name="decision_making_plots_work_as_expected_in_proportions"/>
    <testcase time="0.00300000000000011" classname="plots" name="decision_making_plots_work_as_expected_in_proportions"/>
    <testcase time="0.00300000000000011" classname="plots" name="decision_making_plots_work_as_expected_in_proportions"/>
    <testcase time="0.00399999999999956" classname="plots" name="rob_map_plot_work_as_expected_in_proportions"/>
    <testcase time="0.00500000000000078" classname="plots" name="param_mix_plot_work_as_expected_in_proportions"/>
    <testcase time="0.00399999999999956" classname="plots" name="_unnamed_"/>
    <testcase time="0.00300000000000011" classname="plots" name="decision_making_plots_work_as_expected_in_proportions"/>
    <testcase time="0.00200000000000067" classname="plots" name="decision_making_plots_work_as_expected_in_proportions"/>
    <testcase time="0.00300000000000011" classname="plots" name="decision_making_plots_work_as_expected_in_proportions"/>
    <testcase time="0.00300000000000011" classname="plots" name="decision_making_plots_work_as_expected_in_proportions"/>
  </testsuite>
  <testsuite name="proportions" timestamp="2024-08-08T19:25:14Z" hostname="3809dadf66e0" tests="140" skipped="1" failures="0" errors="0" time="37.612">
    <testcase time="2.831" classname="proportions" name="proportions_work_as_expected"/>
    <testcase time="0.00499999999999901" classname="proportions" name="proportions_work_as_expected"/>
    <testcase time="0.198" classname="proportions" name="proportions_work_as_expected"/>
    <testcase time="0.513" classname="proportions" name="MAP_Prior_row_is_lower_or_equal_than_lower_bound_thresholds"/>
    <testcase time="0.00500000000000078" classname="proportions" name="MAP_Prior_ESS_is_lower_or_equal_than_lower_bound_thresholds"/>
    <testcase time="0.00499999999999901" classname="proportions" name="MAP_Prior_row_is_lower_or_equal_than_upper_bound_thresholds"/>
    <testcase time="0.00400000000000134" classname="proportions" name="MAP_Prior_ESS_is_lower_or_equal_than_upper_bound_thresholds"/>
    <testcase time="0.00499999999999901" classname="proportions" name="RMAP_Prior_Row_is_identical_in_both_MAP_Prior_as_well_as_Robust_MAP_Prior_Table"/>
    <testcase time="0.00500000000000078" classname="proportions" name="NTA_Table_is_lower_or_equal_than_lower_bound_thresholds"/>
    <testcase time="0.00399999999999956" classname="proportions" name="NTA_Table_ESS_is_lower_or_equal_than_lower_bound_thresholds"/>
    <testcase time="0.00300000000000011" classname="proportions" name="NA_values_are_in_the_same_positions_in_both_data_frames"/>
    <testcase time="0.00500000000000078" classname="proportions" name="NTA_Table_is_lower_or_equal_than_upper_bound_thresholds"/>
    <testcase time="0.00499999999999901" classname="proportions" name="NTA_Table_ESS_is_lower_or_equal_than_upper_bound_thresholds"/>
    <testcase time="0.00300000000000011" classname="proportions" name="NA_values_are_in_the_same_positions_in_both_data_frames"/>
    <testcase time="0.00500000000000078" classname="proportions" name="Robust_MAP_Prior_Row_is_identical_in_both_Robust_MAP_Prior_as_well_as_NTA_Table"/>
    <testcase time="3.287" classname="proportions" name="MAP_Prior_row_is_lower_or_equal_than_lower_bound_thresholds"/>
    <testcase time="0.00400000000000134" classname="proportions" name="MAP_Prior_ESS_is_lower_or_equal_than_lower_bound_thresholds"/>
    <testcase time="0.00499999999999901" classname="proportions" name="MAP_Prior_row_is_lower_or_equal_than_upper_bound_thresholds"/>
    <testcase time="0.00600000000000023" classname="proportions" name="MAP_Prior_ESS_is_lower_or_equal_than_upper_bound_thresholds"/>
    <testcase time="0.00600000000000023" classname="proportions" name="RMAP_Prior_Row_is_identical_in_both_MAP_Prior_as_well_as_Robust_MAP_Prior_Table"/>
    <testcase time="0.00499999999999901" classname="proportions" name="NTA_Table_is_lower_or_equal_than_lower_bound_thresholds"/>
    <testcase time="0.00400000000000134" classname="proportions" name="NTA_Table_ESS_is_lower_or_equal_than_lower_bound_thresholds"/>
    <testcase time="0.00400000000000134" classname="proportions" name="NA_values_are_in_the_same_positions_in_both_data_frames"/>
    <testcase time="0.00499999999999901" classname="proportions" name="NTA_Table_is_lower_or_equal_than_upper_bound_thresholds"/>
    <testcase time="0.00499999999999901" classname="proportions" name="NTA_Table_ESS_is_lower_or_equal_than_upper_bound_thresholds"/>
    <testcase time="0.00300000000000011" classname="proportions" name="NA_values_are_in_the_same_positions_in_both_data_frames"/>
    <testcase time="0.00499999999999901" classname="proportions" name="Robust_MAP_Prior_Row_is_identical_in_both_Robust_MAP_Prior_as_well_as_NTA_Table"/>
    <testcase time="3.353" classname="proportions" name="MAP_Prior_row_is_lower_or_equal_than_lower_bound_thresholds"/>
    <testcase time="0.00400000000000134" classname="proportions" name="MAP_Prior_ESS_is_lower_or_equal_than_lower_bound_thresholds"/>
    <testcase time="0.00599999999999667" classname="proportions" name="MAP_Prior_row_is_lower_or_equal_than_upper_bound_thresholds"/>
    <testcase time="0.00400000000000134" classname="proportions" name="MAP_Prior_ESS_is_lower_or_equal_than_upper_bound_thresholds"/>
    <testcase time="0.00499999999999901" classname="proportions" name="RMAP_Prior_Row_is_identical_in_both_MAP_Prior_as_well_as_Robust_MAP_Prior_Table"/>
    <testcase time="0.00500000000000256" classname="proportions" name="NTA_Table_is_lower_or_equal_than_lower_bound_thresholds"/>
    <testcase time="0.00799999999999912" classname="proportions" name="NTA_Table_ESS_is_lower_or_equal_than_lower_bound_thresholds"/>
    <testcase time="0.00300000000000011" classname="proportions" name="NA_values_are_in_the_same_positions_in_both_data_frames"/>
    <testcase time="0.00600000000000023" classname="proportions" name="NTA_Table_is_lower_or_equal_than_upper_bound_thresholds"/>
    <testcase time="0.00399999999999778" classname="proportions" name="NTA_Table_ESS_is_lower_or_equal_than_upper_bound_thresholds"/>
    <testcase time="0.00400000000000134" classname="proportions" name="NA_values_are_in_the_same_positions_in_both_data_frames"/>
    <testcase time="0.00400000000000134" classname="proportions" name="Robust_MAP_Prior_Row_is_identical_in_both_Robust_MAP_Prior_as_well_as_NTA_Table"/>
    <testcase time="3.257" classname="proportions" name="MAP_Prior_row_is_lower_or_equal_than_lower_bound_thresholds"/>
    <testcase time="0.00500000000000256" classname="proportions" name="MAP_Prior_ESS_is_lower_or_equal_than_lower_bound_thresholds"/>
    <testcase time="0.00499999999999901" classname="proportions" name="MAP_Prior_row_is_lower_or_equal_than_upper_bound_thresholds"/>
    <testcase time="0.00399999999999778" classname="proportions" name="MAP_Prior_ESS_is_lower_or_equal_than_upper_bound_thresholds"/>
    <testcase time="0.00500000000000256" classname="proportions" name="RMAP_Prior_Row_is_identical_in_both_MAP_Prior_as_well_as_Robust_MAP_Prior_Table"/>
    <testcase time="0.00499999999999901" classname="proportions" name="NTA_Table_is_lower_or_equal_than_lower_bound_thresholds"/>
    <testcase time="0.00499999999999901" classname="proportions" name="NTA_Table_ESS_is_lower_or_equal_than_lower_bound_thresholds"/>
    <testcase time="0.00700000000000145" classname="proportions" name="NA_values_are_in_the_same_positions_in_both_data_frames"/>
    <testcase time="0.00499999999999901" classname="proportions" name="NTA_Table_is_lower_or_equal_than_upper_bound_thresholds"/>
    <testcase time="0.00499999999999901" classname="proportions" name="NTA_Table_ESS_is_lower_or_equal_than_upper_bound_thresholds"/>
    <testcase time="0.00300000000000011" classname="proportions" name="NA_values_are_in_the_same_positions_in_both_data_frames"/>
    <testcase time="0.00500000000000256" classname="proportions" name="Robust_MAP_Prior_Row_is_identical_in_both_Robust_MAP_Prior_as_well_as_NTA_Table"/>
    <testcase time="4.596" classname="proportions" name="MAP_Prior_row_is_lower_or_equal_than_lower_bound_thresholds"/>
    <testcase time="0.00499999999999901" classname="proportions" name="MAP_Prior_ESS_is_lower_or_equal_than_lower_bound_thresholds"/>
    <testcase time="0.00600000000000023" classname="proportions" name="MAP_Prior_row_is_lower_or_equal_than_upper_bound_thresholds"/>
    <testcase time="0.00499999999999901" classname="proportions" name="MAP_Prior_ESS_is_lower_or_equal_than_upper_bound_thresholds"/>
    <testcase time="0.00799999999999912" classname="proportions" name="RMAP_Prior_Row_is_identical_in_both_MAP_Prior_as_well_as_Robust_MAP_Prior_Table"/>
    <testcase time="0.00500000000000256" classname="proportions" name="NTA_Table_is_lower_or_equal_than_lower_bound_thresholds"/>
    <testcase time="0.00499999999999901" classname="proportions" name="NTA_Table_ESS_is_lower_or_equal_than_lower_bound_thresholds"/>
    <testcase time="0.00300000000000011" classname="proportions" name="NA_values_are_in_the_same_positions_in_both_data_frames"/>
    <testcase time="0.00499999999999901" classname="proportions" name="NTA_Table_is_lower_or_equal_than_upper_bound_thresholds"/>
    <testcase time="0.00500000000000256" classname="proportions" name="NTA_Table_ESS_is_lower_or_equal_than_upper_bound_thresholds"/>
    <testcase time="0.00399999999999778" classname="proportions" name="NA_values_are_in_the_same_positions_in_both_data_frames"/>
    <testcase time="0.00499999999999901" classname="proportions" name="Robust_MAP_Prior_Row_is_identical_in_both_Robust_MAP_Prior_as_well_as_NTA_Table"/>
    <testcase time="2.724" classname="proportions" name="MAP_Prior_row_is_lower_or_equal_than_lower_bound_thresholds"/>
    <testcase time="0.00499999999999545" classname="proportions" name="MAP_Prior_ESS_is_lower_or_equal_than_lower_bound_thresholds"/>
    <testcase time="0.00500000000000256" classname="proportions" name="MAP_Prior_row_is_lower_or_equal_than_upper_bound_thresholds"/>
    <testcase time="0.00500000000000256" classname="proportions" name="MAP_Prior_ESS_is_lower_or_equal_than_upper_bound_thresholds"/>
    <testcase time="0.00399999999999778" classname="proportions" name="RMAP_Prior_Row_is_identical_in_both_MAP_Prior_as_well_as_Robust_MAP_Prior_Table"/>
    <testcase time="0.00600000000000023" classname="proportions" name="NTA_Table_is_lower_or_equal_than_lower_bound_thresholds"/>
    <testcase time="0.00399999999999778" classname="proportions" name="NTA_Table_ESS_is_lower_or_equal_than_lower_bound_thresholds"/>
    <testcase time="0.00800000000000267" classname="proportions" name="NA_values_are_in_the_same_positions_in_both_data_frames"/>
    <testcase time="0.00499999999999545" classname="proportions" name="NTA_Table_is_lower_or_equal_than_upper_bound_thresholds"/>
    <testcase time="0.00500000000000256" classname="proportions" name="NTA_Table_ESS_is_lower_or_equal_than_upper_bound_thresholds"/>
    <testcase time="0.00300000000000011" classname="proportions" name="NA_values_are_in_the_same_positions_in_both_data_frames"/>
    <testcase time="0.00500000000000256" classname="proportions" name="Robust_MAP_Prior_Row_is_identical_in_both_Robust_MAP_Prior_as_well_as_NTA_Table"/>
    <testcase time="3.502" classname="proportions" name="MAP_Prior_row_is_lower_or_equal_than_lower_bound_thresholds"/>
    <testcase time="0.00500000000000256" classname="proportions" name="MAP_Prior_ESS_is_lower_or_equal_than_lower_bound_thresholds"/>
    <testcase time="0.00500000000000256" classname="proportions" name="MAP_Prior_row_is_lower_or_equal_than_upper_bound_thresholds"/>
    <testcase time="0.00399999999999778" classname="proportions" name="MAP_Prior_ESS_is_lower_or_equal_than_upper_bound_thresholds"/>
    <testcase time="0.00500000000000256" classname="proportions" name="RMAP_Prior_Row_is_identical_in_both_MAP_Prior_as_well_as_Robust_MAP_Prior_Table"/>
    <testcase time="0.00600000000000023" classname="proportions" name="NTA_Table_is_lower_or_equal_than_lower_bound_thresholds"/>
    <testcase time="0.00399999999999778" classname="proportions" name="NTA_Table_ESS_is_lower_or_equal_than_lower_bound_thresholds"/>
    <testcase time="0.00399999999999778" classname="proportions" name="NA_values_are_in_the_same_positions_in_both_data_frames"/>
    <testcase time="0.00600000000000023" classname="proportions" name="NTA_Table_is_lower_or_equal_than_upper_bound_thresholds"/>
    <testcase time="0.00400000000000489" classname="proportions" name="NTA_Table_ESS_is_lower_or_equal_than_upper_bound_thresholds"/>
    <testcase time="0.00399999999999778" classname="proportions" name="NA_values_are_in_the_same_positions_in_both_data_frames"/>
    <testcase time="0.00499999999999545" classname="proportions" name="Robust_MAP_Prior_Row_is_identical_in_both_Robust_MAP_Prior_as_well_as_NTA_Table"/>
    <testcase time="3.855" classname="proportions" name="MAP_Prior_row_is_lower_or_equal_than_lower_bound_thresholds"/>
    <testcase time="0.0069999999999979" classname="proportions" name="MAP_Prior_ESS_is_lower_or_equal_than_lower_bound_thresholds"/>
    <testcase time="0.007000000000005" classname="proportions" name="MAP_Prior_row_is_lower_or_equal_than_upper_bound_thresholds"/>
    <testcase time="0.00599999999999312" classname="proportions" name="MAP_Prior_ESS_is_lower_or_equal_than_upper_bound_thresholds"/>
    <testcase time="0.007000000000005" classname="proportions" name="RMAP_Prior_Row_is_identical_in_both_MAP_Prior_as_well_as_Robust_MAP_Prior_Table"/>
    <testcase time="0.0069999999999979" classname="proportions" name="NTA_Table_is_lower_or_equal_than_lower_bound_thresholds"/>
    <testcase time="0.0069999999999979" classname="proportions" name="NTA_Table_ESS_is_lower_or_equal_than_lower_bound_thresholds"/>
    <testcase time="0.00500000000000256" classname="proportions" name="NA_values_are_in_the_same_positions_in_both_data_frames"/>
    <testcase time="0.00600000000000023" classname="proportions" name="NTA_Table_is_lower_or_equal_than_upper_bound_thresholds"/>
    <testcase time="0.00399999999999778" classname="proportions" name="NTA_Table_ESS_is_lower_or_equal_than_upper_bound_thresholds"/>
    <testcase time="0.00400000000000489" classname="proportions" name="NA_values_are_in_the_same_positions_in_both_data_frames"/>
    <testcase time="0.00600000000000023" classname="proportions" name="Robust_MAP_Prior_Row_is_identical_in_both_Robust_MAP_Prior_as_well_as_NTA_Table"/>
    <testcase time="3.378" classname="proportions" name="proportions_work_as_expected"/>
    <testcase time="0.0649999999999977" classname="proportions" name="proportions_work_as_expected"/>
    <testcase time="0.0439999999999969" classname="proportions" name="MAP_Prior_row_is_lower_or_equal_than_lower_bound_thresholds"/>
    <testcase time="0.00500000000000256" classname="proportions" name="MAP_Prior_ESS_is_lower_or_equal_than_lower_bound_thresholds"/>
    <testcase time="0.00600000000000023" classname="proportions" name="MAP_Prior_row_is_lower_or_equal_than_upper_bound_thresholds"/>
    <testcase time="0.00399999999999778" classname="proportions" name="MAP_Prior_ESS_is_lower_or_equal_than_upper_bound_thresholds"/>
    <testcase time="0.00500000000000256" classname="proportions" name="RMAP_Prior_Row_is_identical_in_both_MAP_Prior_as_well_as_Robust_MAP_Prior_Table"/>
    <testcase time="0.00600000000000023" classname="proportions" name="NTA_Table_is_lower_or_equal_than_lower_bound_thresholds"/>
    <testcase time="0.00499999999999545" classname="proportions" name="NTA_Table_ESS_is_lower_or_equal_than_lower_bound_thresholds"/>
    <testcase time="0.00400000000000489" classname="proportions" name="NA_values_are_in_the_same_positions_in_both_data_frames"/>
    <testcase time="0.00499999999999545" classname="proportions" name="NTA_Table_is_lower_or_equal_than_upper_bound_thresholds"/>
    <testcase time="0.00500000000000256" classname="proportions" name="NTA_Table_ESS_is_lower_or_equal_than_upper_bound_thresholds"/>
    <testcase time="0.00399999999999778" classname="proportions" name="NA_values_are_in_the_same_positions_in_both_data_frames"/>
    <testcase time="0.00500000000000256" classname="proportions" name="Robust_MAP_Prior_Row_is_identical_in_both_Robust_MAP_Prior_as_well_as_NTA_Table"/>
    <testcase time="2.599" classname="proportions" name="MAP_Prior_row_is_lower_or_equal_than_lower_bound_thresholds"/>
    <testcase time="0.00899999999999324" classname="proportions" name="MAP_Prior_ESS_is_lower_or_equal_than_lower_bound_thresholds"/>
    <testcase time="0.00500000000000256" classname="proportions" name="MAP_Prior_row_is_lower_or_equal_than_upper_bound_thresholds"/>
    <testcase time="0.00500000000000256" classname="proportions" name="MAP_Prior_ESS_is_lower_or_equal_than_upper_bound_thresholds"/>
    <testcase time="0.00499999999999545" classname="proportions" name="RMAP_Prior_Row_is_identical_in_both_MAP_Prior_as_well_as_Robust_MAP_Prior_Table"/>
    <testcase time="0.00500000000000256" classname="proportions" name="NTA_Table_is_lower_or_equal_than_lower_bound_thresholds"/>
    <testcase time="0.00500000000000256" classname="proportions" name="NTA_Table_ESS_is_lower_or_equal_than_lower_bound_thresholds"/>
    <testcase time="0.00399999999999778" classname="proportions" name="NA_values_are_in_the_same_positions_in_both_data_frames"/>
    <testcase time="0.00500000000000256" classname="proportions" name="NTA_Table_is_lower_or_equal_than_upper_bound_thresholds"/>
    <testcase time="0.00499999999999545" classname="proportions" name="NTA_Table_ESS_is_lower_or_equal_than_upper_bound_thresholds"/>
    <testcase time="0.00400000000000489" classname="proportions" name="NA_values_are_in_the_same_positions_in_both_data_frames"/>
    <testcase time="0.00499999999999545" classname="proportions" name="Robust_MAP_Prior_Row_is_identical_in_both_Robust_MAP_Prior_as_well_as_NTA_Table"/>
    <testcase time="2.698" classname="proportions" name="proportions_work_as_expected"/>
    <testcase time="0.0590000000000046" classname="proportions" name="proportions_work_as_expected"/>
    <testcase time="0.0379999999999967" classname="proportions" name="MAP_Prior_row_is_lower_or_equal_than_lower_bound_thresholds"/>
    <testcase time="0.00600000000000023" classname="proportions" name="MAP_Prior_ESS_is_lower_or_equal_than_lower_bound_thresholds"/>
    <testcase time="0.00500000000000256" classname="proportions" name="MAP_Prior_row_is_lower_or_equal_than_upper_bound_thresholds"/>
    <testcase time="0.00499999999999545" classname="proportions" name="MAP_Prior_ESS_is_lower_or_equal_than_upper_bound_thresholds"/>
    <testcase time="0.00900000000000034" classname="proportions" name="RMAP_Prior_Row_is_identical_in_both_MAP_Prior_as_well_as_Robust_MAP_Prior_Table"/>
    <testcase time="0.00500000000000256" classname="proportions" name="NTA_Table_is_lower_or_equal_than_lower_bound_thresholds"/>
    <testcase time="0.00499999999999545" classname="proportions" name="NTA_Table_ESS_is_lower_or_equal_than_lower_bound_thresholds"/>
    <testcase time="0.00400000000000489" classname="proportions" name="NA_values_are_in_the_same_positions_in_both_data_frames"/>
    <testcase time="0.00600000000000023" classname="proportions" name="NTA_Table_is_lower_or_equal_than_upper_bound_thresholds"/>
    <testcase time="0.00499999999999545" classname="proportions" name="NTA_Table_ESS_is_lower_or_equal_than_upper_bound_thresholds"/>
    <testcase time="0.00400000000000489" classname="proportions" name="NA_values_are_in_the_same_positions_in_both_data_frames"/>
    <testcase time="0.00499999999999545" classname="proportions" name="Robust_MAP_Prior_Row_is_identical_in_both_Robust_MAP_Prior_as_well_as_NTA_Table"/>
    <testcase time="0.00300000000000011" classname="proportions" name="proportions_work_as_expected">
      <skipped message="Reason: empty test ('test-proportions.R:2:1')"/>
    </testcase>
  </testsuite>
  <testsuite name="rates" timestamp="2024-08-08T19:25:52Z" hostname="3809dadf66e0" tests="161" skipped="1" failures="0" errors="0" time="41.228">
    <testcase time="4.866" classname="rates" name="MAP_Prior_row_is_lower_or_equal_than_lower_bound_thresholds"/>
    <testcase time="0.00399999999999778" classname="rates" name="MAP_Prior_ESS_is_lower_or_equal_than_lower_bound_thresholds"/>
    <testcase time="0.00300000000000011" classname="rates" name="NA_values_are_in_the_same_positions_in_both_data_frames"/>
    <testcase time="0.00600000000000023" classname="rates" name="MAP_Prior_row_is_lower_or_equal_than_upper_bound_thresholds"/>
    <testcase time="0.00399999999999778" classname="rates" name="MAP_Prior_ESS_is_lower_or_equal_than_upper_bound_thresholds"/>
    <testcase time="0.00400000000000489" classname="rates" name="NA_values_are_in_the_same_positions_in_both_data_frames"/>
    <testcase time="0.00399999999999778" classname="rates" name="MAP_Prior_Row_is_identical_in_both_MAP_Prior_as_well_as_Robust_MAP_Prior_Table"/>
    <testcase time="0.00399999999999778" classname="rates" name="NA_values_are_in_the_same_positions_in_both_data_frames"/>
    <testcase time="0.00500000000000256" classname="rates" name="NTA_Table_is_lower_or_equal_than_lower_bound_thresholds"/>
    <testcase time="0.00399999999999778" classname="rates" name="NTA_Table_ESS_is_lower_or_equal_than_lower_bound_thresholds"/>
    <testcase time="0.00399999999999778" classname="rates" name="NA_values_are_in_the_same_positions_in_both_data_frames"/>
    <testcase time="0.00500000000000256" classname="rates" name="NTA_Table_is_lower_or_equal_than_upper_bound_thresholds"/>
    <testcase time="0.00399999999999778" classname="rates" name="NTA_Table_ESS_is_lower_or_equal_than_upper_bound_thresholds"/>
    <testcase time="0.00400000000000489" classname="rates" name="NA_values_are_in_the_same_positions_in_both_data_frames"/>
    <testcase time="0.00399999999999778" classname="rates" name="Robust_MAP_Prior_Row_is_identical_in_both_Robust_MAP_Prior_as_well_as_NTA_Table"/>
    <testcase time="0.00399999999999778" classname="rates" name="NA_values_are_in_the_same_positions_in_both_data_frames"/>
    <testcase time="4.165" classname="rates" name="MAP_Prior_row_is_lower_or_equal_than_lower_bound_thresholds"/>
    <testcase time="0.00500000000000256" classname="rates" name="MAP_Prior_ESS_is_lower_or_equal_than_lower_bound_thresholds"/>
    <testcase time="0.00300000000000011" classname="rates" name="NA_values_are_in_the_same_positions_in_both_data_frames"/>
    <testcase time="0.00500000000000256" classname="rates" name="MAP_Prior_row_is_lower_or_equal_than_upper_bound_thresholds"/>
    <testcase time="0.00499999999999545" classname="rates" name="MAP_Prior_ESS_is_lower_or_equal_than_upper_bound_thresholds"/>
    <testcase time="0.00300000000000011" classname="rates" name="NA_values_are_in_the_same_positions_in_both_data_frames"/>
    <testcase time="0.00500000000000256" classname="rates" name="MAP_Prior_Row_is_identical_in_both_MAP_Prior_as_well_as_Robust_MAP_Prior_Table"/>
    <testcase time="0.00300000000000011" classname="rates" name="NA_values_are_in_the_same_positions_in_both_data_frames"/>
    <testcase time="0.00600000000000023" classname="rates" name="NTA_Table_is_lower_or_equal_than_lower_bound_thresholds"/>
    <testcase time="0.00399999999999778" classname="rates" name="NTA_Table_ESS_is_lower_or_equal_than_lower_bound_thresholds"/>
    <testcase time="0.00400000000000489" classname="rates" name="NA_values_are_in_the_same_positions_in_both_data_frames"/>
    <testcase time="0.00499999999999545" classname="rates" name="NTA_Table_is_lower_or_equal_than_upper_bound_thresholds"/>
    <testcase time="0.00500000000000256" classname="rates" name="NTA_Table_ESS_is_lower_or_equal_than_upper_bound_thresholds"/>
    <testcase time="0.00399999999999778" classname="rates" name="NA_values_are_in_the_same_positions_in_both_data_frames"/>
    <testcase time="0.00500000000000256" classname="rates" name="Robust_MAP_Prior_Row_is_identical_in_both_Robust_MAP_Prior_as_well_as_NTA_Table"/>
    <testcase time="0.00300000000000011" classname="rates" name="NA_values_are_in_the_same_positions_in_both_data_frames"/>
    <testcase time="3.336" classname="rates" name="MAP_Prior_row_is_lower_or_equal_than_lower_bound_thresholds"/>
    <testcase time="0.00500000000000256" classname="rates" name="MAP_Prior_ESS_is_lower_or_equal_than_lower_bound_thresholds"/>
    <testcase time="0.00300000000000011" classname="rates" name="NA_values_are_in_the_same_positions_in_both_data_frames"/>
    <testcase time="0.00499999999999545" classname="rates" name="MAP_Prior_row_is_lower_or_equal_than_upper_bound_thresholds"/>
    <testcase time="0.00500000000000256" classname="rates" name="MAP_Prior_ESS_is_lower_or_equal_than_upper_bound_thresholds"/>
    <testcase time="0.00300000000000011" classname="rates" name="NA_values_are_in_the_same_positions_in_both_data_frames"/>
    <testcase time="0.00500000000000256" classname="rates" name="MAP_Prior_Row_is_identical_in_both_MAP_Prior_as_well_as_Robust_MAP_Prior_Table"/>
    <testcase time="0.00499999999999545" classname="rates" name="NA_values_are_in_the_same_positions_in_both_data_frames"/>
    <testcase time="0.00600000000000023" classname="rates" name="NTA_Table_is_lower_or_equal_than_lower_bound_thresholds"/>
    <testcase time="0.00399999999999778" classname="rates" name="NTA_Table_ESS_is_lower_or_equal_than_lower_bound_thresholds"/>
    <testcase time="0.00400000000000489" classname="rates" name="NA_values_are_in_the_same_positions_in_both_data_frames"/>
    <testcase time="0.00499999999999545" classname="rates" name="NTA_Table_is_lower_or_equal_than_upper_bound_thresholds"/>
    <testcase time="0.00400000000000489" classname="rates" name="NTA_Table_ESS_is_lower_or_equal_than_upper_bound_thresholds"/>
    <testcase time="0.00399999999999778" classname="rates" name="NA_values_are_in_the_same_positions_in_both_data_frames"/>
    <testcase time="0.00500000000000256" classname="rates" name="Robust_MAP_Prior_Row_is_identical_in_both_Robust_MAP_Prior_as_well_as_NTA_Table"/>
    <testcase time="0.00399999999999778" classname="rates" name="NA_values_are_in_the_same_positions_in_both_data_frames"/>
    <testcase time="4.318" classname="rates" name="MAP_Prior_row_is_lower_or_equal_than_lower_bound_thresholds"/>
    <testcase time="0.00499999999999545" classname="rates" name="MAP_Prior_ESS_is_lower_or_equal_than_lower_bound_thresholds"/>
    <testcase time="0.00400000000000489" classname="rates" name="NA_values_are_in_the_same_positions_in_both_data_frames"/>
    <testcase time="0.00499999999999545" classname="rates" name="MAP_Prior_row_is_lower_or_equal_than_upper_bound_thresholds"/>
    <testcase time="0.00499999999999545" classname="rates" name="MAP_Prior_ESS_is_lower_or_equal_than_upper_bound_thresholds"/>
    <testcase time="0.00300000000000011" classname="rates" name="NA_values_are_in_the_same_positions_in_both_data_frames"/>
    <testcase time="0.00500000000000966" classname="rates" name="MAP_Prior_Row_is_identical_in_both_MAP_Prior_as_well_as_Robust_MAP_Prior_Table"/>
    <testcase time="0.00399999999999068" classname="rates" name="NA_values_are_in_the_same_positions_in_both_data_frames"/>
    <testcase time="0.00500000000000966" classname="rates" name="NTA_Table_is_lower_or_equal_than_lower_bound_thresholds"/>
    <testcase time="0.00499999999999545" classname="rates" name="NTA_Table_ESS_is_lower_or_equal_than_lower_bound_thresholds"/>
    <testcase time="0.00300000000000011" classname="rates" name="NA_values_are_in_the_same_positions_in_both_data_frames"/>
    <testcase time="0.00499999999999545" classname="rates" name="NTA_Table_is_lower_or_equal_than_upper_bound_thresholds"/>
    <testcase time="0.00500000000000966" classname="rates" name="NTA_Table_ESS_is_lower_or_equal_than_upper_bound_thresholds"/>
    <testcase time="0.00399999999999068" classname="rates" name="NA_values_are_in_the_same_positions_in_both_data_frames"/>
    <testcase time="0.00499999999999545" classname="rates" name="Robust_MAP_Prior_Row_is_identical_in_both_Robust_MAP_Prior_as_well_as_NTA_Table"/>
    <testcase time="0.00300000000000011" classname="rates" name="NA_values_are_in_the_same_positions_in_both_data_frames"/>
    <testcase time="3.149" classname="rates" name="MAP_Prior_row_is_lower_or_equal_than_lower_bound_thresholds"/>
    <testcase time="0.00500000000000966" classname="rates" name="MAP_Prior_ESS_is_lower_or_equal_than_lower_bound_thresholds"/>
    <testcase time="0.00399999999999068" classname="rates" name="NA_values_are_in_the_same_positions_in_both_data_frames"/>
    <testcase time="0.00500000000000966" classname="rates" name="MAP_Prior_row_is_lower_or_equal_than_upper_bound_thresholds"/>
    <testcase time="0.00499999999999545" classname="rates" name="MAP_Prior_ESS_is_lower_or_equal_than_upper_bound_thresholds"/>
    <testcase time="0.00300000000000011" classname="rates" name="NA_values_are_in_the_same_positions_in_both_data_frames"/>
    <testcase time="0.00499999999999545" classname="rates" name="MAP_Prior_Row_is_identical_in_both_MAP_Prior_as_well_as_Robust_MAP_Prior_Table"/>
    <testcase time="0.00400000000000489" classname="rates" name="NA_values_are_in_the_same_positions_in_both_data_frames"/>
    <testcase time="0.00499999999999545" classname="rates" name="NTA_Table_is_lower_or_equal_than_lower_bound_thresholds"/>
    <testcase time="0.00500000000000966" classname="rates" name="NTA_Table_ESS_is_lower_or_equal_than_lower_bound_thresholds"/>
    <testcase time="0.00399999999999068" classname="rates" name="NA_values_are_in_the_same_positions_in_both_data_frames"/>
    <testcase time="0.00500000000000966" classname="rates" name="NTA_Table_is_lower_or_equal_than_upper_bound_thresholds"/>
    <testcase time="0.00499999999999545" classname="rates" name="NTA_Table_ESS_is_lower_or_equal_than_upper_bound_thresholds"/>
    <testcase time="0.00300000000000011" classname="rates" name="NA_values_are_in_the_same_positions_in_both_data_frames"/>
    <testcase time="0.00600000000000023" classname="rates" name="Robust_MAP_Prior_Row_is_identical_in_both_Robust_MAP_Prior_as_well_as_NTA_Table"/>
    <testcase time="0.00300000000000011" classname="rates" name="NA_values_are_in_the_same_positions_in_both_data_frames"/>
    <testcase time="5.337" classname="rates" name="MAP_Prior_row_is_lower_or_equal_than_lower_bound_thresholds"/>
    <testcase time="0.00499999999999545" classname="rates" name="MAP_Prior_ESS_is_lower_or_equal_than_lower_bound_thresholds"/>
    <testcase time="0.00400000000000489" classname="rates" name="NA_values_are_in_the_same_positions_in_both_data_frames"/>
    <testcase time="0.00499999999999545" classname="rates" name="MAP_Prior_row_is_lower_or_equal_than_upper_bound_thresholds"/>
    <testcase time="0.00499999999999545" classname="rates" name="MAP_Prior_ESS_is_lower_or_equal_than_upper_bound_thresholds"/>
    <testcase time="0.00400000000000489" classname="rates" name="NA_values_are_in_the_same_positions_in_both_data_frames"/>
    <testcase time="0.00499999999999545" classname="rates" name="MAP_Prior_Row_is_identical_in_both_MAP_Prior_as_well_as_Robust_MAP_Prior_Table"/>
    <testcase time="0.00400000000000489" classname="rates" name="NA_values_are_in_the_same_positions_in_both_data_frames"/>
    <testcase time="0.00499999999999545" classname="rates" name="NTA_Table_is_lower_or_equal_than_lower_bound_thresholds"/>
    <testcase time="0.00500000000000966" classname="rates" name="NTA_Table_ESS_is_lower_or_equal_than_lower_bound_thresholds"/>
    <testcase time="0.00399999999999068" classname="rates" name="NA_values_are_in_the_same_positions_in_both_data_frames"/>
    <testcase time="0.00900000000000034" classname="rates" name="NTA_Table_is_lower_or_equal_than_upper_bound_thresholds"/>
    <testcase time="0.00400000000000489" classname="rates" name="NTA_Table_ESS_is_lower_or_equal_than_upper_bound_thresholds"/>
    <testcase time="0.00400000000000489" classname="rates" name="NA_values_are_in_the_same_positions_in_both_data_frames"/>
    <testcase time="0.00499999999999545" classname="rates" name="Robust_MAP_Prior_Row_is_identical_in_both_Robust_MAP_Prior_as_well_as_NTA_Table"/>
    <testcase time="0.00300000000000011" classname="rates" name="NA_values_are_in_the_same_positions_in_both_data_frames"/>
    <testcase time="4.44199999999999" classname="rates" name="MAP_Prior_row_is_lower_or_equal_than_lower_bound_thresholds"/>
    <testcase time="0.00500000000000966" classname="rates" name="MAP_Prior_ESS_is_lower_or_equal_than_lower_bound_thresholds"/>
    <testcase time="0.00399999999999068" classname="rates" name="NA_values_are_in_the_same_positions_in_both_data_frames"/>
    <testcase time="0.00500000000000966" classname="rates" name="MAP_Prior_row_is_lower_or_equal_than_upper_bound_thresholds"/>
    <testcase time="0.00499999999999545" classname="rates" name="MAP_Prior_ESS_is_lower_or_equal_than_upper_bound_thresholds"/>
    <testcase time="0.00400000000000489" classname="rates" name="NA_values_are_in_the_same_positions_in_both_data_frames"/>
    <testcase time="0.00499999999999545" classname="rates" name="MAP_Prior_Row_is_identical_in_both_MAP_Prior_as_well_as_Robust_MAP_Prior_Table"/>
    <testcase time="0.00400000000000489" classname="rates" name="NA_values_are_in_the_same_positions_in_both_data_frames"/>
    <testcase time="0.00600000000000023" classname="rates" name="NTA_Table_is_lower_or_equal_than_lower_bound_thresholds"/>
    <testcase time="0.00499999999999545" classname="rates" name="NTA_Table_ESS_is_lower_or_equal_than_lower_bound_thresholds"/>
    <testcase time="0.00400000000000489" classname="rates" name="NA_values_are_in_the_same_positions_in_both_data_frames"/>
    <testcase time="0.00499999999999545" classname="rates" name="NTA_Table_is_lower_or_equal_than_upper_bound_thresholds"/>
    <testcase time="0.00499999999999545" classname="rates" name="NTA_Table_ESS_is_lower_or_equal_than_upper_bound_thresholds"/>
    <testcase time="0.00400000000000489" classname="rates" name="NA_values_are_in_the_same_positions_in_both_data_frames"/>
    <testcase time="0.00900000000000034" classname="rates" name="Robust_MAP_Prior_Row_is_identical_in_both_Robust_MAP_Prior_as_well_as_NTA_Table"/>
    <testcase time="0.00399999999999068" classname="rates" name="NA_values_are_in_the_same_positions_in_both_data_frames"/>
    <testcase time="4.77600000000001" classname="rates" name="MAP_Prior_row_is_lower_or_equal_than_lower_bound_thresholds"/>
    <testcase time="0.00499999999999545" classname="rates" name="MAP_Prior_ESS_is_lower_or_equal_than_lower_bound_thresholds"/>
    <testcase time="0.00400000000000489" classname="rates" name="NA_values_are_in_the_same_positions_in_both_data_frames"/>
    <testcase time="0.00499999999999545" classname="rates" name="MAP_Prior_row_is_lower_or_equal_than_upper_bound_thresholds"/>
    <testcase time="0.0100000000000051" classname="rates" name="MAP_Prior_ESS_is_lower_or_equal_than_upper_bound_thresholds"/>
    <testcase time="0.00300000000000011" classname="rates" name="NA_values_are_in_the_same_positions_in_both_data_frames"/>
    <testcase time="0.00499999999999545" classname="rates" name="MAP_Prior_Row_is_identical_in_both_MAP_Prior_as_well_as_Robust_MAP_Prior_Table"/>
    <testcase time="0.00400000000000489" classname="rates" name="NA_values_are_in_the_same_positions_in_both_data_frames"/>
    <testcase time="0.00600000000000023" classname="rates" name="NTA_Table_is_lower_or_equal_than_lower_bound_thresholds"/>
    <testcase time="0.00399999999999068" classname="rates" name="NTA_Table_ESS_is_lower_or_equal_than_lower_bound_thresholds"/>
    <testcase time="0.00400000000000489" classname="rates" name="NA_values_are_in_the_same_positions_in_both_data_frames"/>
    <testcase time="0.00600000000000023" classname="rates" name="NTA_Table_is_lower_or_equal_than_upper_bound_thresholds"/>
    <testcase time="0.00499999999999545" classname="rates" name="NTA_Table_ESS_is_lower_or_equal_than_upper_bound_thresholds"/>
    <testcase time="0.00300000000000011" classname="rates" name="NA_values_are_in_the_same_positions_in_both_data_frames"/>
    <testcase time="0.00600000000000023" classname="rates" name="Robust_MAP_Prior_Row_is_identical_in_both_Robust_MAP_Prior_as_well_as_NTA_Table"/>
    <testcase time="0.00300000000000011" classname="rates" name="NA_values_are_in_the_same_positions_in_both_data_frames"/>
    <testcase time="2.837" classname="rates" name="MAP_Prior_row_is_lower_or_equal_than_lower_bound_thresholds"/>
    <testcase time="0.00600000000000023" classname="rates" name="MAP_Prior_ESS_is_lower_or_equal_than_lower_bound_thresholds"/>
    <testcase time="0.00400000000000489" classname="rates" name="NA_values_are_in_the_same_positions_in_both_data_frames"/>
    <testcase time="0.00499999999999545" classname="rates" name="MAP_Prior_row_is_lower_or_equal_than_upper_bound_thresholds"/>
    <testcase time="0.00499999999999545" classname="rates" name="MAP_Prior_ESS_is_lower_or_equal_than_upper_bound_thresholds"/>
    <testcase time="0.00400000000000489" classname="rates" name="NA_values_are_in_the_same_positions_in_both_data_frames"/>
    <testcase time="0.00499999999999545" classname="rates" name="MAP_Prior_Row_is_identical_in_both_MAP_Prior_as_well_as_Robust_MAP_Prior_Table"/>
    <testcase time="0.00400000000000489" classname="rates" name="NA_values_are_in_the_same_positions_in_both_data_frames"/>
    <testcase time="0.00600000000000023" classname="rates" name="NTA_Table_is_lower_or_equal_than_lower_bound_thresholds"/>
    <testcase time="0.00499999999999545" classname="rates" name="NTA_Table_ESS_is_lower_or_equal_than_lower_bound_thresholds"/>
    <testcase time="0.00400000000000489" classname="rates" name="NA_values_are_in_the_same_positions_in_both_data_frames"/>
    <testcase time="0.00600000000000023" classname="rates" name="NTA_Table_is_lower_or_equal_than_upper_bound_thresholds"/>
    <testcase time="0.00499999999999545" classname="rates" name="NTA_Table_ESS_is_lower_or_equal_than_upper_bound_thresholds"/>
    <testcase time="0.00400000000000489" classname="rates" name="NA_values_are_in_the_same_positions_in_both_data_frames"/>
    <testcase time="0.00499999999999545" classname="rates" name="Robust_MAP_Prior_Row_is_identical_in_both_Robust_MAP_Prior_as_well_as_NTA_Table"/>
    <testcase time="0.00400000000000489" classname="rates" name="NA_values_are_in_the_same_positions_in_both_data_frames"/>
    <testcase time="3.30499999999999" classname="rates" name="MAP_Prior_row_is_lower_or_equal_than_lower_bound_thresholds"/>
    <testcase time="0.00500000000000966" classname="rates" name="MAP_Prior_ESS_is_lower_or_equal_than_lower_bound_thresholds"/>
    <testcase time="0.00399999999999068" classname="rates" name="NA_values_are_in_the_same_positions_in_both_data_frames"/>
    <testcase time="0.00600000000000023" classname="rates" name="MAP_Prior_row_is_lower_or_equal_than_upper_bound_thresholds"/>
    <testcase time="0.00500000000000966" classname="rates" name="MAP_Prior_ESS_is_lower_or_equal_than_upper_bound_thresholds"/>
    <testcase time="0.00399999999999068" classname="rates" name="NA_values_are_in_the_same_positions_in_both_data_frames"/>
    <testcase time="0.0100000000000051" classname="rates" name="MAP_Prior_Row_is_identical_in_both_MAP_Prior_as_well_as_Robust_MAP_Prior_Table"/>
    <testcase time="0.00400000000000489" classname="rates" name="NA_values_are_in_the_same_positions_in_both_data_frames"/>
    <testcase time="0.00499999999999545" classname="rates" name="NTA_Table_is_lower_or_equal_than_lower_bound_thresholds"/>
    <testcase time="0.00499999999999545" classname="rates" name="NTA_Table_ESS_is_lower_or_equal_than_lower_bound_thresholds"/>
    <testcase time="0.00400000000000489" classname="rates" name="NA_values_are_in_the_same_positions_in_both_data_frames"/>
    <testcase time="0.00600000000000023" classname="rates" name="NTA_Table_is_lower_or_equal_than_upper_bound_thresholds"/>
    <testcase time="0.00499999999999545" classname="rates" name="NTA_Table_ESS_is_lower_or_equal_than_upper_bound_thresholds"/>
    <testcase time="0.00400000000000489" classname="rates" name="NA_values_are_in_the_same_positions_in_both_data_frames"/>
    <testcase time="0.00499999999999545" classname="rates" name="Robust_MAP_Prior_Row_is_identical_in_both_Robust_MAP_Prior_as_well_as_NTA_Table"/>
    <testcase time="0.00400000000000489" classname="rates" name="NA_values_are_in_the_same_positions_in_both_data_frames"/>
    <testcase time="0.00300000000000011" classname="rates" name="incidence_rates_work_as_expected">
      <skipped message="Reason: empty test ('test-rates.R:2:1')"/>
    </testcase>
  </testsuite>
</testsuites>
