<?xml version="1.0" encoding="UTF-8"?>
<testsuites>
  <testsuite name="ae_summary_table" timestamp="2024-08-13T07:26:34Z" hostname="b9d37203826b" tests="2" skipped="0" failures="0" errors="0" time="16.85">
    <testcase time="16.827" classname="ae_summary_table" name="ae_summary_table_function_works_as_expected"/>
    <testcase time="0.0229999999999997" classname="ae_summary_table" name="ae_summary_table_function_works_as_expected"/>
  </testsuite>
  <testsuite name="ae_summary_table_helpers" timestamp="2024-08-13T07:26:51Z" hostname="b9d37203826b" tests="3" skipped="0" failures="0" errors="0" time="0.047">
    <testcase time="0.0429999999999993" classname="ae_summary_table_helpers" name="test_ae_summary_table_helpers.R_works_as_expected"/>
    <testcase time="0.00200000000000244" classname="ae_summary_table_helpers" name="test_ae_summary_table_helpers.R_works_as_expected"/>
    <testcase time="0.00199999999999889" classname="ae_summary_table_helpers" name="test_ae_summary_table_helpers.R_works_as_expected"/>
  </testsuite>
  <testsuite name="display" timestamp="2024-08-13T07:26:51Z" hostname="b9d37203826b" tests="24" skipped="0" failures="0" errors="0" time="0.949">
    <testcase time="0.864000000000001" classname="display" name="display.R_works_as_expected"/>
    <testcase time="0.00199999999999889" classname="display" name="display.R_works_as_expected"/>
    <testcase time="0.00100000000000122" classname="display" name="display.R_works_as_expected"/>
    <testcase time="0.00199999999999889" classname="display" name="display.R_works_as_expected"/>
    <testcase time="0.00300000000000011" classname="display" name="display.R_works_as_expected"/>
    <testcase time="0.00100000000000122" classname="display" name="display.R_works_as_expected"/>
    <testcase time="0.000999999999997669" classname="display" name="display.R_works_as_expected"/>
    <testcase time="0.00100000000000122" classname="display" name="display.R_works_as_expected"/>
    <testcase time="0.00199999999999889" classname="display" name="display.R_works_as_expected"/>
    <testcase time="0.00100000000000122" classname="display" name="display.R_works_as_expected"/>
    <testcase time="0.000999999999997669" classname="display" name="display.R_works_as_expected"/>
    <testcase time="0.00100000000000122" classname="display" name="display.R_works_as_expected"/>
    <testcase time="0.00100000000000122" classname="display" name="display.R_works_as_expected"/>
    <testcase time="0.000999999999997669" classname="display" name="display.R_works_as_expected"/>
    <testcase time="0.00100000000000122" classname="display" name="display.R_works_as_expected"/>
    <testcase time="0.00100000000000122" classname="display" name="display.R_works_as_expected"/>
    <testcase time="0.0549999999999997" classname="display" name="display.R_works_as_expected"/>
    <testcase time="0.00199999999999889" classname="display" name="display.R_works_as_expected"/>
    <testcase time="0.00100000000000122" classname="display" name="display.R_works_as_expected"/>
    <testcase time="0.000999999999997669" classname="display" name="display.R_works_as_expected"/>
    <testcase time="0.00200000000000244" classname="display" name="display.R_works_as_expected"/>
    <testcase time="0.000999999999997669" classname="display" name="display.R_works_as_expected"/>
    <testcase time="0.00200000000000244" classname="display" name="display.R_works_as_expected"/>
    <testcase time="0.000999999999997669" classname="display" name="display.R_works_as_expected"/>
  </testsuite>
  <testsuite name="plots" timestamp="2024-08-13T07:26:52Z" hostname="b9d37203826b" tests="16" skipped="0" failures="0" errors="0" time="0.075">
    <testcase time="0.00900000000000034" classname="plots" name="forest_plot_work_as_expected_in_proportions"/>
    <testcase time="0.00500000000000256" classname="plots" name="rob_map_plot_work_as_expected_in_proportions"/>
    <testcase time="0.00600000000000023" classname="plots" name="param_mix_plot_work_as_expected_in_proportions"/>
    <testcase time="0.00499999999999901" classname="plots" name="_unnamed_"/>
    <testcase time="0.00300000000000011" classname="plots" name="decision_making_plots_work_as_expected_in_proportions"/>
    <testcase time="0.00300000000000011" classname="plots" name="decision_making_plots_work_as_expected_in_proportions"/>
    <testcase time="0.00399999999999778" classname="plots" name="decision_making_plots_work_as_expected_in_proportions"/>
    <testcase time="0.00300000000000011" classname="plots" name="decision_making_plots_work_as_expected_in_proportions"/>
    <testcase time="0.00300000000000011" classname="plots" name="decision_making_plots_work_as_expected_in_proportions"/>
    <testcase time="0.00500000000000256" classname="plots" name="rob_map_plot_work_as_expected_in_proportions"/>
    <testcase time="0.00599999999999667" classname="plots" name="param_mix_plot_work_as_expected_in_proportions"/>
    <testcase time="0.00500000000000256" classname="plots" name="_unnamed_"/>
    <testcase time="0.00999999999999801" classname="plots" name="decision_making_plots_work_as_expected_in_proportions"/>
    <testcase time="0.00300000000000011" classname="plots" name="decision_making_plots_work_as_expected_in_proportions"/>
    <testcase time="0.00200000000000244" classname="plots" name="decision_making_plots_work_as_expected_in_proportions"/>
    <testcase time="0.00300000000000011" classname="plots" name="decision_making_plots_work_as_expected_in_proportions"/>
  </testsuite>
  <testsuite name="proportions" timestamp="2024-08-13T07:26:52Z" hostname="b9d37203826b" tests="137" skipped="1" failures="0" errors="0" time="38.468">
    <testcase time="4.015" classname="proportions" name="MAP_Prior_row_is_lower_or_equal_than_lower_bound_thresholds"/>
    <testcase time="0.00499999999999545" classname="proportions" name="MAP_Prior_ESS_is_lower_or_equal_than_lower_bound_thresholds"/>
    <testcase time="0.00500000000000256" classname="proportions" name="MAP_Prior_row_is_lower_or_equal_than_upper_bound_thresholds"/>
    <testcase time="0.00500000000000256" classname="proportions" name="MAP_Prior_ESS_is_lower_or_equal_than_upper_bound_thresholds"/>
    <testcase time="0.00399999999999778" classname="proportions" name="RMAP_Prior_Row_is_identical_in_both_MAP_Prior_as_well_as_Robust_MAP_Prior_Table"/>
    <testcase time="0.00600000000000023" classname="proportions" name="NTA_Table_is_lower_or_equal_than_lower_bound_thresholds"/>
    <testcase time="0.00500000000000256" classname="proportions" name="NTA_Table_ESS_is_lower_or_equal_than_lower_bound_thresholds"/>
    <testcase time="0.00399999999999778" classname="proportions" name="NA_values_are_in_the_same_positions_in_both_data_frames"/>
    <testcase time="0.00500000000000256" classname="proportions" name="NTA_Table_is_lower_or_equal_than_upper_bound_thresholds"/>
    <testcase time="0.00499999999999545" classname="proportions" name="NTA_Table_ESS_is_lower_or_equal_than_upper_bound_thresholds"/>
    <testcase time="0.00399999999999778" classname="proportions" name="NA_values_are_in_the_same_positions_in_both_data_frames"/>
    <testcase time="0.00500000000000256" classname="proportions" name="Robust_MAP_Prior_Row_is_identical_in_both_Robust_MAP_Prior_as_well_as_NTA_Table"/>
    <testcase time="3.307" classname="proportions" name="MAP_Prior_row_is_lower_or_equal_than_lower_bound_thresholds"/>
    <testcase time="0.00499999999999545" classname="proportions" name="MAP_Prior_ESS_is_lower_or_equal_than_lower_bound_thresholds"/>
    <testcase time="0.00500000000000256" classname="proportions" name="MAP_Prior_row_is_lower_or_equal_than_upper_bound_thresholds"/>
    <testcase time="0.00500000000000256" classname="proportions" name="MAP_Prior_ESS_is_lower_or_equal_than_upper_bound_thresholds"/>
    <testcase time="0.00499999999999545" classname="proportions" name="RMAP_Prior_Row_is_identical_in_both_MAP_Prior_as_well_as_Robust_MAP_Prior_Table"/>
    <testcase time="0.00500000000000256" classname="proportions" name="NTA_Table_is_lower_or_equal_than_lower_bound_thresholds"/>
    <testcase time="0.00399999999999778" classname="proportions" name="NTA_Table_ESS_is_lower_or_equal_than_lower_bound_thresholds"/>
    <testcase time="0.00400000000000489" classname="proportions" name="NA_values_are_in_the_same_positions_in_both_data_frames"/>
    <testcase time="0.00499999999999545" classname="proportions" name="NTA_Table_is_lower_or_equal_than_upper_bound_thresholds"/>
    <testcase time="0.00400000000000489" classname="proportions" name="NTA_Table_ESS_is_lower_or_equal_than_upper_bound_thresholds"/>
    <testcase time="0.00399999999999778" classname="proportions" name="NA_values_are_in_the_same_positions_in_both_data_frames"/>
    <testcase time="0.00500000000000256" classname="proportions" name="Robust_MAP_Prior_Row_is_identical_in_both_Robust_MAP_Prior_as_well_as_NTA_Table"/>
    <testcase time="3.39599999999999" classname="proportions" name="MAP_Prior_row_is_lower_or_equal_than_lower_bound_thresholds"/>
    <testcase time="0.00500000000000256" classname="proportions" name="MAP_Prior_ESS_is_lower_or_equal_than_lower_bound_thresholds"/>
    <testcase time="0.00600000000000023" classname="proportions" name="MAP_Prior_row_is_lower_or_equal_than_upper_bound_thresholds"/>
    <testcase time="0.00500000000000256" classname="proportions" name="MAP_Prior_ESS_is_lower_or_equal_than_upper_bound_thresholds"/>
    <testcase time="0.00499999999999545" classname="proportions" name="RMAP_Prior_Row_is_identical_in_both_MAP_Prior_as_well_as_Robust_MAP_Prior_Table"/>
    <testcase time="0.00500000000000256" classname="proportions" name="NTA_Table_is_lower_or_equal_than_lower_bound_thresholds"/>
    <testcase time="0.00999999999999801" classname="proportions" name="NTA_Table_ESS_is_lower_or_equal_than_lower_bound_thresholds"/>
    <testcase time="0.00400000000000489" classname="proportions" name="NA_values_are_in_the_same_positions_in_both_data_frames"/>
    <testcase time="0.00499999999999545" classname="proportions" name="NTA_Table_is_lower_or_equal_than_upper_bound_thresholds"/>
    <testcase time="0.00500000000000256" classname="proportions" name="NTA_Table_ESS_is_lower_or_equal_than_upper_bound_thresholds"/>
    <testcase time="0.00399999999999778" classname="proportions" name="NA_values_are_in_the_same_positions_in_both_data_frames"/>
    <testcase time="0.00500000000000256" classname="proportions" name="Robust_MAP_Prior_Row_is_identical_in_both_Robust_MAP_Prior_as_well_as_NTA_Table"/>
    <testcase time="3.421" classname="proportions" name="MAP_Prior_row_is_lower_or_equal_than_lower_bound_thresholds"/>
    <testcase time="0.00500000000000256" classname="proportions" name="MAP_Prior_ESS_is_lower_or_equal_than_lower_bound_thresholds"/>
    <testcase time="0.00499999999999545" classname="proportions" name="MAP_Prior_row_is_lower_or_equal_than_upper_bound_thresholds"/>
    <testcase time="0.00500000000000256" classname="proportions" name="MAP_Prior_ESS_is_lower_or_equal_than_upper_bound_thresholds"/>
    <testcase time="0.00399999999999778" classname="proportions" name="RMAP_Prior_Row_is_identical_in_both_MAP_Prior_as_well_as_Robust_MAP_Prior_Table"/>
    <testcase time="0.00600000000000023" classname="proportions" name="NTA_Table_is_lower_or_equal_than_lower_bound_thresholds"/>
    <testcase time="0.00399999999999778" classname="proportions" name="NTA_Table_ESS_is_lower_or_equal_than_lower_bound_thresholds"/>
    <testcase time="0.00400000000000489" classname="proportions" name="NA_values_are_in_the_same_positions_in_both_data_frames"/>
    <testcase time="0.00499999999999545" classname="proportions" name="NTA_Table_is_lower_or_equal_than_upper_bound_thresholds"/>
    <testcase time="0.00500000000000256" classname="proportions" name="NTA_Table_ESS_is_lower_or_equal_than_upper_bound_thresholds"/>
    <testcase time="0.00300000000000011" classname="proportions" name="NA_values_are_in_the_same_positions_in_both_data_frames"/>
    <testcase time="0.00500000000000256" classname="proportions" name="Robust_MAP_Prior_Row_is_identical_in_both_Robust_MAP_Prior_as_well_as_NTA_Table"/>
    <testcase time="4.65199999999999" classname="proportions" name="MAP_Prior_row_is_lower_or_equal_than_lower_bound_thresholds"/>
    <testcase time="0.00500000000000256" classname="proportions" name="MAP_Prior_ESS_is_lower_or_equal_than_lower_bound_thresholds"/>
    <testcase time="0.00600000000000023" classname="proportions" name="MAP_Prior_row_is_lower_or_equal_than_upper_bound_thresholds"/>
    <testcase time="0.00399999999999778" classname="proportions" name="MAP_Prior_ESS_is_lower_or_equal_than_upper_bound_thresholds"/>
    <testcase time="0.00500000000000256" classname="proportions" name="RMAP_Prior_Row_is_identical_in_both_MAP_Prior_as_well_as_Robust_MAP_Prior_Table"/>
    <testcase time="0.00600000000000023" classname="proportions" name="NTA_Table_is_lower_or_equal_than_lower_bound_thresholds"/>
    <testcase time="0.00399999999999778" classname="proportions" name="NTA_Table_ESS_is_lower_or_equal_than_lower_bound_thresholds"/>
    <testcase time="0.00400000000000489" classname="proportions" name="NA_values_are_in_the_same_positions_in_both_data_frames"/>
    <testcase time="0.00499999999999545" classname="proportions" name="NTA_Table_is_lower_or_equal_than_upper_bound_thresholds"/>
    <testcase time="0.00500000000000256" classname="proportions" name="NTA_Table_ESS_is_lower_or_equal_than_upper_bound_thresholds"/>
    <testcase time="0.00399999999999778" classname="proportions" name="NA_values_are_in_the_same_positions_in_both_data_frames"/>
    <testcase time="0.00500000000000256" classname="proportions" name="Robust_MAP_Prior_Row_is_identical_in_both_Robust_MAP_Prior_as_well_as_NTA_Table"/>
    <testcase time="2.762" classname="proportions" name="MAP_Prior_row_is_lower_or_equal_than_lower_bound_thresholds"/>
    <testcase time="0.00499999999999545" classname="proportions" name="MAP_Prior_ESS_is_lower_or_equal_than_lower_bound_thresholds"/>
    <testcase time="0.00500000000000256" classname="proportions" name="MAP_Prior_row_is_lower_or_equal_than_upper_bound_thresholds"/>
    <testcase time="0.00500000000000256" classname="proportions" name="MAP_Prior_ESS_is_lower_or_equal_than_upper_bound_thresholds"/>
    <testcase time="0.00499999999999545" classname="proportions" name="RMAP_Prior_Row_is_identical_in_both_MAP_Prior_as_well_as_Robust_MAP_Prior_Table"/>
    <testcase time="0.00500000000000256" classname="proportions" name="NTA_Table_is_lower_or_equal_than_lower_bound_thresholds"/>
    <testcase time="0.00500000000000256" classname="proportions" name="NTA_Table_ESS_is_lower_or_equal_than_lower_bound_thresholds"/>
    <testcase time="0.00399999999999778" classname="proportions" name="NA_values_are_in_the_same_positions_in_both_data_frames"/>
    <testcase time="0.00500000000000256" classname="proportions" name="NTA_Table_is_lower_or_equal_than_upper_bound_thresholds"/>
    <testcase time="0.00499999999999545" classname="proportions" name="NTA_Table_ESS_is_lower_or_equal_than_upper_bound_thresholds"/>
    <testcase time="0.00300000000000011" classname="proportions" name="NA_values_are_in_the_same_positions_in_both_data_frames"/>
    <testcase time="0.00500000000000256" classname="proportions" name="Robust_MAP_Prior_Row_is_identical_in_both_Robust_MAP_Prior_as_well_as_NTA_Table"/>
    <testcase time="3.564" classname="proportions" name="MAP_Prior_row_is_lower_or_equal_than_lower_bound_thresholds"/>
    <testcase time="0.00500000000000256" classname="proportions" name="MAP_Prior_ESS_is_lower_or_equal_than_lower_bound_thresholds"/>
    <testcase time="0.00499999999999545" classname="proportions" name="MAP_Prior_row_is_lower_or_equal_than_upper_bound_thresholds"/>
    <testcase time="0.00500000000000256" classname="proportions" name="MAP_Prior_ESS_is_lower_or_equal_than_upper_bound_thresholds"/>
    <testcase time="0.00499999999999545" classname="proportions" name="RMAP_Prior_Row_is_identical_in_both_MAP_Prior_as_well_as_Robust_MAP_Prior_Table"/>
    <testcase time="0.00900000000000034" classname="proportions" name="NTA_Table_is_lower_or_equal_than_lower_bound_thresholds"/>
    <testcase time="0.00500000000000256" classname="proportions" name="NTA_Table_ESS_is_lower_or_equal_than_lower_bound_thresholds"/>
    <testcase time="0.00399999999999778" classname="proportions" name="NA_values_are_in_the_same_positions_in_both_data_frames"/>
    <testcase time="0.00500000000000256" classname="proportions" name="NTA_Table_is_lower_or_equal_than_upper_bound_thresholds"/>
    <testcase time="0.00500000000000256" classname="proportions" name="NTA_Table_ESS_is_lower_or_equal_than_upper_bound_thresholds"/>
    <testcase time="0.00300000000000011" classname="proportions" name="NA_values_are_in_the_same_positions_in_both_data_frames"/>
    <testcase time="0.00499999999999545" classname="proportions" name="Robust_MAP_Prior_Row_is_identical_in_both_Robust_MAP_Prior_as_well_as_NTA_Table"/>
    <testcase time="3.908" classname="proportions" name="MAP_Prior_row_is_lower_or_equal_than_lower_bound_thresholds"/>
    <testcase time="0.00500000000000256" classname="proportions" name="MAP_Prior_ESS_is_lower_or_equal_than_lower_bound_thresholds"/>
    <testcase time="0.00600000000000023" classname="proportions" name="MAP_Prior_row_is_lower_or_equal_than_upper_bound_thresholds"/>
    <testcase time="0.00499999999999545" classname="proportions" name="MAP_Prior_ESS_is_lower_or_equal_than_upper_bound_thresholds"/>
    <testcase time="0.00500000000000256" classname="proportions" name="RMAP_Prior_Row_is_identical_in_both_MAP_Prior_as_well_as_Robust_MAP_Prior_Table"/>
    <testcase time="0.00500000000000256" classname="proportions" name="NTA_Table_is_lower_or_equal_than_lower_bound_thresholds"/>
    <testcase time="0.00499999999999545" classname="proportions" name="NTA_Table_ESS_is_lower_or_equal_than_lower_bound_thresholds"/>
    <testcase time="0.00400000000000489" classname="proportions" name="NA_values_are_in_the_same_positions_in_both_data_frames"/>
    <testcase time="0.00499999999999545" classname="proportions" name="NTA_Table_is_lower_or_equal_than_upper_bound_thresholds"/>
    <testcase time="0.00500000000000256" classname="proportions" name="NTA_Table_ESS_is_lower_or_equal_than_upper_bound_thresholds"/>
    <testcase time="0.00399999999999778" classname="proportions" name="NA_values_are_in_the_same_positions_in_both_data_frames"/>
    <testcase time="0.00500000000000256" classname="proportions" name="Robust_MAP_Prior_Row_is_identical_in_both_Robust_MAP_Prior_as_well_as_NTA_Table"/>
    <testcase time="3.4" classname="proportions" name="proportions_work_as_expected"/>
    <testcase time="0.0670000000000002" classname="proportions" name="proportions_work_as_expected"/>
    <testcase time="0.0450000000000017" classname="proportions" name="MAP_Prior_row_is_lower_or_equal_than_lower_bound_thresholds"/>
    <testcase time="0.00499999999999545" classname="proportions" name="MAP_Prior_ESS_is_lower_or_equal_than_lower_bound_thresholds"/>
    <testcase time="0.00600000000000023" classname="proportions" name="MAP_Prior_row_is_lower_or_equal_than_upper_bound_thresholds"/>
    <testcase time="0.00400000000000489" classname="proportions" name="MAP_Prior_ESS_is_lower_or_equal_than_upper_bound_thresholds"/>
    <testcase time="0.00499999999999545" classname="proportions" name="RMAP_Prior_Row_is_identical_in_both_MAP_Prior_as_well_as_Robust_MAP_Prior_Table"/>
    <testcase time="0.00600000000000023" classname="proportions" name="NTA_Table_is_lower_or_equal_than_lower_bound_thresholds"/>
    <testcase time="0.00500000000000256" classname="proportions" name="NTA_Table_ESS_is_lower_or_equal_than_lower_bound_thresholds"/>
    <testcase time="0.00399999999999778" classname="proportions" name="NA_values_are_in_the_same_positions_in_both_data_frames"/>
    <testcase time="0.00500000000000256" classname="proportions" name="NTA_Table_is_lower_or_equal_than_upper_bound_thresholds"/>
    <testcase time="0.00499999999999545" classname="proportions" name="NTA_Table_ESS_is_lower_or_equal_than_upper_bound_thresholds"/>
    <testcase time="0.00400000000000489" classname="proportions" name="NA_values_are_in_the_same_positions_in_both_data_frames"/>
    <testcase time="0.00499999999999545" classname="proportions" name="Robust_MAP_Prior_Row_is_identical_in_both_Robust_MAP_Prior_as_well_as_NTA_Table"/>
    <testcase time="2.638" classname="proportions" name="MAP_Prior_row_is_lower_or_equal_than_lower_bound_thresholds"/>
    <testcase time="0.00500000000000966" classname="proportions" name="MAP_Prior_ESS_is_lower_or_equal_than_lower_bound_thresholds"/>
    <testcase time="0.00600000000000023" classname="proportions" name="MAP_Prior_row_is_lower_or_equal_than_upper_bound_thresholds"/>
    <testcase time="0.00499999999999545" classname="proportions" name="MAP_Prior_ESS_is_lower_or_equal_than_upper_bound_thresholds"/>
    <testcase time="0.00600000000000023" classname="proportions" name="RMAP_Prior_Row_is_identical_in_both_MAP_Prior_as_well_as_Robust_MAP_Prior_Table"/>
    <testcase time="0.00499999999999545" classname="proportions" name="NTA_Table_is_lower_or_equal_than_lower_bound_thresholds"/>
    <testcase time="0.00500000000000966" classname="proportions" name="NTA_Table_ESS_is_lower_or_equal_than_lower_bound_thresholds"/>
    <testcase time="0.00399999999999068" classname="proportions" name="NA_values_are_in_the_same_positions_in_both_data_frames"/>
    <testcase time="0.00600000000000023" classname="proportions" name="NTA_Table_is_lower_or_equal_than_upper_bound_thresholds"/>
    <testcase time="0.00500000000000966" classname="proportions" name="NTA_Table_ESS_is_lower_or_equal_than_upper_bound_thresholds"/>
    <testcase time="0.00399999999999068" classname="proportions" name="NA_values_are_in_the_same_positions_in_both_data_frames"/>
    <testcase time="0.00500000000000966" classname="proportions" name="Robust_MAP_Prior_Row_is_identical_in_both_Robust_MAP_Prior_as_well_as_NTA_Table"/>
    <testcase time="2.592" classname="proportions" name="proportions_work_as_expected"/>
    <testcase time="0.0609999999999928" classname="proportions" name="proportions_work_as_expected"/>
    <testcase time="0.0390000000000015" classname="proportions" name="MAP_Prior_row_is_lower_or_equal_than_lower_bound_thresholds"/>
    <testcase time="0.00600000000000023" classname="proportions" name="MAP_Prior_ESS_is_lower_or_equal_than_lower_bound_thresholds"/>
    <testcase time="0.00600000000000023" classname="proportions" name="MAP_Prior_row_is_lower_or_equal_than_upper_bound_thresholds"/>
    <testcase time="0.00499999999999545" classname="proportions" name="MAP_Prior_ESS_is_lower_or_equal_than_upper_bound_thresholds"/>
    <testcase time="0.00600000000000023" classname="proportions" name="RMAP_Prior_Row_is_identical_in_both_MAP_Prior_as_well_as_Robust_MAP_Prior_Table"/>
    <testcase time="0.00600000000000023" classname="proportions" name="NTA_Table_is_lower_or_equal_than_lower_bound_thresholds"/>
    <testcase time="0.00500000000000966" classname="proportions" name="NTA_Table_ESS_is_lower_or_equal_than_lower_bound_thresholds"/>
    <testcase time="0.00399999999999068" classname="proportions" name="NA_values_are_in_the_same_positions_in_both_data_frames"/>
    <testcase time="0.00600000000000023" classname="proportions" name="NTA_Table_is_lower_or_equal_than_upper_bound_thresholds"/>
    <testcase time="0.00500000000000966" classname="proportions" name="NTA_Table_ESS_is_lower_or_equal_than_upper_bound_thresholds"/>
    <testcase time="0.00399999999999068" classname="proportions" name="NA_values_are_in_the_same_positions_in_both_data_frames"/>
    <testcase time="0.00600000000000023" classname="proportions" name="Robust_MAP_Prior_Row_is_identical_in_both_Robust_MAP_Prior_as_well_as_NTA_Table"/>
    <testcase time="0.00300000000000011" classname="proportions" name="proportions_work_as_expected">
      <skipped message="Reason: empty test ('test-proportions.R:2:1')"/>
    </testcase>
  </testsuite>
  <testsuite name="rates" timestamp="2024-08-13T07:27:31Z" hostname="b9d37203826b" tests="161" skipped="1" failures="0" errors="0" time="41.444">
    <testcase time="4.95100000000001" classname="rates" name="MAP_Prior_row_is_lower_or_equal_than_lower_bound_thresholds"/>
    <testcase time="0.00499999999999545" classname="rates" name="MAP_Prior_ESS_is_lower_or_equal_than_lower_bound_thresholds"/>
    <testcase time="0.00400000000000489" classname="rates" name="NA_values_are_in_the_same_positions_in_both_data_frames"/>
    <testcase time="0.00499999999999545" classname="rates" name="MAP_Prior_row_is_lower_or_equal_than_upper_bound_thresholds"/>
    <testcase time="0.00499999999999545" classname="rates" name="MAP_Prior_ESS_is_lower_or_equal_than_upper_bound_thresholds"/>
    <testcase time="0.00300000000000011" classname="rates" name="NA_values_are_in_the_same_positions_in_both_data_frames"/>
    <testcase time="0.00500000000000966" classname="rates" name="MAP_Prior_Row_is_identical_in_both_MAP_Prior_as_well_as_Robust_MAP_Prior_Table"/>
    <testcase time="0.00399999999999068" classname="rates" name="NA_values_are_in_the_same_positions_in_both_data_frames"/>
    <testcase time="0.00500000000000966" classname="rates" name="NTA_Table_is_lower_or_equal_than_lower_bound_thresholds"/>
    <testcase time="0.00399999999999068" classname="rates" name="NTA_Table_ESS_is_lower_or_equal_than_lower_bound_thresholds"/>
    <testcase time="0.00400000000000489" classname="rates" name="NA_values_are_in_the_same_positions_in_both_data_frames"/>
    <testcase time="0.00499999999999545" classname="rates" name="NTA_Table_is_lower_or_equal_than_upper_bound_thresholds"/>
    <testcase time="0.00500000000000966" classname="rates" name="NTA_Table_ESS_is_lower_or_equal_than_upper_bound_thresholds"/>
    <testcase time="0.00300000000000011" classname="rates" name="NA_values_are_in_the_same_positions_in_both_data_frames"/>
    <testcase time="0.00499999999999545" classname="rates" name="Robust_MAP_Prior_Row_is_identical_in_both_Robust_MAP_Prior_as_well_as_NTA_Table"/>
    <testcase time="0.00399999999999068" classname="rates" name="NA_values_are_in_the_same_positions_in_both_data_frames"/>
    <testcase time="4.28800000000001" classname="rates" name="MAP_Prior_row_is_lower_or_equal_than_lower_bound_thresholds"/>
    <testcase time="0.00499999999999545" classname="rates" name="MAP_Prior_ESS_is_lower_or_equal_than_lower_bound_thresholds"/>
    <testcase time="0.00300000000000011" classname="rates" name="NA_values_are_in_the_same_positions_in_both_data_frames"/>
    <testcase time="0.00499999999999545" classname="rates" name="MAP_Prior_row_is_lower_or_equal_than_upper_bound_thresholds"/>
    <testcase time="0.00500000000000966" classname="rates" name="MAP_Prior_ESS_is_lower_or_equal_than_upper_bound_thresholds"/>
    <testcase time="0.00300000000000011" classname="rates" name="NA_values_are_in_the_same_positions_in_both_data_frames"/>
    <testcase time="0.00400000000000489" classname="rates" name="MAP_Prior_Row_is_identical_in_both_MAP_Prior_as_well_as_Robust_MAP_Prior_Table"/>
    <testcase time="0.00400000000000489" classname="rates" name="NA_values_are_in_the_same_positions_in_both_data_frames"/>
    <testcase time="0.00499999999999545" classname="rates" name="NTA_Table_is_lower_or_equal_than_lower_bound_thresholds"/>
    <testcase time="0.00499999999999545" classname="rates" name="NTA_Table_ESS_is_lower_or_equal_than_lower_bound_thresholds"/>
    <testcase time="0.00300000000000011" classname="rates" name="NA_values_are_in_the_same_positions_in_both_data_frames"/>
    <testcase time="0.00500000000000966" classname="rates" name="NTA_Table_is_lower_or_equal_than_upper_bound_thresholds"/>
    <testcase time="0.00499999999999545" classname="rates" name="NTA_Table_ESS_is_lower_or_equal_than_upper_bound_thresholds"/>
    <testcase time="0.00300000000000011" classname="rates" name="NA_values_are_in_the_same_positions_in_both_data_frames"/>
    <testcase time="0.00499999999999545" classname="rates" name="Robust_MAP_Prior_Row_is_identical_in_both_Robust_MAP_Prior_as_well_as_NTA_Table"/>
    <testcase time="0.00400000000000489" classname="rates" name="NA_values_are_in_the_same_positions_in_both_data_frames"/>
    <testcase time="3.34699999999999" classname="rates" name="MAP_Prior_row_is_lower_or_equal_than_lower_bound_thresholds"/>
    <testcase time="0.00500000000000966" classname="rates" name="MAP_Prior_ESS_is_lower_or_equal_than_lower_bound_thresholds"/>
    <testcase time="0.00300000000000011" classname="rates" name="NA_values_are_in_the_same_positions_in_both_data_frames"/>
    <testcase time="0.00500000000000966" classname="rates" name="MAP_Prior_row_is_lower_or_equal_than_upper_bound_thresholds"/>
    <testcase time="0.00399999999999068" classname="rates" name="MAP_Prior_ESS_is_lower_or_equal_than_upper_bound_thresholds"/>
    <testcase time="0.00400000000000489" classname="rates" name="NA_values_are_in_the_same_positions_in_both_data_frames"/>
    <testcase time="0.00499999999999545" classname="rates" name="MAP_Prior_Row_is_identical_in_both_MAP_Prior_as_well_as_Robust_MAP_Prior_Table"/>
    <testcase time="0.00300000000000011" classname="rates" name="NA_values_are_in_the_same_positions_in_both_data_frames"/>
    <testcase time="0.00500000000000966" classname="rates" name="NTA_Table_is_lower_or_equal_than_lower_bound_thresholds"/>
    <testcase time="0.00499999999999545" classname="rates" name="NTA_Table_ESS_is_lower_or_equal_than_lower_bound_thresholds"/>
    <testcase time="0.00300000000000011" classname="rates" name="NA_values_are_in_the_same_positions_in_both_data_frames"/>
    <testcase time="0.00600000000000023" classname="rates" name="NTA_Table_is_lower_or_equal_than_upper_bound_thresholds"/>
    <testcase time="0.00400000000000489" classname="rates" name="NTA_Table_ESS_is_lower_or_equal_than_upper_bound_thresholds"/>
    <testcase time="0.00399999999999068" classname="rates" name="NA_values_are_in_the_same_positions_in_both_data_frames"/>
    <testcase time="0.00499999999999545" classname="rates" name="Robust_MAP_Prior_Row_is_identical_in_both_Robust_MAP_Prior_as_well_as_NTA_Table"/>
    <testcase time="0.00300000000000011" classname="rates" name="NA_values_are_in_the_same_positions_in_both_data_frames"/>
    <testcase time="4.355" classname="rates" name="MAP_Prior_row_is_lower_or_equal_than_lower_bound_thresholds"/>
    <testcase time="0.00500000000000966" classname="rates" name="MAP_Prior_ESS_is_lower_or_equal_than_lower_bound_thresholds"/>
    <testcase time="0.00399999999999068" classname="rates" name="NA_values_are_in_the_same_positions_in_both_data_frames"/>
    <testcase time="0.00499999999999545" classname="rates" name="MAP_Prior_row_is_lower_or_equal_than_upper_bound_thresholds"/>
    <testcase time="0.00500000000000966" classname="rates" name="MAP_Prior_ESS_is_lower_or_equal_than_upper_bound_thresholds"/>
    <testcase time="0.00300000000000011" classname="rates" name="NA_values_are_in_the_same_positions_in_both_data_frames"/>
    <testcase time="0.00499999999999545" classname="rates" name="MAP_Prior_Row_is_identical_in_both_MAP_Prior_as_well_as_Robust_MAP_Prior_Table"/>
    <testcase time="0.00400000000000489" classname="rates" name="NA_values_are_in_the_same_positions_in_both_data_frames"/>
    <testcase time="0.00499999999999545" classname="rates" name="NTA_Table_is_lower_or_equal_than_lower_bound_thresholds"/>
    <testcase time="0.00499999999999545" classname="rates" name="NTA_Table_ESS_is_lower_or_equal_than_lower_bound_thresholds"/>
    <testcase time="0.00400000000000489" classname="rates" name="NA_values_are_in_the_same_positions_in_both_data_frames"/>
    <testcase time="0.00499999999999545" classname="rates" name="NTA_Table_is_lower_or_equal_than_upper_bound_thresholds"/>
    <testcase time="0.00500000000000966" classname="rates" name="NTA_Table_ESS_is_lower_or_equal_than_upper_bound_thresholds"/>
    <testcase time="0.00399999999999068" classname="rates" name="NA_values_are_in_the_same_positions_in_both_data_frames"/>
    <testcase time="0.00400000000000489" classname="rates" name="Robust_MAP_Prior_Row_is_identical_in_both_Robust_MAP_Prior_as_well_as_NTA_Table"/>
    <testcase time="0.00400000000000489" classname="rates" name="NA_values_are_in_the_same_positions_in_both_data_frames"/>
    <testcase time="3.155" classname="rates" name="MAP_Prior_row_is_lower_or_equal_than_lower_bound_thresholds"/>
    <testcase time="0.00499999999999545" classname="rates" name="MAP_Prior_ESS_is_lower_or_equal_than_lower_bound_thresholds"/>
    <testcase time="0.00400000000000489" classname="rates" name="NA_values_are_in_the_same_positions_in_both_data_frames"/>
    <testcase time="0.00499999999999545" classname="rates" name="MAP_Prior_row_is_lower_or_equal_than_upper_bound_thresholds"/>
    <testcase time="0.00499999999999545" classname="rates" name="MAP_Prior_ESS_is_lower_or_equal_than_upper_bound_thresholds"/>
    <testcase time="0.00300000000000011" classname="rates" name="NA_values_are_in_the_same_positions_in_both_data_frames"/>
    <testcase time="0.00500000000000966" classname="rates" name="MAP_Prior_Row_is_identical_in_both_MAP_Prior_as_well_as_Robust_MAP_Prior_Table"/>
    <testcase time="0.00399999999999068" classname="rates" name="NA_values_are_in_the_same_positions_in_both_data_frames"/>
    <testcase time="0.00500000000000966" classname="rates" name="NTA_Table_is_lower_or_equal_than_lower_bound_thresholds"/>
    <testcase time="0.00499999999999545" classname="rates" name="NTA_Table_ESS_is_lower_or_equal_than_lower_bound_thresholds"/>
    <testcase time="0.00399999999999068" classname="rates" name="NA_values_are_in_the_same_positions_in_both_data_frames"/>
    <testcase time="0.00500000000000966" classname="rates" name="NTA_Table_is_lower_or_equal_than_upper_bound_thresholds"/>
    <testcase time="0.00499999999999545" classname="rates" name="NTA_Table_ESS_is_lower_or_equal_than_upper_bound_thresholds"/>
    <testcase time="0.00300000000000011" classname="rates" name="NA_values_are_in_the_same_positions_in_both_data_frames"/>
    <testcase time="0.00499999999999545" classname="rates" name="Robust_MAP_Prior_Row_is_identical_in_both_Robust_MAP_Prior_as_well_as_NTA_Table"/>
    <testcase time="0.00400000000000489" classname="rates" name="NA_values_are_in_the_same_positions_in_both_data_frames"/>
    <testcase time="5.28" classname="rates" name="MAP_Prior_row_is_lower_or_equal_than_lower_bound_thresholds"/>
    <testcase time="0.00499999999999545" classname="rates" name="MAP_Prior_ESS_is_lower_or_equal_than_lower_bound_thresholds"/>
    <testcase time="0.00400000000000489" classname="rates" name="NA_values_are_in_the_same_positions_in_both_data_frames"/>
    <testcase time="0.00499999999999545" classname="rates" name="MAP_Prior_row_is_lower_or_equal_than_upper_bound_thresholds"/>
    <testcase time="0.00400000000000489" classname="rates" name="MAP_Prior_ESS_is_lower_or_equal_than_upper_bound_thresholds"/>
    <testcase time="0.00399999999999068" classname="rates" name="NA_values_are_in_the_same_positions_in_both_data_frames"/>
    <testcase time="0.00500000000000966" classname="rates" name="MAP_Prior_Row_is_identical_in_both_MAP_Prior_as_well_as_Robust_MAP_Prior_Table"/>
    <testcase time="0.00399999999999068" classname="rates" name="NA_values_are_in_the_same_positions_in_both_data_frames"/>
    <testcase time="0.00500000000000966" classname="rates" name="NTA_Table_is_lower_or_equal_than_lower_bound_thresholds"/>
    <testcase time="0.00499999999999545" classname="rates" name="NTA_Table_ESS_is_lower_or_equal_than_lower_bound_thresholds"/>
    <testcase time="0.00400000000000489" classname="rates" name="NA_values_are_in_the_same_positions_in_both_data_frames"/>
    <testcase time="0.00600000000000023" classname="rates" name="NTA_Table_is_lower_or_equal_than_upper_bound_thresholds"/>
    <testcase time="0.00499999999999545" classname="rates" name="NTA_Table_ESS_is_lower_or_equal_than_upper_bound_thresholds"/>
    <testcase time="0.00300000000000011" classname="rates" name="NA_values_are_in_the_same_positions_in_both_data_frames"/>
    <testcase time="0.00600000000000023" classname="rates" name="Robust_MAP_Prior_Row_is_identical_in_both_Robust_MAP_Prior_as_well_as_NTA_Table"/>
    <testcase time="0.00300000000000011" classname="rates" name="NA_values_are_in_the_same_positions_in_both_data_frames"/>
    <testcase time="4.494" classname="rates" name="MAP_Prior_row_is_lower_or_equal_than_lower_bound_thresholds"/>
    <testcase time="0.00499999999999545" classname="rates" name="MAP_Prior_ESS_is_lower_or_equal_than_lower_bound_thresholds"/>
    <testcase time="0.00400000000000489" classname="rates" name="NA_values_are_in_the_same_positions_in_both_data_frames"/>
    <testcase time="0.00499999999999545" classname="rates" name="MAP_Prior_row_is_lower_or_equal_than_upper_bound_thresholds"/>
    <testcase time="0.00499999999999545" classname="rates" name="MAP_Prior_ESS_is_lower_or_equal_than_upper_bound_thresholds"/>
    <testcase time="0.00400000000000489" classname="rates" name="NA_values_are_in_the_same_positions_in_both_data_frames"/>
    <testcase time="0.00499999999999545" classname="rates" name="MAP_Prior_Row_is_identical_in_both_MAP_Prior_as_well_as_Robust_MAP_Prior_Table"/>
    <testcase time="0.00300000000000011" classname="rates" name="NA_values_are_in_the_same_positions_in_both_data_frames"/>
    <testcase time="0.00600000000000023" classname="rates" name="NTA_Table_is_lower_or_equal_than_lower_bound_thresholds"/>
    <testcase time="0.00500000000000966" classname="rates" name="NTA_Table_ESS_is_lower_or_equal_than_lower_bound_thresholds"/>
    <testcase time="0.00399999999999068" classname="rates" name="NA_values_are_in_the_same_positions_in_both_data_frames"/>
    <testcase time="0.00500000000000966" classname="rates" name="NTA_Table_is_lower_or_equal_than_upper_bound_thresholds"/>
    <testcase time="0.00499999999999545" classname="rates" name="NTA_Table_ESS_is_lower_or_equal_than_upper_bound_thresholds"/>
    <testcase time="0.00400000000000489" classname="rates" name="NA_values_are_in_the_same_positions_in_both_data_frames"/>
    <testcase time="0.00499999999999545" classname="rates" name="Robust_MAP_Prior_Row_is_identical_in_both_Robust_MAP_Prior_as_well_as_NTA_Table"/>
    <testcase time="0.00400000000000489" classname="rates" name="NA_values_are_in_the_same_positions_in_both_data_frames"/>
    <testcase time="4.84099999999999" classname="rates" name="MAP_Prior_row_is_lower_or_equal_than_lower_bound_thresholds"/>
    <testcase time="0.00499999999999545" classname="rates" name="MAP_Prior_ESS_is_lower_or_equal_than_lower_bound_thresholds"/>
    <testcase time="0.00400000000000489" classname="rates" name="NA_values_are_in_the_same_positions_in_both_data_frames"/>
    <testcase time="0.00499999999999545" classname="rates" name="MAP_Prior_row_is_lower_or_equal_than_upper_bound_thresholds"/>
    <testcase time="0.00500000000000966" classname="rates" name="MAP_Prior_ESS_is_lower_or_equal_than_upper_bound_thresholds"/>
    <testcase time="0.00399999999999068" classname="rates" name="NA_values_are_in_the_same_positions_in_both_data_frames"/>
    <testcase time="0.00500000000000966" classname="rates" name="MAP_Prior_Row_is_identical_in_both_MAP_Prior_as_well_as_Robust_MAP_Prior_Table"/>
    <testcase time="0.00399999999999068" classname="rates" name="NA_values_are_in_the_same_positions_in_both_data_frames"/>
    <testcase time="0.00600000000000023" classname="rates" name="NTA_Table_is_lower_or_equal_than_lower_bound_thresholds"/>
    <testcase time="0.00500000000000966" classname="rates" name="NTA_Table_ESS_is_lower_or_equal_than_lower_bound_thresholds"/>
    <testcase time="0.00399999999999068" classname="rates" name="NA_values_are_in_the_same_positions_in_both_data_frames"/>
    <testcase time="0.00500000000000966" classname="rates" name="NTA_Table_is_lower_or_equal_than_upper_bound_thresholds"/>
    <testcase time="0.00499999999999545" classname="rates" name="NTA_Table_ESS_is_lower_or_equal_than_upper_bound_thresholds"/>
    <testcase time="0.00400000000000489" classname="rates" name="NA_values_are_in_the_same_positions_in_both_data_frames"/>
    <testcase time="0.00499999999999545" classname="rates" name="Robust_MAP_Prior_Row_is_identical_in_both_Robust_MAP_Prior_as_well_as_NTA_Table"/>
    <testcase time="0.00400000000000489" classname="rates" name="NA_values_are_in_the_same_positions_in_both_data_frames"/>
    <testcase time="2.82799999999999" classname="rates" name="MAP_Prior_row_is_lower_or_equal_than_lower_bound_thresholds"/>
    <testcase time="0.00500000000000966" classname="rates" name="MAP_Prior_ESS_is_lower_or_equal_than_lower_bound_thresholds"/>
    <testcase time="0.00399999999999068" classname="rates" name="NA_values_are_in_the_same_positions_in_both_data_frames"/>
    <testcase time="0.00600000000000023" classname="rates" name="MAP_Prior_row_is_lower_or_equal_than_upper_bound_thresholds"/>
    <testcase time="0.00500000000000966" classname="rates" name="MAP_Prior_ESS_is_lower_or_equal_than_upper_bound_thresholds"/>
    <testcase time="0.00399999999999068" classname="rates" name="NA_values_are_in_the_same_positions_in_both_data_frames"/>
    <testcase time="0.00500000000000966" classname="rates" name="MAP_Prior_Row_is_identical_in_both_MAP_Prior_as_well_as_Robust_MAP_Prior_Table"/>
    <testcase time="0.00399999999999068" classname="rates" name="NA_values_are_in_the_same_positions_in_both_data_frames"/>
    <testcase time="0.00600000000000023" classname="rates" name="NTA_Table_is_lower_or_equal_than_lower_bound_thresholds"/>
    <testcase time="0.00500000000000966" classname="rates" name="NTA_Table_ESS_is_lower_or_equal_than_lower_bound_thresholds"/>
    <testcase time="0.00399999999999068" classname="rates" name="NA_values_are_in_the_same_positions_in_both_data_frames"/>
    <testcase time="0.00500000000000966" classname="rates" name="NTA_Table_is_lower_or_equal_than_upper_bound_thresholds"/>
    <testcase time="0.00600000000000023" classname="rates" name="NTA_Table_ESS_is_lower_or_equal_than_upper_bound_thresholds"/>
    <testcase time="0.00399999999999068" classname="rates" name="NA_values_are_in_the_same_positions_in_both_data_frames"/>
    <testcase time="0.00500000000000966" classname="rates" name="Robust_MAP_Prior_Row_is_identical_in_both_Robust_MAP_Prior_as_well_as_NTA_Table"/>
    <testcase time="0.00399999999999068" classname="rates" name="NA_values_are_in_the_same_positions_in_both_data_frames"/>
    <testcase time="3.221" classname="rates" name="MAP_Prior_row_is_lower_or_equal_than_lower_bound_thresholds"/>
    <testcase time="0.00600000000000023" classname="rates" name="MAP_Prior_ESS_is_lower_or_equal_than_lower_bound_thresholds"/>
    <testcase time="0.00400000000000489" classname="rates" name="NA_values_are_in_the_same_positions_in_both_data_frames"/>
    <testcase time="0.00600000000000023" classname="rates" name="MAP_Prior_row_is_lower_or_equal_than_upper_bound_thresholds"/>
    <testcase time="0.00499999999999545" classname="rates" name="MAP_Prior_ESS_is_lower_or_equal_than_upper_bound_thresholds"/>
    <testcase time="0.00400000000000489" classname="rates" name="NA_values_are_in_the_same_positions_in_both_data_frames"/>
    <testcase time="0.00499999999999545" classname="rates" name="MAP_Prior_Row_is_identical_in_both_MAP_Prior_as_well_as_Robust_MAP_Prior_Table"/>
    <testcase time="0.00400000000000489" classname="rates" name="NA_values_are_in_the_same_positions_in_both_data_frames"/>
    <testcase time="0.00600000000000023" classname="rates" name="NTA_Table_is_lower_or_equal_than_lower_bound_thresholds"/>
    <testcase time="0.00499999999999545" classname="rates" name="NTA_Table_ESS_is_lower_or_equal_than_lower_bound_thresholds"/>
    <testcase time="0.00399999999999068" classname="rates" name="NA_values_are_in_the_same_positions_in_both_data_frames"/>
    <testcase time="0.00600000000000023" classname="rates" name="NTA_Table_is_lower_or_equal_than_upper_bound_thresholds"/>
    <testcase time="0.00500000000000966" classname="rates" name="NTA_Table_ESS_is_lower_or_equal_than_upper_bound_thresholds"/>
    <testcase time="0.00399999999999068" classname="rates" name="NA_values_are_in_the_same_positions_in_both_data_frames"/>
    <testcase time="0.00600000000000023" classname="rates" name="Robust_MAP_Prior_Row_is_identical_in_both_Robust_MAP_Prior_as_well_as_NTA_Table"/>
    <testcase time="0.00400000000000489" classname="rates" name="NA_values_are_in_the_same_positions_in_both_data_frames"/>
    <testcase time="0.00300000000000011" classname="rates" name="incidence_rates_work_as_expected">
      <skipped message="Reason: empty test ('test-rates.R:2:1')"/>
    </testcase>
  </testsuite>
</testsuites>
