<?xml version="1.0" encoding="UTF-8"?>
<testsuites>
  <testsuite name="plots" timestamp="2024-08-08T09:10:26Z" hostname="f86cc723b66d" tests="16" skipped="0" failures="0" errors="0" time="0.09">
    <testcase time="0.0129999999999999" classname="plots" name="forest_plot_work_as_expected_in_proportions"/>
    <testcase time="0.0190000000000001" classname="plots" name="rob_map_plot_work_as_expected_in_proportions"/>
    <testcase time="0.0109999999999992" classname="plots" name="param_mix_plot_work_as_expected_in_proportions"/>
    <testcase time="0.00400000000000134" classname="plots" name="_unnamed_"/>
    <testcase time="0.00300000000000011" classname="plots" name="decision_making_plots_work_as_expected_in_proportions"/>
    <testcase time="0.00299999999999834" classname="plots" name="decision_making_plots_work_as_expected_in_proportions"/>
    <testcase time="0.0080000000000009" classname="plots" name="decision_making_plots_work_as_expected_in_proportions"/>
    <testcase time="0.00300000000000011" classname="plots" name="decision_making_plots_work_as_expected_in_proportions"/>
    <testcase time="0.00300000000000011" classname="plots" name="decision_making_plots_work_as_expected_in_proportions"/>
    <testcase time="0.00399999999999956" classname="plots" name="rob_map_plot_work_as_expected_in_proportions"/>
    <testcase time="0.00399999999999956" classname="plots" name="param_mix_plot_work_as_expected_in_proportions"/>
    <testcase time="0.00400000000000134" classname="plots" name="_unnamed_"/>
    <testcase time="0.00300000000000011" classname="plots" name="decision_making_plots_work_as_expected_in_proportions"/>
    <testcase time="0.00299999999999834" classname="plots" name="decision_making_plots_work_as_expected_in_proportions"/>
    <testcase time="0.00300000000000011" classname="plots" name="decision_making_plots_work_as_expected_in_proportions"/>
    <testcase time="0.00200000000000067" classname="plots" name="decision_making_plots_work_as_expected_in_proportions"/>
  </testsuite>
  <testsuite name="proportions" timestamp="2024-08-08T09:10:26Z" hostname="f86cc723b66d" tests="140" skipped="1" failures="0" errors="0" time="37.883">
    <testcase time="2.841" classname="proportions" name="proportions_work_as_expected"/>
    <testcase time="0.00600000000000023" classname="proportions" name="proportions_work_as_expected"/>
    <testcase time="0.204000000000001" classname="proportions" name="proportions_work_as_expected"/>
    <testcase time="0.512" classname="proportions" name="MAP_Prior_row_is_lower_or_equal_than_lower_bound_thresholds"/>
    <testcase time="0.00499999999999901" classname="proportions" name="MAP_Prior_ESS_is_lower_or_equal_than_lower_bound_thresholds"/>
    <testcase time="0.00600000000000023" classname="proportions" name="MAP_Prior_row_is_lower_or_equal_than_upper_bound_thresholds"/>
    <testcase time="0.00399999999999956" classname="proportions" name="MAP_Prior_ESS_is_lower_or_equal_than_upper_bound_thresholds"/>
    <testcase time="0.00500000000000078" classname="proportions" name="RMAP_Prior_Row_is_identical_in_both_MAP_Prior_as_well_as_Robust_MAP_Prior_Table"/>
    <testcase time="0.00500000000000078" classname="proportions" name="NTA_Table_is_lower_or_equal_than_lower_bound_thresholds"/>
    <testcase time="0.00499999999999901" classname="proportions" name="NTA_Table_ESS_is_lower_or_equal_than_lower_bound_thresholds"/>
    <testcase time="0.00300000000000011" classname="proportions" name="NA_values_are_in_the_same_positions_in_both_data_frames"/>
    <testcase time="0.00600000000000023" classname="proportions" name="NTA_Table_is_lower_or_equal_than_upper_bound_thresholds"/>
    <testcase time="0.00399999999999956" classname="proportions" name="NTA_Table_ESS_is_lower_or_equal_than_upper_bound_thresholds"/>
    <testcase time="0.00399999999999956" classname="proportions" name="NA_values_are_in_the_same_positions_in_both_data_frames"/>
    <testcase time="0.00500000000000078" classname="proportions" name="Robust_MAP_Prior_Row_is_identical_in_both_Robust_MAP_Prior_as_well_as_NTA_Table"/>
    <testcase time="3.287" classname="proportions" name="MAP_Prior_row_is_lower_or_equal_than_lower_bound_thresholds"/>
    <testcase time="0.00500000000000256" classname="proportions" name="MAP_Prior_ESS_is_lower_or_equal_than_lower_bound_thresholds"/>
    <testcase time="0.00499999999999901" classname="proportions" name="MAP_Prior_row_is_lower_or_equal_than_upper_bound_thresholds"/>
    <testcase time="0.00499999999999901" classname="proportions" name="MAP_Prior_ESS_is_lower_or_equal_than_upper_bound_thresholds"/>
    <testcase time="0.00499999999999901" classname="proportions" name="RMAP_Prior_Row_is_identical_in_both_MAP_Prior_as_well_as_Robust_MAP_Prior_Table"/>
    <testcase time="0.00500000000000256" classname="proportions" name="NTA_Table_is_lower_or_equal_than_lower_bound_thresholds"/>
    <testcase time="0.00399999999999778" classname="proportions" name="NTA_Table_ESS_is_lower_or_equal_than_lower_bound_thresholds"/>
    <testcase time="0.00400000000000134" classname="proportions" name="NA_values_are_in_the_same_positions_in_both_data_frames"/>
    <testcase time="0.00499999999999901" classname="proportions" name="NTA_Table_is_lower_or_equal_than_upper_bound_thresholds"/>
    <testcase time="0.00400000000000134" classname="proportions" name="NTA_Table_ESS_is_lower_or_equal_than_upper_bound_thresholds"/>
    <testcase time="0.00399999999999778" classname="proportions" name="NA_values_are_in_the_same_positions_in_both_data_frames"/>
    <testcase time="0.00500000000000256" classname="proportions" name="Robust_MAP_Prior_Row_is_identical_in_both_Robust_MAP_Prior_as_well_as_NTA_Table"/>
    <testcase time="3.37" classname="proportions" name="MAP_Prior_row_is_lower_or_equal_than_lower_bound_thresholds"/>
    <testcase time="0.00400000000000134" classname="proportions" name="MAP_Prior_ESS_is_lower_or_equal_than_lower_bound_thresholds"/>
    <testcase time="0.00600000000000023" classname="proportions" name="MAP_Prior_row_is_lower_or_equal_than_upper_bound_thresholds"/>
    <testcase time="0.00400000000000134" classname="proportions" name="MAP_Prior_ESS_is_lower_or_equal_than_upper_bound_thresholds"/>
    <testcase time="0.00499999999999901" classname="proportions" name="RMAP_Prior_Row_is_identical_in_both_MAP_Prior_as_well_as_Robust_MAP_Prior_Table"/>
    <testcase time="0.00499999999999901" classname="proportions" name="NTA_Table_is_lower_or_equal_than_lower_bound_thresholds"/>
    <testcase time="0.00799999999999912" classname="proportions" name="NTA_Table_ESS_is_lower_or_equal_than_lower_bound_thresholds"/>
    <testcase time="0.00300000000000011" classname="proportions" name="NA_values_are_in_the_same_positions_in_both_data_frames"/>
    <testcase time="0.00500000000000256" classname="proportions" name="NTA_Table_is_lower_or_equal_than_upper_bound_thresholds"/>
    <testcase time="0.00499999999999901" classname="proportions" name="NTA_Table_ESS_is_lower_or_equal_than_upper_bound_thresholds"/>
    <testcase time="0.00300000000000011" classname="proportions" name="NA_values_are_in_the_same_positions_in_both_data_frames"/>
    <testcase time="0.00499999999999901" classname="proportions" name="Robust_MAP_Prior_Row_is_identical_in_both_Robust_MAP_Prior_as_well_as_NTA_Table"/>
    <testcase time="3.284" classname="proportions" name="MAP_Prior_row_is_lower_or_equal_than_lower_bound_thresholds"/>
    <testcase time="0.00499999999999901" classname="proportions" name="MAP_Prior_ESS_is_lower_or_equal_than_lower_bound_thresholds"/>
    <testcase time="0.00499999999999901" classname="proportions" name="MAP_Prior_row_is_lower_or_equal_than_upper_bound_thresholds"/>
    <testcase time="0.00499999999999901" classname="proportions" name="MAP_Prior_ESS_is_lower_or_equal_than_upper_bound_thresholds"/>
    <testcase time="0.00400000000000134" classname="proportions" name="RMAP_Prior_Row_is_identical_in_both_MAP_Prior_as_well_as_Robust_MAP_Prior_Table"/>
    <testcase time="0.00600000000000023" classname="proportions" name="NTA_Table_is_lower_or_equal_than_lower_bound_thresholds"/>
    <testcase time="0.00400000000000134" classname="proportions" name="NTA_Table_ESS_is_lower_or_equal_than_lower_bound_thresholds"/>
    <testcase time="0.0069999999999979" classname="proportions" name="NA_values_are_in_the_same_positions_in_both_data_frames"/>
    <testcase time="0.00600000000000023" classname="proportions" name="NTA_Table_is_lower_or_equal_than_upper_bound_thresholds"/>
    <testcase time="0.00400000000000134" classname="proportions" name="NTA_Table_ESS_is_lower_or_equal_than_upper_bound_thresholds"/>
    <testcase time="0.00399999999999778" classname="proportions" name="NA_values_are_in_the_same_positions_in_both_data_frames"/>
    <testcase time="0.00400000000000134" classname="proportions" name="Robust_MAP_Prior_Row_is_identical_in_both_Robust_MAP_Prior_as_well_as_NTA_Table"/>
    <testcase time="4.717" classname="proportions" name="MAP_Prior_row_is_lower_or_equal_than_lower_bound_thresholds"/>
    <testcase time="0.00500000000000256" classname="proportions" name="MAP_Prior_ESS_is_lower_or_equal_than_lower_bound_thresholds"/>
    <testcase time="0.00499999999999901" classname="proportions" name="MAP_Prior_row_is_lower_or_equal_than_upper_bound_thresholds"/>
    <testcase time="0.00499999999999901" classname="proportions" name="MAP_Prior_ESS_is_lower_or_equal_than_upper_bound_thresholds"/>
    <testcase time="0.00799999999999912" classname="proportions" name="RMAP_Prior_Row_is_identical_in_both_MAP_Prior_as_well_as_Robust_MAP_Prior_Table"/>
    <testcase time="0.00600000000000023" classname="proportions" name="NTA_Table_is_lower_or_equal_than_lower_bound_thresholds"/>
    <testcase time="0.00400000000000134" classname="proportions" name="NTA_Table_ESS_is_lower_or_equal_than_lower_bound_thresholds"/>
    <testcase time="0.00400000000000134" classname="proportions" name="NA_values_are_in_the_same_positions_in_both_data_frames"/>
    <testcase time="0.00499999999999901" classname="proportions" name="NTA_Table_is_lower_or_equal_than_upper_bound_thresholds"/>
    <testcase time="0.00499999999999901" classname="proportions" name="NTA_Table_ESS_is_lower_or_equal_than_upper_bound_thresholds"/>
    <testcase time="0.00300000000000011" classname="proportions" name="NA_values_are_in_the_same_positions_in_both_data_frames"/>
    <testcase time="0.00499999999999901" classname="proportions" name="Robust_MAP_Prior_Row_is_identical_in_both_Robust_MAP_Prior_as_well_as_NTA_Table"/>
    <testcase time="2.773" classname="proportions" name="MAP_Prior_row_is_lower_or_equal_than_lower_bound_thresholds"/>
    <testcase time="0.00500000000000256" classname="proportions" name="MAP_Prior_ESS_is_lower_or_equal_than_lower_bound_thresholds"/>
    <testcase time="0.00500000000000256" classname="proportions" name="MAP_Prior_row_is_lower_or_equal_than_upper_bound_thresholds"/>
    <testcase time="0.00499999999999545" classname="proportions" name="MAP_Prior_ESS_is_lower_or_equal_than_upper_bound_thresholds"/>
    <testcase time="0.00500000000000256" classname="proportions" name="RMAP_Prior_Row_is_identical_in_both_MAP_Prior_as_well_as_Robust_MAP_Prior_Table"/>
    <testcase time="0.00499999999999545" classname="proportions" name="NTA_Table_is_lower_or_equal_than_lower_bound_thresholds"/>
    <testcase time="0.00500000000000256" classname="proportions" name="NTA_Table_ESS_is_lower_or_equal_than_lower_bound_thresholds"/>
    <testcase time="0.0069999999999979" classname="proportions" name="NA_values_are_in_the_same_positions_in_both_data_frames"/>
    <testcase time="0.00500000000000256" classname="proportions" name="NTA_Table_is_lower_or_equal_than_upper_bound_thresholds"/>
    <testcase time="0.00500000000000256" classname="proportions" name="NTA_Table_ESS_is_lower_or_equal_than_upper_bound_thresholds"/>
    <testcase time="0.00300000000000011" classname="proportions" name="NA_values_are_in_the_same_positions_in_both_data_frames"/>
    <testcase time="0.00499999999999545" classname="proportions" name="Robust_MAP_Prior_Row_is_identical_in_both_Robust_MAP_Prior_as_well_as_NTA_Table"/>
    <testcase time="3.553" classname="proportions" name="MAP_Prior_row_is_lower_or_equal_than_lower_bound_thresholds"/>
    <testcase time="0.00499999999999545" classname="proportions" name="MAP_Prior_ESS_is_lower_or_equal_than_lower_bound_thresholds"/>
    <testcase time="0.00500000000000256" classname="proportions" name="MAP_Prior_row_is_lower_or_equal_than_upper_bound_thresholds"/>
    <testcase time="0.00500000000000256" classname="proportions" name="MAP_Prior_ESS_is_lower_or_equal_than_upper_bound_thresholds"/>
    <testcase time="0.00499999999999545" classname="proportions" name="RMAP_Prior_Row_is_identical_in_both_MAP_Prior_as_well_as_Robust_MAP_Prior_Table"/>
    <testcase time="0.00500000000000256" classname="proportions" name="NTA_Table_is_lower_or_equal_than_lower_bound_thresholds"/>
    <testcase time="0.00500000000000256" classname="proportions" name="NTA_Table_ESS_is_lower_or_equal_than_lower_bound_thresholds"/>
    <testcase time="0.00300000000000011" classname="proportions" name="NA_values_are_in_the_same_positions_in_both_data_frames"/>
    <testcase time="0.00599999999999312" classname="proportions" name="NTA_Table_is_lower_or_equal_than_upper_bound_thresholds"/>
    <testcase time="0.00500000000000256" classname="proportions" name="NTA_Table_ESS_is_lower_or_equal_than_upper_bound_thresholds"/>
    <testcase time="0.00300000000000011" classname="proportions" name="NA_values_are_in_the_same_positions_in_both_data_frames"/>
    <testcase time="0.00500000000000256" classname="proportions" name="Robust_MAP_Prior_Row_is_identical_in_both_Robust_MAP_Prior_as_well_as_NTA_Table"/>
    <testcase time="3.908" classname="proportions" name="MAP_Prior_row_is_lower_or_equal_than_lower_bound_thresholds"/>
    <testcase time="0.00499999999999545" classname="proportions" name="MAP_Prior_ESS_is_lower_or_equal_than_lower_bound_thresholds"/>
    <testcase time="0.00600000000000023" classname="proportions" name="MAP_Prior_row_is_lower_or_equal_than_upper_bound_thresholds"/>
    <testcase time="0.00500000000000256" classname="proportions" name="MAP_Prior_ESS_is_lower_or_equal_than_upper_bound_thresholds"/>
    <testcase time="0.00399999999999778" classname="proportions" name="RMAP_Prior_Row_is_identical_in_both_MAP_Prior_as_well_as_Robust_MAP_Prior_Table"/>
    <testcase time="0.00600000000000023" classname="proportions" name="NTA_Table_is_lower_or_equal_than_lower_bound_thresholds"/>
    <testcase time="0.00399999999999778" classname="proportions" name="NTA_Table_ESS_is_lower_or_equal_than_lower_bound_thresholds"/>
    <testcase time="0.00300000000000011" classname="proportions" name="NA_values_are_in_the_same_positions_in_both_data_frames"/>
    <testcase time="0.00600000000000023" classname="proportions" name="NTA_Table_is_lower_or_equal_than_upper_bound_thresholds"/>
    <testcase time="0.00399999999999778" classname="proportions" name="NTA_Table_ESS_is_lower_or_equal_than_upper_bound_thresholds"/>
    <testcase time="0.00399999999999778" classname="proportions" name="NA_values_are_in_the_same_positions_in_both_data_frames"/>
    <testcase time="0.00500000000000256" classname="proportions" name="Robust_MAP_Prior_Row_is_identical_in_both_Robust_MAP_Prior_as_well_as_NTA_Table"/>
    <testcase time="3.392" classname="proportions" name="proportions_work_as_expected"/>
    <testcase time="0.0649999999999977" classname="proportions" name="proportions_work_as_expected"/>
    <testcase time="0.0459999999999994" classname="proportions" name="MAP_Prior_row_is_lower_or_equal_than_lower_bound_thresholds"/>
    <testcase time="0.00500000000000256" classname="proportions" name="MAP_Prior_ESS_is_lower_or_equal_than_lower_bound_thresholds"/>
    <testcase time="0.00500000000000256" classname="proportions" name="MAP_Prior_row_is_lower_or_equal_than_upper_bound_thresholds"/>
    <testcase time="0.00499999999999545" classname="proportions" name="MAP_Prior_ESS_is_lower_or_equal_than_upper_bound_thresholds"/>
    <testcase time="0.00500000000000256" classname="proportions" name="RMAP_Prior_Row_is_identical_in_both_MAP_Prior_as_well_as_Robust_MAP_Prior_Table"/>
    <testcase time="0.00600000000000023" classname="proportions" name="NTA_Table_is_lower_or_equal_than_lower_bound_thresholds"/>
    <testcase time="0.00499999999999545" classname="proportions" name="NTA_Table_ESS_is_lower_or_equal_than_lower_bound_thresholds"/>
    <testcase time="0.00400000000000489" classname="proportions" name="NA_values_are_in_the_same_positions_in_both_data_frames"/>
    <testcase time="0.00600000000000023" classname="proportions" name="NTA_Table_is_lower_or_equal_than_upper_bound_thresholds"/>
    <testcase time="0.00499999999999545" classname="proportions" name="NTA_Table_ESS_is_lower_or_equal_than_upper_bound_thresholds"/>
    <testcase time="0.00400000000000489" classname="proportions" name="NA_values_are_in_the_same_positions_in_both_data_frames"/>
    <testcase time="0.00499999999999545" classname="proportions" name="Robust_MAP_Prior_Row_is_identical_in_both_Robust_MAP_Prior_as_well_as_NTA_Table"/>
    <testcase time="2.633" classname="proportions" name="MAP_Prior_row_is_lower_or_equal_than_lower_bound_thresholds"/>
    <testcase time="0.00900000000000034" classname="proportions" name="MAP_Prior_ESS_is_lower_or_equal_than_lower_bound_thresholds"/>
    <testcase time="0.00600000000000023" classname="proportions" name="MAP_Prior_row_is_lower_or_equal_than_upper_bound_thresholds"/>
    <testcase time="0.00399999999999778" classname="proportions" name="MAP_Prior_ESS_is_lower_or_equal_than_upper_bound_thresholds"/>
    <testcase time="0.00500000000000256" classname="proportions" name="RMAP_Prior_Row_is_identical_in_both_MAP_Prior_as_well_as_Robust_MAP_Prior_Table"/>
    <testcase time="0.00600000000000023" classname="proportions" name="NTA_Table_is_lower_or_equal_than_lower_bound_thresholds"/>
    <testcase time="0.00499999999999545" classname="proportions" name="NTA_Table_ESS_is_lower_or_equal_than_lower_bound_thresholds"/>
    <testcase time="0.00500000000000256" classname="proportions" name="NA_values_are_in_the_same_positions_in_both_data_frames"/>
    <testcase time="0.00600000000000023" classname="proportions" name="NTA_Table_is_lower_or_equal_than_upper_bound_thresholds"/>
    <testcase time="0.00500000000000256" classname="proportions" name="NTA_Table_ESS_is_lower_or_equal_than_upper_bound_thresholds"/>
    <testcase time="0.00399999999999778" classname="proportions" name="NA_values_are_in_the_same_positions_in_both_data_frames"/>
    <testcase time="0.00500000000000256" classname="proportions" name="Robust_MAP_Prior_Row_is_identical_in_both_Robust_MAP_Prior_as_well_as_NTA_Table"/>
    <testcase time="2.595" classname="proportions" name="proportions_work_as_expected"/>
    <testcase time="0.0589999999999975" classname="proportions" name="proportions_work_as_expected"/>
    <testcase time="0.036999999999999" classname="proportions" name="MAP_Prior_row_is_lower_or_equal_than_lower_bound_thresholds"/>
    <testcase time="0.00600000000000023" classname="proportions" name="MAP_Prior_ESS_is_lower_or_equal_than_lower_bound_thresholds"/>
    <testcase time="0.00500000000000256" classname="proportions" name="MAP_Prior_row_is_lower_or_equal_than_upper_bound_thresholds"/>
    <testcase time="0.00900000000000034" classname="proportions" name="MAP_Prior_ESS_is_lower_or_equal_than_upper_bound_thresholds"/>
    <testcase time="0.00500000000000256" classname="proportions" name="RMAP_Prior_Row_is_identical_in_both_MAP_Prior_as_well_as_Robust_MAP_Prior_Table"/>
    <testcase time="0.00599999999999312" classname="proportions" name="NTA_Table_is_lower_or_equal_than_lower_bound_thresholds"/>
    <testcase time="0.00500000000000256" classname="proportions" name="NTA_Table_ESS_is_lower_or_equal_than_lower_bound_thresholds"/>
    <testcase time="0.00300000000000011" classname="proportions" name="NA_values_are_in_the_same_positions_in_both_data_frames"/>
    <testcase time="0.00600000000000023" classname="proportions" name="NTA_Table_is_lower_or_equal_than_upper_bound_thresholds"/>
    <testcase time="0.00500000000000256" classname="proportions" name="NTA_Table_ESS_is_lower_or_equal_than_upper_bound_thresholds"/>
    <testcase time="0.00399999999999778" classname="proportions" name="NA_values_are_in_the_same_positions_in_both_data_frames"/>
    <testcase time="0.00500000000000256" classname="proportions" name="Robust_MAP_Prior_Row_is_identical_in_both_Robust_MAP_Prior_as_well_as_NTA_Table"/>
    <testcase time="0.00300000000000011" classname="proportions" name="proportions_work_as_expected">
      <skipped message="Reason: empty test ('test-proportions.R:2:1')"/>
    </testcase>
  </testsuite>
  <testsuite name="rates" timestamp="2024-08-08T09:11:04Z" hostname="f86cc723b66d" tests="161" skipped="1" failures="0" errors="0" time="41.685">
    <testcase time="5.057" classname="rates" name="MAP_Prior_row_is_lower_or_equal_than_lower_bound_thresholds"/>
    <testcase time="0.00400000000000489" classname="rates" name="MAP_Prior_ESS_is_lower_or_equal_than_lower_bound_thresholds"/>
    <testcase time="0.00399999999999778" classname="rates" name="NA_values_are_in_the_same_positions_in_both_data_frames"/>
    <testcase time="0.00500000000000256" classname="rates" name="MAP_Prior_row_is_lower_or_equal_than_upper_bound_thresholds"/>
    <testcase time="0.00399999999999778" classname="rates" name="MAP_Prior_ESS_is_lower_or_equal_than_upper_bound_thresholds"/>
    <testcase time="0.00300000000000011" classname="rates" name="NA_values_are_in_the_same_positions_in_both_data_frames"/>
    <testcase time="0.00500000000000256" classname="rates" name="MAP_Prior_Row_is_identical_in_both_MAP_Prior_as_well_as_Robust_MAP_Prior_Table"/>
    <testcase time="0.00300000000000011" classname="rates" name="NA_values_are_in_the_same_positions_in_both_data_frames"/>
    <testcase time="0.00499999999999545" classname="rates" name="NTA_Table_is_lower_or_equal_than_lower_bound_thresholds"/>
    <testcase time="0.00500000000000256" classname="rates" name="NTA_Table_ESS_is_lower_or_equal_than_lower_bound_thresholds"/>
    <testcase time="0.00399999999999778" classname="rates" name="NA_values_are_in_the_same_positions_in_both_data_frames"/>
    <testcase time="0.00500000000000256" classname="rates" name="NTA_Table_is_lower_or_equal_than_upper_bound_thresholds"/>
    <testcase time="0.00399999999999778" classname="rates" name="NTA_Table_ESS_is_lower_or_equal_than_upper_bound_thresholds"/>
    <testcase time="0.00399999999999778" classname="rates" name="NA_values_are_in_the_same_positions_in_both_data_frames"/>
    <testcase time="0.00500000000000256" classname="rates" name="Robust_MAP_Prior_Row_is_identical_in_both_Robust_MAP_Prior_as_well_as_NTA_Table"/>
    <testcase time="0.00399999999999778" classname="rates" name="NA_values_are_in_the_same_positions_in_both_data_frames"/>
    <testcase time="4.176" classname="rates" name="MAP_Prior_row_is_lower_or_equal_than_lower_bound_thresholds"/>
    <testcase time="0.00500000000000256" classname="rates" name="MAP_Prior_ESS_is_lower_or_equal_than_lower_bound_thresholds"/>
    <testcase time="0.00399999999999778" classname="rates" name="NA_values_are_in_the_same_positions_in_both_data_frames"/>
    <testcase time="0.00500000000000256" classname="rates" name="MAP_Prior_row_is_lower_or_equal_than_upper_bound_thresholds"/>
    <testcase time="0.00399999999999778" classname="rates" name="MAP_Prior_ESS_is_lower_or_equal_than_upper_bound_thresholds"/>
    <testcase time="0.00399999999999778" classname="rates" name="NA_values_are_in_the_same_positions_in_both_data_frames"/>
    <testcase time="0.00400000000000489" classname="rates" name="MAP_Prior_Row_is_identical_in_both_MAP_Prior_as_well_as_Robust_MAP_Prior_Table"/>
    <testcase time="0.00399999999999778" classname="rates" name="NA_values_are_in_the_same_positions_in_both_data_frames"/>
    <testcase time="0.00500000000000256" classname="rates" name="NTA_Table_is_lower_or_equal_than_lower_bound_thresholds"/>
    <testcase time="0.00499999999999545" classname="rates" name="NTA_Table_ESS_is_lower_or_equal_than_lower_bound_thresholds"/>
    <testcase time="0.00300000000000011" classname="rates" name="NA_values_are_in_the_same_positions_in_both_data_frames"/>
    <testcase time="0.00500000000000256" classname="rates" name="NTA_Table_is_lower_or_equal_than_upper_bound_thresholds"/>
    <testcase time="0.00499999999999545" classname="rates" name="NTA_Table_ESS_is_lower_or_equal_than_upper_bound_thresholds"/>
    <testcase time="0.00300000000000011" classname="rates" name="NA_values_are_in_the_same_positions_in_both_data_frames"/>
    <testcase time="0.00500000000000256" classname="rates" name="Robust_MAP_Prior_Row_is_identical_in_both_Robust_MAP_Prior_as_well_as_NTA_Table"/>
    <testcase time="0.00300000000000011" classname="rates" name="NA_values_are_in_the_same_positions_in_both_data_frames"/>
    <testcase time="3.358" classname="rates" name="MAP_Prior_row_is_lower_or_equal_than_lower_bound_thresholds"/>
    <testcase time="0.00499999999999545" classname="rates" name="MAP_Prior_ESS_is_lower_or_equal_than_lower_bound_thresholds"/>
    <testcase time="0.00399999999999778" classname="rates" name="NA_values_are_in_the_same_positions_in_both_data_frames"/>
    <testcase time="0.00500000000000256" classname="rates" name="MAP_Prior_row_is_lower_or_equal_than_upper_bound_thresholds"/>
    <testcase time="0.00399999999999778" classname="rates" name="MAP_Prior_ESS_is_lower_or_equal_than_upper_bound_thresholds"/>
    <testcase time="0.00400000000000489" classname="rates" name="NA_values_are_in_the_same_positions_in_both_data_frames"/>
    <testcase time="0.00399999999999778" classname="rates" name="MAP_Prior_Row_is_identical_in_both_MAP_Prior_as_well_as_Robust_MAP_Prior_Table"/>
    <testcase time="0.00399999999999778" classname="rates" name="NA_values_are_in_the_same_positions_in_both_data_frames"/>
    <testcase time="0.00500000000000256" classname="rates" name="NTA_Table_is_lower_or_equal_than_lower_bound_thresholds"/>
    <testcase time="0.00399999999999778" classname="rates" name="NTA_Table_ESS_is_lower_or_equal_than_lower_bound_thresholds"/>
    <testcase time="0.00400000000000489" classname="rates" name="NA_values_are_in_the_same_positions_in_both_data_frames"/>
    <testcase time="0.00499999999999545" classname="rates" name="NTA_Table_is_lower_or_equal_than_upper_bound_thresholds"/>
    <testcase time="0.00500000000000256" classname="rates" name="NTA_Table_ESS_is_lower_or_equal_than_upper_bound_thresholds"/>
    <testcase time="0.00300000000000011" classname="rates" name="NA_values_are_in_the_same_positions_in_both_data_frames"/>
    <testcase time="0.00500000000000256" classname="rates" name="Robust_MAP_Prior_Row_is_identical_in_both_Robust_MAP_Prior_as_well_as_NTA_Table"/>
    <testcase time="0.00399999999999778" classname="rates" name="NA_values_are_in_the_same_positions_in_both_data_frames"/>
    <testcase time="4.355" classname="rates" name="MAP_Prior_row_is_lower_or_equal_than_lower_bound_thresholds"/>
    <testcase time="0.00399999999999068" classname="rates" name="MAP_Prior_ESS_is_lower_or_equal_than_lower_bound_thresholds"/>
    <testcase time="0.00400000000000489" classname="rates" name="NA_values_are_in_the_same_positions_in_both_data_frames"/>
    <testcase time="0.00499999999999545" classname="rates" name="MAP_Prior_row_is_lower_or_equal_than_upper_bound_thresholds"/>
    <testcase time="0.00500000000000966" classname="rates" name="MAP_Prior_ESS_is_lower_or_equal_than_upper_bound_thresholds"/>
    <testcase time="0.00300000000000011" classname="rates" name="NA_values_are_in_the_same_positions_in_both_data_frames"/>
    <testcase time="0.00499999999999545" classname="rates" name="MAP_Prior_Row_is_identical_in_both_MAP_Prior_as_well_as_Robust_MAP_Prior_Table"/>
    <testcase time="0.00400000000000489" classname="rates" name="NA_values_are_in_the_same_positions_in_both_data_frames"/>
    <testcase time="0.00499999999999545" classname="rates" name="NTA_Table_is_lower_or_equal_than_lower_bound_thresholds"/>
    <testcase time="0.00499999999999545" classname="rates" name="NTA_Table_ESS_is_lower_or_equal_than_lower_bound_thresholds"/>
    <testcase time="0.00300000000000011" classname="rates" name="NA_values_are_in_the_same_positions_in_both_data_frames"/>
    <testcase time="0.00500000000000966" classname="rates" name="NTA_Table_is_lower_or_equal_than_upper_bound_thresholds"/>
    <testcase time="0.00499999999999545" classname="rates" name="NTA_Table_ESS_is_lower_or_equal_than_upper_bound_thresholds"/>
    <testcase time="0.00399999999999068" classname="rates" name="NA_values_are_in_the_same_positions_in_both_data_frames"/>
    <testcase time="0.00400000000000489" classname="rates" name="Robust_MAP_Prior_Row_is_identical_in_both_Robust_MAP_Prior_as_well_as_NTA_Table"/>
    <testcase time="0.00400000000000489" classname="rates" name="NA_values_are_in_the_same_positions_in_both_data_frames"/>
    <testcase time="3.196" classname="rates" name="MAP_Prior_row_is_lower_or_equal_than_lower_bound_thresholds"/>
    <testcase time="0.00399999999999068" classname="rates" name="MAP_Prior_ESS_is_lower_or_equal_than_lower_bound_thresholds"/>
    <testcase time="0.00400000000000489" classname="rates" name="NA_values_are_in_the_same_positions_in_both_data_frames"/>
    <testcase time="0.00499999999999545" classname="rates" name="MAP_Prior_row_is_lower_or_equal_than_upper_bound_thresholds"/>
    <testcase time="0.00500000000000966" classname="rates" name="MAP_Prior_ESS_is_lower_or_equal_than_upper_bound_thresholds"/>
    <testcase time="0.00300000000000011" classname="rates" name="NA_values_are_in_the_same_positions_in_both_data_frames"/>
    <testcase time="0.00499999999999545" classname="rates" name="MAP_Prior_Row_is_identical_in_both_MAP_Prior_as_well_as_Robust_MAP_Prior_Table"/>
    <testcase time="0.00400000000000489" classname="rates" name="NA_values_are_in_the_same_positions_in_both_data_frames"/>
    <testcase time="0.00499999999999545" classname="rates" name="NTA_Table_is_lower_or_equal_than_lower_bound_thresholds"/>
    <testcase time="0.00499999999999545" classname="rates" name="NTA_Table_ESS_is_lower_or_equal_than_lower_bound_thresholds"/>
    <testcase time="0.00400000000000489" classname="rates" name="NA_values_are_in_the_same_positions_in_both_data_frames"/>
    <testcase time="0.00499999999999545" classname="rates" name="NTA_Table_is_lower_or_equal_than_upper_bound_thresholds"/>
    <testcase time="0.00499999999999545" classname="rates" name="NTA_Table_ESS_is_lower_or_equal_than_upper_bound_thresholds"/>
    <testcase time="0.00300000000000011" classname="rates" name="NA_values_are_in_the_same_positions_in_both_data_frames"/>
    <testcase time="0.00500000000000966" classname="rates" name="Robust_MAP_Prior_Row_is_identical_in_both_Robust_MAP_Prior_as_well_as_NTA_Table"/>
    <testcase time="0.00399999999999068" classname="rates" name="NA_values_are_in_the_same_positions_in_both_data_frames"/>
    <testcase time="5.387" classname="rates" name="MAP_Prior_row_is_lower_or_equal_than_lower_bound_thresholds"/>
    <testcase time="0.00500000000000966" classname="rates" name="MAP_Prior_ESS_is_lower_or_equal_than_lower_bound_thresholds"/>
    <testcase time="0.00399999999999068" classname="rates" name="NA_values_are_in_the_same_positions_in_both_data_frames"/>
    <testcase time="0.00600000000000023" classname="rates" name="MAP_Prior_row_is_lower_or_equal_than_upper_bound_thresholds"/>
    <testcase time="0.00400000000000489" classname="rates" name="MAP_Prior_ESS_is_lower_or_equal_than_upper_bound_thresholds"/>
    <testcase time="0.00400000000000489" classname="rates" name="NA_values_are_in_the_same_positions_in_both_data_frames"/>
    <testcase time="0.00499999999999545" classname="rates" name="MAP_Prior_Row_is_identical_in_both_MAP_Prior_as_well_as_Robust_MAP_Prior_Table"/>
    <testcase time="0.00400000000000489" classname="rates" name="NA_values_are_in_the_same_positions_in_both_data_frames"/>
    <testcase time="0.00499999999999545" classname="rates" name="NTA_Table_is_lower_or_equal_than_lower_bound_thresholds"/>
    <testcase time="0.00499999999999545" classname="rates" name="NTA_Table_ESS_is_lower_or_equal_than_lower_bound_thresholds"/>
    <testcase time="0.00800000000000978" classname="rates" name="NA_values_are_in_the_same_positions_in_both_data_frames"/>
    <testcase time="0.00499999999999545" classname="rates" name="NTA_Table_is_lower_or_equal_than_upper_bound_thresholds"/>
    <testcase time="0.00499999999999545" classname="rates" name="NTA_Table_ESS_is_lower_or_equal_than_upper_bound_thresholds"/>
    <testcase time="0.00400000000000489" classname="rates" name="NA_values_are_in_the_same_positions_in_both_data_frames"/>
    <testcase time="0.00499999999999545" classname="rates" name="Robust_MAP_Prior_Row_is_identical_in_both_Robust_MAP_Prior_as_well_as_NTA_Table"/>
    <testcase time="0.00300000000000011" classname="rates" name="NA_values_are_in_the_same_positions_in_both_data_frames"/>
    <testcase time="4.473" classname="rates" name="MAP_Prior_row_is_lower_or_equal_than_lower_bound_thresholds"/>
    <testcase time="0.00500000000000966" classname="rates" name="MAP_Prior_ESS_is_lower_or_equal_than_lower_bound_thresholds"/>
    <testcase time="0.00399999999999068" classname="rates" name="NA_values_are_in_the_same_positions_in_both_data_frames"/>
    <testcase time="0.00500000000000966" classname="rates" name="MAP_Prior_row_is_lower_or_equal_than_upper_bound_thresholds"/>
    <testcase time="0.00499999999999545" classname="rates" name="MAP_Prior_ESS_is_lower_or_equal_than_upper_bound_thresholds"/>
    <testcase time="0.00400000000000489" classname="rates" name="NA_values_are_in_the_same_positions_in_both_data_frames"/>
    <testcase time="0.00499999999999545" classname="rates" name="MAP_Prior_Row_is_identical_in_both_MAP_Prior_as_well_as_Robust_MAP_Prior_Table"/>
    <testcase time="0.00300000000000011" classname="rates" name="NA_values_are_in_the_same_positions_in_both_data_frames"/>
    <testcase time="0.00600000000000023" classname="rates" name="NTA_Table_is_lower_or_equal_than_lower_bound_thresholds"/>
    <testcase time="0.00499999999999545" classname="rates" name="NTA_Table_ESS_is_lower_or_equal_than_lower_bound_thresholds"/>
    <testcase time="0.00300000000000011" classname="rates" name="NA_values_are_in_the_same_positions_in_both_data_frames"/>
    <testcase time="0.00600000000000023" classname="rates" name="NTA_Table_is_lower_or_equal_than_upper_bound_thresholds"/>
    <testcase time="0.00499999999999545" classname="rates" name="NTA_Table_ESS_is_lower_or_equal_than_upper_bound_thresholds"/>
    <testcase time="0.00400000000000489" classname="rates" name="NA_values_are_in_the_same_positions_in_both_data_frames"/>
    <testcase time="0.00499999999999545" classname="rates" name="Robust_MAP_Prior_Row_is_identical_in_both_Robust_MAP_Prior_as_well_as_NTA_Table"/>
    <testcase time="0.00400000000000489" classname="rates" name="NA_values_are_in_the_same_positions_in_both_data_frames"/>
    <testcase time="4.83800000000001" classname="rates" name="MAP_Prior_row_is_lower_or_equal_than_lower_bound_thresholds"/>
    <testcase time="0.00499999999999545" classname="rates" name="MAP_Prior_ESS_is_lower_or_equal_than_lower_bound_thresholds"/>
    <testcase time="0.00400000000000489" classname="rates" name="NA_values_are_in_the_same_positions_in_both_data_frames"/>
    <testcase time="0.00600000000000023" classname="rates" name="MAP_Prior_row_is_lower_or_equal_than_upper_bound_thresholds"/>
    <testcase time="0.00399999999999068" classname="rates" name="MAP_Prior_ESS_is_lower_or_equal_than_upper_bound_thresholds"/>
    <testcase time="0.00400000000000489" classname="rates" name="NA_values_are_in_the_same_positions_in_both_data_frames"/>
    <testcase time="0.00499999999999545" classname="rates" name="MAP_Prior_Row_is_identical_in_both_MAP_Prior_as_well_as_Robust_MAP_Prior_Table"/>
    <testcase time="0.00400000000000489" classname="rates" name="NA_values_are_in_the_same_positions_in_both_data_frames"/>
    <testcase time="0.00600000000000023" classname="rates" name="NTA_Table_is_lower_or_equal_than_lower_bound_thresholds"/>
    <testcase time="0.00499999999999545" classname="rates" name="NTA_Table_ESS_is_lower_or_equal_than_lower_bound_thresholds"/>
    <testcase time="0.00400000000000489" classname="rates" name="NA_values_are_in_the_same_positions_in_both_data_frames"/>
    <testcase time="0.00499999999999545" classname="rates" name="NTA_Table_is_lower_or_equal_than_upper_bound_thresholds"/>
    <testcase time="0.00499999999999545" classname="rates" name="NTA_Table_ESS_is_lower_or_equal_than_upper_bound_thresholds"/>
    <testcase time="0.00400000000000489" classname="rates" name="NA_values_are_in_the_same_positions_in_both_data_frames"/>
    <testcase time="0.00499999999999545" classname="rates" name="Robust_MAP_Prior_Row_is_identical_in_both_Robust_MAP_Prior_as_well_as_NTA_Table"/>
    <testcase time="0.00400000000000489" classname="rates" name="NA_values_are_in_the_same_positions_in_both_data_frames"/>
    <testcase time="2.828" classname="rates" name="MAP_Prior_row_is_lower_or_equal_than_lower_bound_thresholds"/>
    <testcase time="0.00600000000000023" classname="rates" name="MAP_Prior_ESS_is_lower_or_equal_than_lower_bound_thresholds"/>
    <testcase time="0.00300000000000011" classname="rates" name="NA_values_are_in_the_same_positions_in_both_data_frames"/>
    <testcase time="0.00600000000000023" classname="rates" name="MAP_Prior_row_is_lower_or_equal_than_upper_bound_thresholds"/>
    <testcase time="0.00499999999999545" classname="rates" name="MAP_Prior_ESS_is_lower_or_equal_than_upper_bound_thresholds"/>
    <testcase time="0.00400000000000489" classname="rates" name="NA_values_are_in_the_same_positions_in_both_data_frames"/>
    <testcase time="0.00499999999999545" classname="rates" name="MAP_Prior_Row_is_identical_in_both_MAP_Prior_as_well_as_Robust_MAP_Prior_Table"/>
    <testcase time="0.00300000000000011" classname="rates" name="NA_values_are_in_the_same_positions_in_both_data_frames"/>
    <testcase time="0.00600000000000023" classname="rates" name="NTA_Table_is_lower_or_equal_than_lower_bound_thresholds"/>
    <testcase time="0.00499999999999545" classname="rates" name="NTA_Table_ESS_is_lower_or_equal_than_lower_bound_thresholds"/>
    <testcase time="0.00400000000000489" classname="rates" name="NA_values_are_in_the_same_positions_in_both_data_frames"/>
    <testcase time="0.00499999999999545" classname="rates" name="NTA_Table_is_lower_or_equal_than_upper_bound_thresholds"/>
    <testcase time="0.00500000000000966" classname="rates" name="NTA_Table_ESS_is_lower_or_equal_than_upper_bound_thresholds"/>
    <testcase time="0.00399999999999068" classname="rates" name="NA_values_are_in_the_same_positions_in_both_data_frames"/>
    <testcase time="0.00500000000000966" classname="rates" name="Robust_MAP_Prior_Row_is_identical_in_both_Robust_MAP_Prior_as_well_as_NTA_Table"/>
    <testcase time="0.00399999999999068" classname="rates" name="NA_values_are_in_the_same_positions_in_both_data_frames"/>
    <testcase time="3.334" classname="rates" name="MAP_Prior_row_is_lower_or_equal_than_lower_bound_thresholds"/>
    <testcase time="0.00499999999999545" classname="rates" name="MAP_Prior_ESS_is_lower_or_equal_than_lower_bound_thresholds"/>
    <testcase time="0.00400000000000489" classname="rates" name="NA_values_are_in_the_same_positions_in_both_data_frames"/>
    <testcase time="0.00600000000000023" classname="rates" name="MAP_Prior_row_is_lower_or_equal_than_upper_bound_thresholds"/>
    <testcase time="0.00499999999999545" classname="rates" name="MAP_Prior_ESS_is_lower_or_equal_than_upper_bound_thresholds"/>
    <testcase time="0.00400000000000489" classname="rates" name="NA_values_are_in_the_same_positions_in_both_data_frames"/>
    <testcase time="0.00600000000000023" classname="rates" name="MAP_Prior_Row_is_identical_in_both_MAP_Prior_as_well_as_Robust_MAP_Prior_Table"/>
    <testcase time="0.007000000000005" classname="rates" name="NA_values_are_in_the_same_positions_in_both_data_frames"/>
    <testcase time="0.00600000000000023" classname="rates" name="NTA_Table_is_lower_or_equal_than_lower_bound_thresholds"/>
    <testcase time="0.00499999999999545" classname="rates" name="NTA_Table_ESS_is_lower_or_equal_than_lower_bound_thresholds"/>
    <testcase time="0.00400000000000489" classname="rates" name="NA_values_are_in_the_same_positions_in_both_data_frames"/>
    <testcase time="0.00499999999999545" classname="rates" name="NTA_Table_is_lower_or_equal_than_upper_bound_thresholds"/>
    <testcase time="0.00499999999999545" classname="rates" name="NTA_Table_ESS_is_lower_or_equal_than_upper_bound_thresholds"/>
    <testcase time="0.00400000000000489" classname="rates" name="NA_values_are_in_the_same_positions_in_both_data_frames"/>
    <testcase time="0.00499999999999545" classname="rates" name="Robust_MAP_Prior_Row_is_identical_in_both_Robust_MAP_Prior_as_well_as_NTA_Table"/>
    <testcase time="0.00400000000000489" classname="rates" name="NA_values_are_in_the_same_positions_in_both_data_frames"/>
    <testcase time="0.00300000000000011" classname="rates" name="incidence_rates_work_as_expected">
      <skipped message="Reason: empty test ('test-rates.R:2:1')"/>
    </testcase>
  </testsuite>
</testsuites>
