<?xml version="1.0" encoding="UTF-8"?>
<testsuites>
  <testsuite name="dummy" timestamp="2024-05-07T17:08:29Z" hostname="cc341749d963" tests="1" skipped="0" failures="0" errors="0" time="0.074">
    <testcase time="0.074" classname="dummy" name="dummy"/>
  </testsuite>
</testsuites>
