<?xml version="1.0" encoding="UTF-8"?>
<testsuites>
  <testsuite name="api" timestamp="2023-08-07T13:30:29Z" hostname="5f4256606f7a" tests="1" skipped="0" failures="0" errors="0" time="4.383">
    <testcase time="4.383" classname="api" name="API_greets_the_person"/>
  </testsuite>
  <testsuite name="hello" timestamp="2023-08-07T13:30:34Z" hostname="5f4256606f7a" tests="1" skipped="0" failures="0" errors="0" time="0.147">
    <testcase time="0.147" classname="hello" name="hello_greets_the_entity"/>
  </testsuite>
  <testsuite name="shiny" timestamp="2023-08-07T13:30:34Z" hostname="5f4256606f7a" tests="1" skipped="0" failures="0" errors="0" time="3.749">
    <testcase time="3.749" classname="shiny" name="The_Shiny_App_returns_a_proper_greeting"/>
  </testsuite>
</testsuites>
