<?xml version="1.0" encoding="UTF-8"?>
<testsuites>
  <testsuite name="dummy" timestamp="2024-05-16T09:44:53Z" hostname="5312bda7e434" tests="1" skipped="0" failures="0" errors="0" time="0.059">
    <testcase time="0.059" classname="dummy" name="dummy"/>
  </testsuite>
</testsuites>
