<?xml version="1.0" encoding="UTF-8"?>
<testsuites>
  <testsuite name="api" timestamp="2023-08-07T12:44:19Z" hostname="ce445e2dc920" tests="1" skipped="0" failures="0" errors="0" time="4.057">
    <testcase time="4.057" classname="api" name="API_greets_the_person"/>
  </testsuite>
  <testsuite name="hello" timestamp="2023-08-07T12:44:23Z" hostname="ce445e2dc920" tests="1" skipped="0" failures="0" errors="0" time="0.106">
    <testcase time="0.106" classname="hello" name="hello_greets_the_entity"/>
  </testsuite>
  <testsuite name="shiny" timestamp="2023-08-07T12:44:23Z" hostname="ce445e2dc920" tests="1" skipped="0" failures="0" errors="0" time="3.123">
    <testcase time="3.123" classname="shiny" name="The_Shiny_App_returns_a_proper_greeting"/>
  </testsuite>
</testsuites>
