<?xml version="1.0" encoding="UTF-8"?>
<testsuites>
  <testsuite name="ae_summary_table" timestamp="2024-11-21T08:46:12Z" hostname="e32d1dcf2012" tests="2" skipped="0" failures="0" errors="0" time="16.812">
    <testcase time="16.787" classname="ae_summary_table" name="ae_summary_table_function_works_as_expected"/>
    <testcase time="0.0249999999999986" classname="ae_summary_table" name="ae_summary_table_function_works_as_expected"/>
  </testsuite>
  <testsuite name="ae_summary_table_helpers" timestamp="2024-11-21T08:46:28Z" hostname="e32d1dcf2012" tests="3" skipped="0" failures="0" errors="0" time="0.053">
    <testcase time="0.0500000000000007" classname="ae_summary_table_helpers" name="test_ae_summary_table_helpers.R_works_as_expected"/>
    <testcase time="0.000999999999997669" classname="ae_summary_table_helpers" name="test_ae_summary_table_helpers.R_works_as_expected"/>
    <testcase time="0.00200000000000244" classname="ae_summary_table_helpers" name="test_ae_summary_table_helpers.R_works_as_expected"/>
  </testsuite>
  <testsuite name="display" timestamp="2024-11-21T08:46:28Z" hostname="e32d1dcf2012" tests="24" skipped="0" failures="0" errors="0" time="0.968">
    <testcase time="0.884" classname="display" name="display.R_works_as_expected"/>
    <testcase time="0.000999999999997669" classname="display" name="display.R_works_as_expected"/>
    <testcase time="0.00100000000000122" classname="display" name="display.R_works_as_expected"/>
    <testcase time="0.00199999999999889" classname="display" name="display.R_works_as_expected"/>
    <testcase time="0.00300000000000011" classname="display" name="display.R_works_as_expected"/>
    <testcase time="0.00100000000000122" classname="display" name="display.R_works_as_expected"/>
    <testcase time="0.000999999999997669" classname="display" name="display.R_works_as_expected"/>
    <testcase time="0.00100000000000122" classname="display" name="display.R_works_as_expected"/>
    <testcase time="0.00199999999999889" classname="display" name="display.R_works_as_expected"/>
    <testcase time="0.00100000000000122" classname="display" name="display.R_works_as_expected"/>
    <testcase time="0.00100000000000122" classname="display" name="display.R_works_as_expected"/>
    <testcase time="0.000999999999997669" classname="display" name="display.R_works_as_expected"/>
    <testcase time="0.00200000000000244" classname="display" name="display.R_works_as_expected"/>
    <testcase time="0.000999999999997669" classname="display" name="display.R_works_as_expected"/>
    <testcase time="0.00100000000000122" classname="display" name="display.R_works_as_expected"/>
    <testcase time="0.00100000000000122" classname="display" name="display.R_works_as_expected"/>
    <testcase time="0.0549999999999997" classname="display" name="display.R_works_as_expected"/>
    <testcase time="0.00199999999999889" classname="display" name="display.R_works_as_expected"/>
    <testcase time="0.00100000000000122" classname="display" name="display.R_works_as_expected"/>
    <testcase time="0.000999999999997669" classname="display" name="display.R_works_as_expected"/>
    <testcase time="0.00200000000000244" classname="display" name="display.R_works_as_expected"/>
    <testcase time="0.000999999999997669" classname="display" name="display.R_works_as_expected"/>
    <testcase time="0.00100000000000122" classname="display" name="display.R_works_as_expected"/>
    <testcase time="0.00100000000000122" classname="display" name="display.R_works_as_expected"/>
  </testsuite>
  <testsuite name="plots" timestamp="2024-11-21T08:46:29Z" hostname="e32d1dcf2012" tests="16" skipped="0" failures="0" errors="0" time="0.081">
    <testcase time="0.00900000000000034" classname="plots" name="forest_plot_work_as_expected_in_proportions"/>
    <testcase time="0.00799999999999912" classname="plots" name="rob_map_plot_work_as_expected_in_proportions"/>
    <testcase time="0.00600000000000023" classname="plots" name="param_mix_plot_work_as_expected_in_proportions"/>
    <testcase time="0.00499999999999901" classname="plots" name="_unnamed_"/>
    <testcase time="0.00400000000000134" classname="plots" name="decision_making_plots_work_as_expected_in_proportions"/>
    <testcase time="0.00300000000000011" classname="plots" name="decision_making_plots_work_as_expected_in_proportions"/>
    <testcase time="0.00199999999999889" classname="plots" name="decision_making_plots_work_as_expected_in_proportions"/>
    <testcase time="0.00300000000000011" classname="plots" name="decision_making_plots_work_as_expected_in_proportions"/>
    <testcase time="0.00300000000000011" classname="plots" name="decision_making_plots_work_as_expected_in_proportions"/>
    <testcase time="0.00600000000000023" classname="plots" name="rob_map_plot_work_as_expected_in_proportions"/>
    <testcase time="0.0069999999999979" classname="plots" name="param_mix_plot_work_as_expected_in_proportions"/>
    <testcase time="0.00600000000000023" classname="plots" name="_unnamed_"/>
    <testcase time="0.00400000000000134" classname="plots" name="decision_making_plots_work_as_expected_in_proportions"/>
    <testcase time="0.00400000000000134" classname="plots" name="decision_making_plots_work_as_expected_in_proportions"/>
    <testcase time="0.00799999999999912" classname="plots" name="decision_making_plots_work_as_expected_in_proportions"/>
    <testcase time="0.00300000000000011" classname="plots" name="decision_making_plots_work_as_expected_in_proportions"/>
  </testsuite>
  <testsuite name="proportions" timestamp="2024-11-21T08:46:30Z" hostname="e32d1dcf2012" tests="139" skipped="1" failures="0" errors="0" time="39.613">
    <testcase time="4.265" classname="proportions" name="proportions_work_as_expected"/>
    <testcase time="0.0640000000000001" classname="proportions" name="proportions_work_as_expected"/>
    <testcase time="0.0450000000000017" classname="proportions" name="MAP_Prior_row_is_higher_or_equal_than_lower_bound_thresholds_in_any"/>
    <testcase time="0.00600000000000023" classname="proportions" name="MAP_Prior_ESS_is_higher_or_equal_than_lower_bound_thresholds_in_any"/>
    <testcase time="0.00600000000000023" classname="proportions" name="MAP_Prior_row_is_lower_or_equal_than_upper_bound_thresholds_in_any"/>
    <testcase time="0.00600000000000023" classname="proportions" name="MAP_Prior_ESS_is_lower_or_equal_than_upper_bound_thresholds_in_any"/>
    <testcase time="0.00599999999999312" classname="proportions" name="RMAP_Prior_Row_is_identical_in_both_MAP_Prior_as_well_as_Robust_MAP_Prior_Table_in_any"/>
    <testcase time="0.007000000000005" classname="proportions" name="NTA_Table_is_higher_or_equal_than_lower_bound_thresholds_in_any"/>
    <testcase time="0.0069999999999979" classname="proportions" name="NTA_Table_ESS_is_higher_or_equal_than_lower_bound_thresholds_in_any"/>
    <testcase time="0.00600000000000023" classname="proportions" name="NA_values_are_in_the_same_positions_in_both_data_frames_in_any"/>
    <testcase time="0.0069999999999979" classname="proportions" name="NTA_Table_is_lower_or_equal_than_upper_bound_thresholds_in_any"/>
    <testcase time="0.00600000000000023" classname="proportions" name="NTA_Table_ESS_is_lower_or_equal_than_upper_bound_thresholds_in_any"/>
    <testcase time="0.00600000000000023" classname="proportions" name="NA_values_are_in_the_same_positions_in_both_data_frames_in_any"/>
    <testcase time="0.007000000000005" classname="proportions" name="Robust_MAP_Prior_Row_is_identical_in_both_Robust_MAP_Prior_as_well_as_NTA_Table_in_any"/>
    <testcase time="3.35599999999999" classname="proportions" name="MAP_Prior_row_is_higher_or_equal_than_lower_bound_thresholds_in_Scen01"/>
    <testcase time="0.007000000000005" classname="proportions" name="MAP_Prior_ESS_is_higher_or_equal_than_lower_bound_thresholds_in_Scen01"/>
    <testcase time="0.0069999999999979" classname="proportions" name="MAP_Prior_row_is_lower_or_equal_than_upper_bound_thresholds_in_Scen01"/>
    <testcase time="0.00600000000000023" classname="proportions" name="MAP_Prior_ESS_is_lower_or_equal_than_upper_bound_thresholds_in_Scen01"/>
    <testcase time="0.00600000000000023" classname="proportions" name="RMAP_Prior_Row_is_identical_in_both_MAP_Prior_as_well_as_Robust_MAP_Prior_Table_in_Scen01"/>
    <testcase time="0.0069999999999979" classname="proportions" name="NTA_Table_is_higher_or_equal_than_lower_bound_thresholds_in_Scen01"/>
    <testcase time="0.00600000000000023" classname="proportions" name="NTA_Table_ESS_is_higher_or_equal_than_lower_bound_thresholds_in_Scen01"/>
    <testcase time="0.0069999999999979" classname="proportions" name="NA_values_are_in_the_same_positions_in_both_data_frames_in_Scen01"/>
    <testcase time="0.007000000000005" classname="proportions" name="NTA_Table_is_lower_or_equal_than_upper_bound_thresholds_in_Scen01"/>
    <testcase time="0.00600000000000023" classname="proportions" name="NTA_Table_ESS_is_lower_or_equal_than_upper_bound_thresholds_in_Scen01"/>
    <testcase time="0.00600000000000023" classname="proportions" name="NA_values_are_in_the_same_positions_in_both_data_frames_in_Scen01"/>
    <testcase time="0.0069999999999979" classname="proportions" name="Robust_MAP_Prior_Row_is_identical_in_both_Robust_MAP_Prior_as_well_as_NTA_Table_in_Scen01"/>
    <testcase time="3.427" classname="proportions" name="MAP_Prior_row_is_higher_or_equal_than_lower_bound_thresholds_in_Scen02"/>
    <testcase time="0.00600000000000023" classname="proportions" name="MAP_Prior_ESS_is_higher_or_equal_than_lower_bound_thresholds_in_Scen02"/>
    <testcase time="0.00600000000000023" classname="proportions" name="MAP_Prior_row_is_lower_or_equal_than_upper_bound_thresholds_in_Scen02"/>
    <testcase time="0.00999999999999801" classname="proportions" name="MAP_Prior_ESS_is_lower_or_equal_than_upper_bound_thresholds_in_Scen02"/>
    <testcase time="0.00600000000000023" classname="proportions" name="RMAP_Prior_Row_is_identical_in_both_MAP_Prior_as_well_as_Robust_MAP_Prior_Table_in_Scen02"/>
    <testcase time="0.0069999999999979" classname="proportions" name="NTA_Table_is_higher_or_equal_than_lower_bound_thresholds_in_Scen02"/>
    <testcase time="0.00500000000000256" classname="proportions" name="NTA_Table_ESS_is_higher_or_equal_than_lower_bound_thresholds_in_Scen02"/>
    <testcase time="0.00600000000000023" classname="proportions" name="NA_values_are_in_the_same_positions_in_both_data_frames_in_Scen02"/>
    <testcase time="0.0069999999999979" classname="proportions" name="NTA_Table_is_lower_or_equal_than_upper_bound_thresholds_in_Scen02"/>
    <testcase time="0.00600000000000023" classname="proportions" name="NTA_Table_ESS_is_lower_or_equal_than_upper_bound_thresholds_in_Scen02"/>
    <testcase time="0.00600000000000023" classname="proportions" name="NA_values_are_in_the_same_positions_in_both_data_frames_in_Scen02"/>
    <testcase time="0.00600000000000023" classname="proportions" name="Robust_MAP_Prior_Row_is_identical_in_both_Robust_MAP_Prior_as_well_as_NTA_Table_in_Scen02"/>
    <testcase time="3.353" classname="proportions" name="MAP_Prior_row_is_higher_or_equal_than_lower_bound_thresholds_in_Scen03"/>
    <testcase time="0.00600000000000023" classname="proportions" name="MAP_Prior_ESS_is_higher_or_equal_than_lower_bound_thresholds_in_Scen03"/>
    <testcase time="0.0069999999999979" classname="proportions" name="MAP_Prior_row_is_lower_or_equal_than_upper_bound_thresholds_in_Scen03"/>
    <testcase time="0.0100000000000051" classname="proportions" name="MAP_Prior_ESS_is_lower_or_equal_than_upper_bound_thresholds_in_Scen03"/>
    <testcase time="0.00600000000000023" classname="proportions" name="RMAP_Prior_Row_is_identical_in_both_MAP_Prior_as_well_as_Robust_MAP_Prior_Table_in_Scen03"/>
    <testcase time="0.00600000000000023" classname="proportions" name="NTA_Table_is_higher_or_equal_than_lower_bound_thresholds_in_Scen03"/>
    <testcase time="0.00600000000000023" classname="proportions" name="NTA_Table_ESS_is_higher_or_equal_than_lower_bound_thresholds_in_Scen03"/>
    <testcase time="0.00600000000000023" classname="proportions" name="NA_values_are_in_the_same_positions_in_both_data_frames_in_Scen03"/>
    <testcase time="0.00599999999999312" classname="proportions" name="NTA_Table_is_lower_or_equal_than_upper_bound_thresholds_in_Scen03"/>
    <testcase time="0.00600000000000023" classname="proportions" name="NTA_Table_ESS_is_lower_or_equal_than_upper_bound_thresholds_in_Scen03"/>
    <testcase time="0.00600000000000023" classname="proportions" name="NA_values_are_in_the_same_positions_in_both_data_frames_in_Scen03"/>
    <testcase time="0.00600000000000023" classname="proportions" name="Robust_MAP_Prior_Row_is_identical_in_both_Robust_MAP_Prior_as_well_as_NTA_Table_in_Scen03"/>
    <testcase time="4.746" classname="proportions" name="MAP_Prior_row_is_higher_or_equal_than_lower_bound_thresholds_in_Scen05"/>
    <testcase time="0.00900000000000034" classname="proportions" name="MAP_Prior_ESS_is_higher_or_equal_than_lower_bound_thresholds_in_Scen05"/>
    <testcase time="0.0069999999999979" classname="proportions" name="MAP_Prior_row_is_lower_or_equal_than_upper_bound_thresholds_in_Scen05"/>
    <testcase time="0.00600000000000023" classname="proportions" name="MAP_Prior_ESS_is_lower_or_equal_than_upper_bound_thresholds_in_Scen05"/>
    <testcase time="0.00500000000000256" classname="proportions" name="RMAP_Prior_Row_is_identical_in_both_MAP_Prior_as_well_as_Robust_MAP_Prior_Table_in_Scen05"/>
    <testcase time="0.0069999999999979" classname="proportions" name="NTA_Table_is_higher_or_equal_than_lower_bound_thresholds_in_Scen05"/>
    <testcase time="0.00600000000000023" classname="proportions" name="NTA_Table_ESS_is_higher_or_equal_than_lower_bound_thresholds_in_Scen05"/>
    <testcase time="0.00600000000000023" classname="proportions" name="NA_values_are_in_the_same_positions_in_both_data_frames_in_Scen05"/>
    <testcase time="0.00600000000000023" classname="proportions" name="NTA_Table_is_lower_or_equal_than_upper_bound_thresholds_in_Scen05"/>
    <testcase time="0.00600000000000023" classname="proportions" name="NTA_Table_ESS_is_lower_or_equal_than_upper_bound_thresholds_in_Scen05"/>
    <testcase time="0.00600000000000023" classname="proportions" name="NA_values_are_in_the_same_positions_in_both_data_frames_in_Scen05"/>
    <testcase time="0.00600000000000023" classname="proportions" name="Robust_MAP_Prior_Row_is_identical_in_both_Robust_MAP_Prior_as_well_as_NTA_Table_in_Scen05"/>
    <testcase time="2.805" classname="proportions" name="MAP_Prior_row_is_higher_or_equal_than_lower_bound_thresholds_in_Scen06"/>
    <testcase time="0.00600000000000023" classname="proportions" name="MAP_Prior_ESS_is_higher_or_equal_than_lower_bound_thresholds_in_Scen06"/>
    <testcase time="0.00600000000000023" classname="proportions" name="MAP_Prior_row_is_lower_or_equal_than_upper_bound_thresholds_in_Scen06"/>
    <testcase time="0.00600000000000023" classname="proportions" name="MAP_Prior_ESS_is_lower_or_equal_than_upper_bound_thresholds_in_Scen06"/>
    <testcase time="0.0069999999999979" classname="proportions" name="RMAP_Prior_Row_is_identical_in_both_MAP_Prior_as_well_as_Robust_MAP_Prior_Table_in_Scen06"/>
    <testcase time="0.00600000000000023" classname="proportions" name="NTA_Table_is_higher_or_equal_than_lower_bound_thresholds_in_Scen06"/>
    <testcase time="0.007000000000005" classname="proportions" name="NTA_Table_ESS_is_higher_or_equal_than_lower_bound_thresholds_in_Scen06"/>
    <testcase time="0.00600000000000023" classname="proportions" name="NA_values_are_in_the_same_positions_in_both_data_frames_in_Scen06"/>
    <testcase time="0.0069999999999979" classname="proportions" name="NTA_Table_is_lower_or_equal_than_upper_bound_thresholds_in_Scen06"/>
    <testcase time="0.00600000000000023" classname="proportions" name="NTA_Table_ESS_is_lower_or_equal_than_upper_bound_thresholds_in_Scen06"/>
    <testcase time="0.0069999999999979" classname="proportions" name="NA_values_are_in_the_same_positions_in_both_data_frames_in_Scen06"/>
    <testcase time="0.00600000000000023" classname="proportions" name="Robust_MAP_Prior_Row_is_identical_in_both_Robust_MAP_Prior_as_well_as_NTA_Table_in_Scen06"/>
    <testcase time="3.762" classname="proportions" name="MAP_Prior_row_is_higher_or_equal_than_lower_bound_thresholds_in_Scen07"/>
    <testcase time="0.00600000000000023" classname="proportions" name="MAP_Prior_ESS_is_higher_or_equal_than_lower_bound_thresholds_in_Scen07"/>
    <testcase time="0.007000000000005" classname="proportions" name="MAP_Prior_row_is_lower_or_equal_than_upper_bound_thresholds_in_Scen07"/>
    <testcase time="0.00600000000000023" classname="proportions" name="MAP_Prior_ESS_is_lower_or_equal_than_upper_bound_thresholds_in_Scen07"/>
    <testcase time="0.00600000000000023" classname="proportions" name="RMAP_Prior_Row_is_identical_in_both_MAP_Prior_as_well_as_Robust_MAP_Prior_Table_in_Scen07"/>
    <testcase time="0.00600000000000023" classname="proportions" name="NTA_Table_is_higher_or_equal_than_lower_bound_thresholds_in_Scen07"/>
    <testcase time="0.00599999999999312" classname="proportions" name="NTA_Table_ESS_is_higher_or_equal_than_lower_bound_thresholds_in_Scen07"/>
    <testcase time="0.00600000000000023" classname="proportions" name="NA_values_are_in_the_same_positions_in_both_data_frames_in_Scen07"/>
    <testcase time="0.007000000000005" classname="proportions" name="NTA_Table_is_lower_or_equal_than_upper_bound_thresholds_in_Scen07"/>
    <testcase time="0.00600000000000023" classname="proportions" name="NTA_Table_ESS_is_lower_or_equal_than_upper_bound_thresholds_in_Scen07"/>
    <testcase time="0.00600000000000023" classname="proportions" name="NA_values_are_in_the_same_positions_in_both_data_frames_in_Scen07"/>
    <testcase time="0.00600000000000023" classname="proportions" name="Robust_MAP_Prior_Row_is_identical_in_both_Robust_MAP_Prior_as_well_as_NTA_Table_in_Scen07"/>
    <testcase time="4.021" classname="proportions" name="MAP_Prior_row_is_higher_or_equal_than_lower_bound_thresholds_in_Scen08"/>
    <testcase time="0.00600000000000023" classname="proportions" name="MAP_Prior_ESS_is_higher_or_equal_than_lower_bound_thresholds_in_Scen08"/>
    <testcase time="0.0069999999999979" classname="proportions" name="MAP_Prior_row_is_lower_or_equal_than_upper_bound_thresholds_in_Scen08"/>
    <testcase time="0.00600000000000023" classname="proportions" name="MAP_Prior_ESS_is_lower_or_equal_than_upper_bound_thresholds_in_Scen08"/>
    <testcase time="0.00600000000000023" classname="proportions" name="RMAP_Prior_Row_is_identical_in_both_MAP_Prior_as_well_as_Robust_MAP_Prior_Table_in_Scen08"/>
    <testcase time="0.0069999999999979" classname="proportions" name="NTA_Table_is_higher_or_equal_than_lower_bound_thresholds_in_Scen08"/>
    <testcase time="0.00600000000000023" classname="proportions" name="NTA_Table_ESS_is_higher_or_equal_than_lower_bound_thresholds_in_Scen08"/>
    <testcase time="0.00600000000000023" classname="proportions" name="NA_values_are_in_the_same_positions_in_both_data_frames_in_Scen08"/>
    <testcase time="0.0069999999999979" classname="proportions" name="NTA_Table_is_lower_or_equal_than_upper_bound_thresholds_in_Scen08"/>
    <testcase time="0.00600000000000023" classname="proportions" name="NTA_Table_ESS_is_lower_or_equal_than_upper_bound_thresholds_in_Scen08"/>
    <testcase time="0.00600000000000023" classname="proportions" name="NA_values_are_in_the_same_positions_in_both_data_frames_in_Scen08"/>
    <testcase time="0.0069999999999979" classname="proportions" name="Robust_MAP_Prior_Row_is_identical_in_both_Robust_MAP_Prior_as_well_as_NTA_Table_in_Scen08"/>
    <testcase time="3.455" classname="proportions" name="proportions_work_as_expected"/>
    <testcase time="0.0720000000000027" classname="proportions" name="proportions_work_as_expected"/>
    <testcase time="0.0420000000000016" classname="proportions" name="MAP_Prior_row_is_higher_or_equal_than_lower_bound_thresholds_in_Scen09"/>
    <testcase time="0.007000000000005" classname="proportions" name="MAP_Prior_ESS_is_higher_or_equal_than_lower_bound_thresholds_in_Scen09"/>
    <testcase time="0.00600000000000023" classname="proportions" name="MAP_Prior_row_is_lower_or_equal_than_upper_bound_thresholds_in_Scen09"/>
    <testcase time="0.00699999999999079" classname="proportions" name="MAP_Prior_ESS_is_lower_or_equal_than_upper_bound_thresholds_in_Scen09"/>
    <testcase time="0.00600000000000023" classname="proportions" name="RMAP_Prior_Row_is_identical_in_both_MAP_Prior_as_well_as_Robust_MAP_Prior_Table_in_Scen09"/>
    <testcase time="0.007000000000005" classname="proportions" name="NTA_Table_is_higher_or_equal_than_lower_bound_thresholds_in_Scen09"/>
    <testcase time="0.00600000000000023" classname="proportions" name="NTA_Table_ESS_is_higher_or_equal_than_lower_bound_thresholds_in_Scen09"/>
    <testcase time="0.00600000000000023" classname="proportions" name="NA_values_are_in_the_same_positions_in_both_data_frames_in_Scen09"/>
    <testcase time="0.007000000000005" classname="proportions" name="NTA_Table_is_lower_or_equal_than_upper_bound_thresholds_in_Scen09"/>
    <testcase time="0.00600000000000023" classname="proportions" name="NTA_Table_ESS_is_lower_or_equal_than_upper_bound_thresholds_in_Scen09"/>
    <testcase time="0.00600000000000023" classname="proportions" name="NA_values_are_in_the_same_positions_in_both_data_frames_in_Scen09"/>
    <testcase time="0.00999999999999091" classname="proportions" name="Robust_MAP_Prior_Row_is_identical_in_both_Robust_MAP_Prior_as_well_as_NTA_Table_in_Scen09"/>
    <testcase time="2.67" classname="proportions" name="MAP_Prior_row_is_higher_or_equal_than_lower_bound_thresholds_in_Scen10"/>
    <testcase time="0.00600000000000023" classname="proportions" name="MAP_Prior_ESS_is_higher_or_equal_than_lower_bound_thresholds_in_Scen10"/>
    <testcase time="0.00799999999999557" classname="proportions" name="MAP_Prior_row_is_lower_or_equal_than_upper_bound_thresholds_in_Scen10"/>
    <testcase time="0.007000000000005" classname="proportions" name="MAP_Prior_ESS_is_lower_or_equal_than_upper_bound_thresholds_in_Scen10"/>
    <testcase time="0.007000000000005" classname="proportions" name="RMAP_Prior_Row_is_identical_in_both_MAP_Prior_as_well_as_Robust_MAP_Prior_Table_in_Scen10"/>
    <testcase time="0.00699999999999079" classname="proportions" name="NTA_Table_is_higher_or_equal_than_lower_bound_thresholds_in_Scen10"/>
    <testcase time="0.007000000000005" classname="proportions" name="NTA_Table_ESS_is_higher_or_equal_than_lower_bound_thresholds_in_Scen10"/>
    <testcase time="0.007000000000005" classname="proportions" name="NA_values_are_in_the_same_positions_in_both_data_frames_in_Scen10"/>
    <testcase time="0.00699999999999079" classname="proportions" name="NTA_Table_is_lower_or_equal_than_upper_bound_thresholds_in_Scen10"/>
    <testcase time="0.007000000000005" classname="proportions" name="NTA_Table_ESS_is_lower_or_equal_than_upper_bound_thresholds_in_Scen10"/>
    <testcase time="0.00600000000000023" classname="proportions" name="NA_values_are_in_the_same_positions_in_both_data_frames_in_Scen10"/>
    <testcase time="0.007000000000005" classname="proportions" name="Robust_MAP_Prior_Row_is_identical_in_both_Robust_MAP_Prior_as_well_as_NTA_Table_in_Scen10"/>
    <testcase time="2.636" classname="proportions" name="proportions_work_as_expected"/>
    <testcase time="0.0600000000000023" classname="proportions" name="proportions_work_as_expected"/>
    <testcase time="0.0439999999999969" classname="proportions" name="MAP_Prior_row_is_higher_or_equal_than_lower_bound_thresholds_in_Scen11"/>
    <testcase time="0.007000000000005" classname="proportions" name="MAP_Prior_ESS_is_higher_or_equal_than_lower_bound_thresholds_in_Scen11"/>
    <testcase time="0.00699999999999079" classname="proportions" name="MAP_Prior_row_is_lower_or_equal_than_upper_bound_thresholds_in_Scen11"/>
    <testcase time="0.00600000000000023" classname="proportions" name="MAP_Prior_ESS_is_lower_or_equal_than_upper_bound_thresholds_in_Scen11"/>
    <testcase time="0.00600000000000023" classname="proportions" name="RMAP_Prior_Row_is_identical_in_both_MAP_Prior_as_well_as_Robust_MAP_Prior_Table_in_Scen11"/>
    <testcase time="0.00699999999999079" classname="proportions" name="NTA_Table_is_higher_or_equal_than_lower_bound_thresholds_in_Scen11"/>
    <testcase time="0.007000000000005" classname="proportions" name="NTA_Table_ESS_is_higher_or_equal_than_lower_bound_thresholds_in_Scen11"/>
    <testcase time="0.007000000000005" classname="proportions" name="NA_values_are_in_the_same_positions_in_both_data_frames_in_Scen11"/>
    <testcase time="0.00699999999999079" classname="proportions" name="NTA_Table_is_lower_or_equal_than_upper_bound_thresholds_in_Scen11"/>
    <testcase time="0.00600000000000023" classname="proportions" name="NTA_Table_ESS_is_lower_or_equal_than_upper_bound_thresholds_in_Scen11"/>
    <testcase time="0.007000000000005" classname="proportions" name="NA_values_are_in_the_same_positions_in_both_data_frames_in_Scen11"/>
    <testcase time="0.007000000000005" classname="proportions" name="Robust_MAP_Prior_Row_is_identical_in_both_Robust_MAP_Prior_as_well_as_NTA_Table_in_Scen11"/>
    <testcase time="0.00399999999999068" classname="proportions" name="proportions_work_as_expected">
      <skipped message="Reason: empty test ('test-proportions.R:2:1')"/>
    </testcase>
  </testsuite>
  <testsuite name="rates" timestamp="2024-11-21T08:47:09Z" hostname="e32d1dcf2012" tests="161" skipped="1" failures="0" errors="0" time="43.08">
    <testcase time="5.248" classname="rates" name="MAP_Prior_row_is_higher_or_equal_than_lower_bound_thresholds_in_Scen1"/>
    <testcase time="0.00600000000000023" classname="rates" name="MAP_Prior_ESS_is_higher_or_equal_than_lower_bound_thresholds_in_Scen1"/>
    <testcase time="0.007000000000005" classname="rates" name="NA_values_are_in_the_same_positions_in_both_data_frames_in_Scen1"/>
    <testcase time="0.00600000000000023" classname="rates" name="MAP_Prior_row_is_lower_or_equal_than_upper_bound_thresholds_in_Scen1"/>
    <testcase time="0.00600000000000023" classname="rates" name="MAP_Prior_ESS_is_lower_or_equal_than_upper_bound_thresholds_in_Scen1"/>
    <testcase time="0.00600000000000023" classname="rates" name="NA_values_are_in_the_same_positions_in_both_data_frames_in_Scen1"/>
    <testcase time="0.00600000000000023" classname="rates" name="MAP_Prior_Row_is_identical_in_both_MAP_Prior_as_well_as_Robust_MAP_Prior_Table_in_Scen1"/>
    <testcase time="0.00699999999999079" classname="rates" name="NA_values_are_in_the_same_positions_in_both_data_frames_in_Scen1"/>
    <testcase time="0.0100000000000051" classname="rates" name="NTA_Table_is_higher_or_equal_than_lower_bound_thresholds_in_Scen1"/>
    <testcase time="0.00600000000000023" classname="rates" name="NTA_Table_ESS_is_higher_or_equal_than_lower_bound_thresholds_in_Scen1"/>
    <testcase time="0.00600000000000023" classname="rates" name="NA_values_are_in_the_same_positions_in_both_data_frames_inScen1"/>
    <testcase time="0.007000000000005" classname="rates" name="NTA_Table_is_lower_or_equal_than_upper_bound_thresholds_in_Scen1"/>
    <testcase time="0.00600000000000023" classname="rates" name="NTA_Table_ESS_is_lower_or_equal_than_upper_bound_thresholds_in_Scen1"/>
    <testcase time="0.00599999999998602" classname="rates" name="NA_values_are_in_the_same_positions_in_both_data_frames_in_Scen1"/>
    <testcase time="0.00600000000000023" classname="rates" name="Robust_MAP_Prior_Row_is_identical_in_both_Robust_MAP_Prior_as_well_as_NTA_Table_in_Scen1"/>
    <testcase time="0.00600000000000023" classname="rates" name="NA_values_are_in_the_same_positions_in_both_data_frames_inScen1"/>
    <testcase time="4.43100000000001" classname="rates" name="MAP_Prior_row_is_higher_or_equal_than_lower_bound_thresholds_in_Scen01"/>
    <testcase time="0.00600000000000023" classname="rates" name="MAP_Prior_ESS_is_higher_or_equal_than_lower_bound_thresholds_in_Scen01"/>
    <testcase time="0.00600000000000023" classname="rates" name="NA_values_are_in_the_same_positions_in_both_data_frames_in_Scen01"/>
    <testcase time="0.00600000000000023" classname="rates" name="MAP_Prior_row_is_lower_or_equal_than_upper_bound_thresholds_in_Scen01"/>
    <testcase time="0.00600000000000023" classname="rates" name="MAP_Prior_ESS_is_lower_or_equal_than_upper_bound_thresholds_in_Scen01"/>
    <testcase time="0.00600000000000023" classname="rates" name="NA_values_are_in_the_same_positions_in_both_data_frames_in_Scen01"/>
    <testcase time="0.00600000000000023" classname="rates" name="MAP_Prior_Row_is_identical_in_both_MAP_Prior_as_well_as_Robust_MAP_Prior_Table_in_Scen01"/>
    <testcase time="0.00600000000000023" classname="rates" name="NA_values_are_in_the_same_positions_in_both_data_frames_in_Scen01"/>
    <testcase time="0.00600000000000023" classname="rates" name="NTA_Table_is_higher_or_equal_than_lower_bound_thresholds_in_Scen01"/>
    <testcase time="0.00600000000000023" classname="rates" name="NTA_Table_ESS_is_higher_or_equal_than_lower_bound_thresholds_in_Scen01"/>
    <testcase time="0.00599999999998602" classname="rates" name="NA_values_are_in_the_same_positions_in_both_data_frames_inScen01"/>
    <testcase time="0.00600000000000023" classname="rates" name="NTA_Table_is_lower_or_equal_than_upper_bound_thresholds_in_Scen01"/>
    <testcase time="0.00600000000000023" classname="rates" name="NTA_Table_ESS_is_lower_or_equal_than_upper_bound_thresholds_in_Scen01"/>
    <testcase time="0.00600000000000023" classname="rates" name="NA_values_are_in_the_same_positions_in_both_data_frames_in_Scen01"/>
    <testcase time="0.007000000000005" classname="rates" name="Robust_MAP_Prior_Row_is_identical_in_both_Robust_MAP_Prior_as_well_as_NTA_Table_in_Scen01"/>
    <testcase time="0.00600000000000023" classname="rates" name="NA_values_are_in_the_same_positions_in_both_data_frames_inScen01"/>
    <testcase time="3.462" classname="rates" name="MAP_Prior_row_is_higher_or_equal_than_lower_bound_thresholds_in_Scen03"/>
    <testcase time="0.00600000000000023" classname="rates" name="MAP_Prior_ESS_is_higher_or_equal_than_lower_bound_thresholds_in_Scen03"/>
    <testcase time="0.00600000000000023" classname="rates" name="NA_values_are_in_the_same_positions_in_both_data_frames_in_Scen03"/>
    <testcase time="0.00600000000000023" classname="rates" name="MAP_Prior_row_is_lower_or_equal_than_upper_bound_thresholds_in_Scen03"/>
    <testcase time="0.00600000000000023" classname="rates" name="MAP_Prior_ESS_is_lower_or_equal_than_upper_bound_thresholds_in_Scen03"/>
    <testcase time="0.00600000000000023" classname="rates" name="NA_values_are_in_the_same_positions_in_both_data_frames_in_Scen03"/>
    <testcase time="0.00600000000000023" classname="rates" name="MAP_Prior_Row_is_identical_in_both_MAP_Prior_as_well_as_Robust_MAP_Prior_Table_in_Scen03"/>
    <testcase time="0.00600000000000023" classname="rates" name="NA_values_are_in_the_same_positions_in_both_data_frames_in_Scen03"/>
    <testcase time="0.00600000000000023" classname="rates" name="NTA_Table_is_higher_or_equal_than_lower_bound_thresholds_in_Scen03"/>
    <testcase time="0.00600000000000023" classname="rates" name="NTA_Table_ESS_is_higher_or_equal_than_lower_bound_thresholds_in_Scen03"/>
    <testcase time="0.00699999999999079" classname="rates" name="NA_values_are_in_the_same_positions_in_both_data_frames_inScen03"/>
    <testcase time="0.007000000000005" classname="rates" name="NTA_Table_is_lower_or_equal_than_upper_bound_thresholds_in_Scen03"/>
    <testcase time="0.00600000000000023" classname="rates" name="NTA_Table_ESS_is_lower_or_equal_than_upper_bound_thresholds_in_Scen03"/>
    <testcase time="0.00600000000000023" classname="rates" name="NA_values_are_in_the_same_positions_in_both_data_frames_in_Scen03"/>
    <testcase time="0.007000000000005" classname="rates" name="Robust_MAP_Prior_Row_is_identical_in_both_Robust_MAP_Prior_as_well_as_NTA_Table_in_Scen03"/>
    <testcase time="0.00699999999999079" classname="rates" name="NA_values_are_in_the_same_positions_in_both_data_frames_inScen03"/>
    <testcase time="4.494" classname="rates" name="MAP_Prior_row_is_higher_or_equal_than_lower_bound_thresholds_in_Scen05"/>
    <testcase time="0.007000000000005" classname="rates" name="MAP_Prior_ESS_is_higher_or_equal_than_lower_bound_thresholds_in_Scen05"/>
    <testcase time="0.00600000000000023" classname="rates" name="NA_values_are_in_the_same_positions_in_both_data_frames_in_Scen05"/>
    <testcase time="0.007000000000005" classname="rates" name="MAP_Prior_row_is_lower_or_equal_than_upper_bound_thresholds_in_Scen05"/>
    <testcase time="0.00600000000000023" classname="rates" name="MAP_Prior_ESS_is_lower_or_equal_than_upper_bound_thresholds_in_Scen05"/>
    <testcase time="0.00600000000000023" classname="rates" name="NA_values_are_in_the_same_positions_in_both_data_frames_in_Scen05"/>
    <testcase time="0.00699999999999079" classname="rates" name="MAP_Prior_Row_is_identical_in_both_MAP_Prior_as_well_as_Robust_MAP_Prior_Table_in_Scen05"/>
    <testcase time="0.00600000000000023" classname="rates" name="NA_values_are_in_the_same_positions_in_both_data_frames_in_Scen05"/>
    <testcase time="0.007000000000005" classname="rates" name="NTA_Table_is_higher_or_equal_than_lower_bound_thresholds_in_Scen05"/>
    <testcase time="0.00600000000000023" classname="rates" name="NTA_Table_ESS_is_higher_or_equal_than_lower_bound_thresholds_in_Scen05"/>
    <testcase time="0.00600000000000023" classname="rates" name="NA_values_are_in_the_same_positions_in_both_data_frames_inScen05"/>
    <testcase time="0.00799999999999557" classname="rates" name="NTA_Table_is_lower_or_equal_than_upper_bound_thresholds_in_Scen05"/>
    <testcase time="0.007000000000005" classname="rates" name="NTA_Table_ESS_is_lower_or_equal_than_upper_bound_thresholds_in_Scen05"/>
    <testcase time="0.00699999999999079" classname="rates" name="NA_values_are_in_the_same_positions_in_both_data_frames_in_Scen05"/>
    <testcase time="0.00600000000000023" classname="rates" name="Robust_MAP_Prior_Row_is_identical_in_both_Robust_MAP_Prior_as_well_as_NTA_Table_in_Scen05"/>
    <testcase time="0.0160000000000053" classname="rates" name="NA_values_are_in_the_same_positions_in_both_data_frames_inScen05"/>
    <testcase time="3.252" classname="rates" name="MAP_Prior_row_is_higher_or_equal_than_lower_bound_thresholds_in_Scen06"/>
    <testcase time="0.007000000000005" classname="rates" name="MAP_Prior_ESS_is_higher_or_equal_than_lower_bound_thresholds_in_Scen06"/>
    <testcase time="0.00600000000000023" classname="rates" name="NA_values_are_in_the_same_positions_in_both_data_frames_in_Scen06"/>
    <testcase time="0.007000000000005" classname="rates" name="MAP_Prior_row_is_lower_or_equal_than_upper_bound_thresholds_in_Scen06"/>
    <testcase time="0.00600000000000023" classname="rates" name="MAP_Prior_ESS_is_lower_or_equal_than_upper_bound_thresholds_in_Scen06"/>
    <testcase time="0.00699999999999079" classname="rates" name="NA_values_are_in_the_same_positions_in_both_data_frames_in_Scen06"/>
    <testcase time="0.00600000000000023" classname="rates" name="MAP_Prior_Row_is_identical_in_both_MAP_Prior_as_well_as_Robust_MAP_Prior_Table_in_Scen06"/>
    <testcase time="0.00600000000000023" classname="rates" name="NA_values_are_in_the_same_positions_in_both_data_frames_in_Scen06"/>
    <testcase time="0.007000000000005" classname="rates" name="NTA_Table_is_higher_or_equal_than_lower_bound_thresholds_in_Scen06"/>
    <testcase time="0.00600000000000023" classname="rates" name="NTA_Table_ESS_is_higher_or_equal_than_lower_bound_thresholds_in_Scen06"/>
    <testcase time="0.00699999999999079" classname="rates" name="NA_values_are_in_the_same_positions_in_both_data_frames_inScen06"/>
    <testcase time="0.007000000000005" classname="rates" name="NTA_Table_is_lower_or_equal_than_upper_bound_thresholds_in_Scen06"/>
    <testcase time="0.00600000000000023" classname="rates" name="NTA_Table_ESS_is_lower_or_equal_than_upper_bound_thresholds_in_Scen06"/>
    <testcase time="0.007000000000005" classname="rates" name="NA_values_are_in_the_same_positions_in_both_data_frames_in_Scen06"/>
    <testcase time="0.00699999999999079" classname="rates" name="Robust_MAP_Prior_Row_is_identical_in_both_Robust_MAP_Prior_as_well_as_NTA_Table_in_Scen06"/>
    <testcase time="0.0110000000000099" classname="rates" name="NA_values_are_in_the_same_positions_in_both_data_frames_inScen06"/>
    <testcase time="5.371" classname="rates" name="MAP_Prior_row_is_higher_or_equal_than_lower_bound_thresholds_in_Scen07"/>
    <testcase time="0.00600000000000023" classname="rates" name="MAP_Prior_ESS_is_higher_or_equal_than_lower_bound_thresholds_in_Scen07"/>
    <testcase time="0.007000000000005" classname="rates" name="NA_values_are_in_the_same_positions_in_both_data_frames_in_Scen07"/>
    <testcase time="0.00600000000000023" classname="rates" name="MAP_Prior_row_is_lower_or_equal_than_upper_bound_thresholds_in_Scen07"/>
    <testcase time="0.00600000000000023" classname="rates" name="MAP_Prior_ESS_is_lower_or_equal_than_upper_bound_thresholds_in_Scen07"/>
    <testcase time="0.00600000000000023" classname="rates" name="NA_values_are_in_the_same_positions_in_both_data_frames_in_Scen07"/>
    <testcase time="0.00699999999999079" classname="rates" name="MAP_Prior_Row_is_identical_in_both_MAP_Prior_as_well_as_Robust_MAP_Prior_Table_in_Scen07"/>
    <testcase time="0.00600000000000023" classname="rates" name="NA_values_are_in_the_same_positions_in_both_data_frames_in_Scen07"/>
    <testcase time="0.007000000000005" classname="rates" name="NTA_Table_is_higher_or_equal_than_lower_bound_thresholds_in_Scen07"/>
    <testcase time="0.00600000000000023" classname="rates" name="NTA_Table_ESS_is_higher_or_equal_than_lower_bound_thresholds_in_Scen07"/>
    <testcase time="0.007000000000005" classname="rates" name="NA_values_are_in_the_same_positions_in_both_data_frames_inScen07"/>
    <testcase time="0.00699999999999079" classname="rates" name="NTA_Table_is_lower_or_equal_than_upper_bound_thresholds_in_Scen07"/>
    <testcase time="0.007000000000005" classname="rates" name="NTA_Table_ESS_is_lower_or_equal_than_upper_bound_thresholds_in_Scen07"/>
    <testcase time="0.007000000000005" classname="rates" name="NA_values_are_in_the_same_positions_in_both_data_frames_in_Scen07"/>
    <testcase time="0.00600000000000023" classname="rates" name="Robust_MAP_Prior_Row_is_identical_in_both_Robust_MAP_Prior_as_well_as_NTA_Table_in_Scen07"/>
    <testcase time="0.00699999999999079" classname="rates" name="NA_values_are_in_the_same_positions_in_both_data_frames_inScen07"/>
    <testcase time="4.732" classname="rates" name="MAP_Prior_row_is_higher_or_equal_than_lower_bound_thresholds_in_Scen08"/>
    <testcase time="0.007000000000005" classname="rates" name="MAP_Prior_ESS_is_higher_or_equal_than_lower_bound_thresholds_in_Scen08"/>
    <testcase time="0.007000000000005" classname="rates" name="NA_values_are_in_the_same_positions_in_both_data_frames_in_Scen08"/>
    <testcase time="0.00599999999998602" classname="rates" name="MAP_Prior_row_is_lower_or_equal_than_upper_bound_thresholds_in_Scen08"/>
    <testcase time="0.00600000000000023" classname="rates" name="MAP_Prior_ESS_is_lower_or_equal_than_upper_bound_thresholds_in_Scen08"/>
    <testcase time="0.00600000000000023" classname="rates" name="NA_values_are_in_the_same_positions_in_both_data_frames_in_Scen08"/>
    <testcase time="0.007000000000005" classname="rates" name="MAP_Prior_Row_is_identical_in_both_MAP_Prior_as_well_as_Robust_MAP_Prior_Table_in_Scen08"/>
    <testcase time="0.00699999999999079" classname="rates" name="NA_values_are_in_the_same_positions_in_both_data_frames_in_Scen08"/>
    <testcase time="0.007000000000005" classname="rates" name="NTA_Table_is_higher_or_equal_than_lower_bound_thresholds_in_Scen08"/>
    <testcase time="0.00600000000000023" classname="rates" name="NTA_Table_ESS_is_higher_or_equal_than_lower_bound_thresholds_in_Scen08"/>
    <testcase time="0.007000000000005" classname="rates" name="NA_values_are_in_the_same_positions_in_both_data_frames_inScen08"/>
    <testcase time="0.00699999999999079" classname="rates" name="NTA_Table_is_lower_or_equal_than_upper_bound_thresholds_in_Scen08"/>
    <testcase time="0.007000000000005" classname="rates" name="NTA_Table_ESS_is_lower_or_equal_than_upper_bound_thresholds_in_Scen08"/>
    <testcase time="0.00600000000000023" classname="rates" name="NA_values_are_in_the_same_positions_in_both_data_frames_in_Scen08"/>
    <testcase time="0.0109999999999957" classname="rates" name="Robust_MAP_Prior_Row_is_identical_in_both_Robust_MAP_Prior_as_well_as_NTA_Table_in_Scen08"/>
    <testcase time="0.00800000000000978" classname="rates" name="NA_values_are_in_the_same_positions_in_both_data_frames_inScen08"/>
    <testcase time="4.91499999999999" classname="rates" name="MAP_Prior_row_is_higher_or_equal_than_lower_bound_thresholds_in_Scen09"/>
    <testcase time="0.007000000000005" classname="rates" name="MAP_Prior_ESS_is_higher_or_equal_than_lower_bound_thresholds_in_Scen09"/>
    <testcase time="0.00600000000000023" classname="rates" name="NA_values_are_in_the_same_positions_in_both_data_frames_in_Scen09"/>
    <testcase time="0.00699999999999079" classname="rates" name="MAP_Prior_row_is_lower_or_equal_than_upper_bound_thresholds_in_Scen09"/>
    <testcase time="0.00600000000000023" classname="rates" name="MAP_Prior_ESS_is_lower_or_equal_than_upper_bound_thresholds_in_Scen09"/>
    <testcase time="0.00600000000000023" classname="rates" name="NA_values_are_in_the_same_positions_in_both_data_frames_in_Scen09"/>
    <testcase time="0.007000000000005" classname="rates" name="MAP_Prior_Row_is_identical_in_both_MAP_Prior_as_well_as_Robust_MAP_Prior_Table_in_Scen09"/>
    <testcase time="0.00600000000000023" classname="rates" name="NA_values_are_in_the_same_positions_in_both_data_frames_in_Scen09"/>
    <testcase time="0.007000000000005" classname="rates" name="NTA_Table_is_higher_or_equal_than_lower_bound_thresholds_in_Scen09"/>
    <testcase time="0.00600000000000023" classname="rates" name="NTA_Table_ESS_is_higher_or_equal_than_lower_bound_thresholds_in_Scen09"/>
    <testcase time="0.00699999999999079" classname="rates" name="NA_values_are_in_the_same_positions_in_both_data_frames_inScen09"/>
    <testcase time="0.007000000000005" classname="rates" name="NTA_Table_is_lower_or_equal_than_upper_bound_thresholds_in_Scen09"/>
    <testcase time="0.00600000000000023" classname="rates" name="NTA_Table_ESS_is_lower_or_equal_than_upper_bound_thresholds_in_Scen09"/>
    <testcase time="0.0120000000000005" classname="rates" name="NA_values_are_in_the_same_positions_in_both_data_frames_in_Scen09"/>
    <testcase time="0.007000000000005" classname="rates" name="Robust_MAP_Prior_Row_is_identical_in_both_Robust_MAP_Prior_as_well_as_NTA_Table_in_Scen09"/>
    <testcase time="0.00600000000000023" classname="rates" name="NA_values_are_in_the_same_positions_in_both_data_frames_inScen09"/>
    <testcase time="2.87700000000001" classname="rates" name="MAP_Prior_row_is_higher_or_equal_than_lower_bound_thresholds_in_Scen10"/>
    <testcase time="0.00600000000000023" classname="rates" name="MAP_Prior_ESS_is_higher_or_equal_than_lower_bound_thresholds_in_Scen10"/>
    <testcase time="0.00600000000000023" classname="rates" name="NA_values_are_in_the_same_positions_in_both_data_frames_in_Scen10"/>
    <testcase time="0.00600000000000023" classname="rates" name="MAP_Prior_row_is_lower_or_equal_than_upper_bound_thresholds_in_Scen10"/>
    <testcase time="0.007000000000005" classname="rates" name="MAP_Prior_ESS_is_lower_or_equal_than_upper_bound_thresholds_in_Scen10"/>
    <testcase time="0.00600000000000023" classname="rates" name="NA_values_are_in_the_same_positions_in_both_data_frames_in_Scen10"/>
    <testcase time="0.00900000000000034" classname="rates" name="MAP_Prior_Row_is_identical_in_both_MAP_Prior_as_well_as_Robust_MAP_Prior_Table_in_Scen10"/>
    <testcase time="0.00699999999999079" classname="rates" name="NA_values_are_in_the_same_positions_in_both_data_frames_in_Scen10"/>
    <testcase time="0.007000000000005" classname="rates" name="NTA_Table_is_higher_or_equal_than_lower_bound_thresholds_in_Scen10"/>
    <testcase time="0.00600000000000023" classname="rates" name="NTA_Table_ESS_is_higher_or_equal_than_lower_bound_thresholds_in_Scen10"/>
    <testcase time="0.00600000000000023" classname="rates" name="NA_values_are_in_the_same_positions_in_both_data_frames_inScen10"/>
    <testcase time="0.007000000000005" classname="rates" name="NTA_Table_is_lower_or_equal_than_upper_bound_thresholds_in_Scen10"/>
    <testcase time="0.00600000000000023" classname="rates" name="NTA_Table_ESS_is_lower_or_equal_than_upper_bound_thresholds_in_Scen10"/>
    <testcase time="0.00699999999999079" classname="rates" name="NA_values_are_in_the_same_positions_in_both_data_frames_in_Scen10"/>
    <testcase time="0.0100000000000051" classname="rates" name="Robust_MAP_Prior_Row_is_identical_in_both_Robust_MAP_Prior_as_well_as_NTA_Table_in_Scen10"/>
    <testcase time="0.007000000000005" classname="rates" name="NA_values_are_in_the_same_positions_in_both_data_frames_inScen10"/>
    <testcase time="3.289" classname="rates" name="MAP_Prior_row_is_higher_or_equal_than_lower_bound_thresholds_in_Scen11"/>
    <testcase time="0.00599999999998602" classname="rates" name="MAP_Prior_ESS_is_higher_or_equal_than_lower_bound_thresholds_in_Scen11"/>
    <testcase time="0.007000000000005" classname="rates" name="NA_values_are_in_the_same_positions_in_both_data_frames_in_Scen11"/>
    <testcase time="0.007000000000005" classname="rates" name="MAP_Prior_row_is_lower_or_equal_than_upper_bound_thresholds_in_Scen11"/>
    <testcase time="0.00600000000000023" classname="rates" name="MAP_Prior_ESS_is_lower_or_equal_than_upper_bound_thresholds_in_Scen11"/>
    <testcase time="0.00699999999999079" classname="rates" name="NA_values_are_in_the_same_positions_in_both_data_frames_in_Scen11"/>
    <testcase time="0.00600000000000023" classname="rates" name="MAP_Prior_Row_is_identical_in_both_MAP_Prior_as_well_as_Robust_MAP_Prior_Table_in_Scen11"/>
    <testcase time="0.007000000000005" classname="rates" name="NA_values_are_in_the_same_positions_in_both_data_frames_in_Scen11"/>
    <testcase time="0.007000000000005" classname="rates" name="NTA_Table_is_higher_or_equal_than_lower_bound_thresholds_in_Scen11"/>
    <testcase time="0.00600000000000023" classname="rates" name="NTA_Table_ESS_is_higher_or_equal_than_lower_bound_thresholds_in_Scen11"/>
    <testcase time="0.00699999999999079" classname="rates" name="NA_values_are_in_the_same_positions_in_both_data_frames_inScen11"/>
    <testcase time="0.007000000000005" classname="rates" name="NTA_Table_is_lower_or_equal_than_upper_bound_thresholds_in_Scen11"/>
    <testcase time="0.00600000000000023" classname="rates" name="NTA_Table_ESS_is_lower_or_equal_than_upper_bound_thresholds_in_Scen11"/>
    <testcase time="0.0109999999999957" classname="rates" name="NA_values_are_in_the_same_positions_in_both_data_frames_in_Scen11"/>
    <testcase time="0.007000000000005" classname="rates" name="Robust_MAP_Prior_Row_is_identical_in_both_Robust_MAP_Prior_as_well_as_NTA_Table_in_Scen11"/>
    <testcase time="0.00600000000000023" classname="rates" name="NA_values_are_in_the_same_positions_in_both_data_frames_inScen11"/>
    <testcase time="0.00400000000000489" classname="rates" name="incidence_rates_work_as_expected">
      <skipped message="Reason: empty test ('test-rates.R:2:1')"/>
    </testcase>
  </testsuite>
</testsuites>
