<?xml version="1.0" encoding="UTF-8"?>
<testsuites>
  <testsuite name="ae_summary_table" timestamp="2024-11-20T16:59:19Z" hostname="e475df4a87df" tests="2" skipped="0" failures="0" errors="0" time="16.902">
    <testcase time="16.879" classname="ae_summary_table" name="ae_summary_table_function_works_as_expected"/>
    <testcase time="0.0229999999999997" classname="ae_summary_table" name="ae_summary_table_function_works_as_expected"/>
  </testsuite>
  <testsuite name="ae_summary_table_helpers" timestamp="2024-11-20T16:59:35Z" hostname="e475df4a87df" tests="3" skipped="0" failures="0" errors="0" time="0.052">
    <testcase time="0.0480000000000018" classname="ae_summary_table_helpers" name="test_ae_summary_table_helpers.R_works_as_expected"/>
    <testcase time="0.00199999999999889" classname="ae_summary_table_helpers" name="test_ae_summary_table_helpers.R_works_as_expected"/>
    <testcase time="0.00200000000000244" classname="ae_summary_table_helpers" name="test_ae_summary_table_helpers.R_works_as_expected"/>
  </testsuite>
  <testsuite name="display" timestamp="2024-11-20T16:59:35Z" hostname="e475df4a87df" tests="24" skipped="0" failures="0" errors="0" time="0.984">
    <testcase time="0.750999999999998" classname="display" name="display.R_works_as_expected"/>
    <testcase time="0.00100000000000122" classname="display" name="display.R_works_as_expected"/>
    <testcase time="0.00100000000000122" classname="display" name="display.R_works_as_expected"/>
    <testcase time="0.00100000000000122" classname="display" name="display.R_works_as_expected"/>
    <testcase time="0.00300000000000011" classname="display" name="display.R_works_as_expected"/>
    <testcase time="0.000999999999997669" classname="display" name="display.R_works_as_expected"/>
    <testcase time="0.00200000000000244" classname="display" name="display.R_works_as_expected"/>
    <testcase time="0.000999999999997669" classname="display" name="display.R_works_as_expected"/>
    <testcase time="0.00200000000000244" classname="display" name="display.R_works_as_expected"/>
    <testcase time="0.000999999999997669" classname="display" name="display.R_works_as_expected"/>
    <testcase time="0.00100000000000122" classname="display" name="display.R_works_as_expected"/>
    <testcase time="0.00199999999999889" classname="display" name="display.R_works_as_expected"/>
    <testcase time="0.00100000000000122" classname="display" name="display.R_works_as_expected"/>
    <testcase time="0.00199999999999889" classname="display" name="display.R_works_as_expected"/>
    <testcase time="0.00100000000000122" classname="display" name="display.R_works_as_expected"/>
    <testcase time="0.00100000000000122" classname="display" name="display.R_works_as_expected"/>
    <testcase time="0.203999999999997" classname="display" name="display.R_works_as_expected"/>
    <testcase time="0.00100000000000122" classname="display" name="display.R_works_as_expected"/>
    <testcase time="0.00100000000000122" classname="display" name="display.R_works_as_expected"/>
    <testcase time="0.00100000000000122" classname="display" name="display.R_works_as_expected"/>
    <testcase time="0.00100000000000122" classname="display" name="display.R_works_as_expected"/>
    <testcase time="0.000999999999997669" classname="display" name="display.R_works_as_expected"/>
    <testcase time="0.00200000000000244" classname="display" name="display.R_works_as_expected"/>
    <testcase time="0.000999999999997669" classname="display" name="display.R_works_as_expected"/>
  </testsuite>
  <testsuite name="plots" timestamp="2024-11-20T16:59:36Z" hostname="e475df4a87df" tests="16" skipped="0" failures="0" errors="0" time="0.067">
    <testcase time="0.00900000000000034" classname="plots" name="forest_plot_work_as_expected_in_proportions"/>
    <testcase time="0.00500000000000256" classname="plots" name="rob_map_plot_work_as_expected_in_proportions"/>
    <testcase time="0.00600000000000023" classname="plots" name="param_mix_plot_work_as_expected_in_proportions"/>
    <testcase time="0.00499999999999901" classname="plots" name="_unnamed_"/>
    <testcase time="0.00300000000000011" classname="plots" name="decision_making_plots_work_as_expected_in_proportions"/>
    <testcase time="0.00300000000000011" classname="plots" name="decision_making_plots_work_as_expected_in_proportions"/>
    <testcase time="0.00300000000000011" classname="plots" name="decision_making_plots_work_as_expected_in_proportions"/>
    <testcase time="0.00199999999999889" classname="plots" name="decision_making_plots_work_as_expected_in_proportions"/>
    <testcase time="0.00300000000000011" classname="plots" name="decision_making_plots_work_as_expected_in_proportions"/>
    <testcase time="0.00600000000000023" classname="plots" name="rob_map_plot_work_as_expected_in_proportions"/>
    <testcase time="0.00600000000000023" classname="plots" name="param_mix_plot_work_as_expected_in_proportions"/>
    <testcase time="0.00399999999999778" classname="plots" name="_unnamed_"/>
    <testcase time="0.00400000000000134" classname="plots" name="decision_making_plots_work_as_expected_in_proportions"/>
    <testcase time="0.00300000000000011" classname="plots" name="decision_making_plots_work_as_expected_in_proportions"/>
    <testcase time="0.00199999999999889" classname="plots" name="decision_making_plots_work_as_expected_in_proportions"/>
    <testcase time="0.00300000000000011" classname="plots" name="decision_making_plots_work_as_expected_in_proportions"/>
  </testsuite>
  <testsuite name="proportions" timestamp="2024-11-20T16:59:37Z" hostname="e475df4a87df" tests="139" skipped="1" failures="0" errors="0" time="39.095">
    <testcase time="4.236" classname="proportions" name="proportions_work_as_expected"/>
    <testcase time="0.0629999999999953" classname="proportions" name="proportions_work_as_expected"/>
    <testcase time="0.0450000000000017" classname="proportions" name="MAP_Prior_row_is_higher_or_equal_than_lower_bound_thresholds_in_any"/>
    <testcase time="0.00600000000000023" classname="proportions" name="MAP_Prior_ESS_is_higher_or_equal_than_lower_bound_thresholds_in_any"/>
    <testcase time="0.0069999999999979" classname="proportions" name="MAP_Prior_row_is_lower_or_equal_than_upper_bound_thresholds_in_any"/>
    <testcase time="0.00600000000000023" classname="proportions" name="MAP_Prior_ESS_is_lower_or_equal_than_upper_bound_thresholds_in_any"/>
    <testcase time="0.007000000000005" classname="proportions" name="RMAP_Prior_Row_is_identical_in_both_MAP_Prior_as_well_as_Robust_MAP_Prior_Table_in_any"/>
    <testcase time="0.0069999999999979" classname="proportions" name="NTA_Table_is_higher_or_equal_than_lower_bound_thresholds_in_any"/>
    <testcase time="0.00600000000000023" classname="proportions" name="NTA_Table_ESS_is_higher_or_equal_than_lower_bound_thresholds_in_any"/>
    <testcase time="0.0069999999999979" classname="proportions" name="NA_values_are_in_the_same_positions_in_both_data_frames_in_any"/>
    <testcase time="0.00600000000000023" classname="proportions" name="NTA_Table_is_lower_or_equal_than_upper_bound_thresholds_in_any"/>
    <testcase time="0.00800000000000267" classname="proportions" name="NTA_Table_ESS_is_lower_or_equal_than_upper_bound_thresholds_in_any"/>
    <testcase time="0.0069999999999979" classname="proportions" name="NA_values_are_in_the_same_positions_in_both_data_frames_in_any"/>
    <testcase time="0.00600000000000023" classname="proportions" name="Robust_MAP_Prior_Row_is_identical_in_both_Robust_MAP_Prior_as_well_as_NTA_Table_in_any"/>
    <testcase time="3.32" classname="proportions" name="MAP_Prior_row_is_higher_or_equal_than_lower_bound_thresholds_in_Scen01"/>
    <testcase time="0.00600000000000023" classname="proportions" name="MAP_Prior_ESS_is_higher_or_equal_than_lower_bound_thresholds_in_Scen01"/>
    <testcase time="0.00600000000000023" classname="proportions" name="MAP_Prior_row_is_lower_or_equal_than_upper_bound_thresholds_in_Scen01"/>
    <testcase time="0.00600000000000023" classname="proportions" name="MAP_Prior_ESS_is_lower_or_equal_than_upper_bound_thresholds_in_Scen01"/>
    <testcase time="0.00600000000000023" classname="proportions" name="RMAP_Prior_Row_is_identical_in_both_MAP_Prior_as_well_as_Robust_MAP_Prior_Table_in_Scen01"/>
    <testcase time="0.0069999999999979" classname="proportions" name="NTA_Table_is_higher_or_equal_than_lower_bound_thresholds_in_Scen01"/>
    <testcase time="0.00600000000000023" classname="proportions" name="NTA_Table_ESS_is_higher_or_equal_than_lower_bound_thresholds_in_Scen01"/>
    <testcase time="0.00600000000000023" classname="proportions" name="NA_values_are_in_the_same_positions_in_both_data_frames_in_Scen01"/>
    <testcase time="0.00600000000000023" classname="proportions" name="NTA_Table_is_lower_or_equal_than_upper_bound_thresholds_in_Scen01"/>
    <testcase time="0.00600000000000023" classname="proportions" name="NTA_Table_ESS_is_lower_or_equal_than_upper_bound_thresholds_in_Scen01"/>
    <testcase time="0.00600000000000023" classname="proportions" name="NA_values_are_in_the_same_positions_in_both_data_frames_in_Scen01"/>
    <testcase time="0.007000000000005" classname="proportions" name="Robust_MAP_Prior_Row_is_identical_in_both_Robust_MAP_Prior_as_well_as_NTA_Table_in_Scen01"/>
    <testcase time="3.397" classname="proportions" name="MAP_Prior_row_is_higher_or_equal_than_lower_bound_thresholds_in_Scen02"/>
    <testcase time="0.00600000000000023" classname="proportions" name="MAP_Prior_ESS_is_higher_or_equal_than_lower_bound_thresholds_in_Scen02"/>
    <testcase time="0.0069999999999979" classname="proportions" name="MAP_Prior_row_is_lower_or_equal_than_upper_bound_thresholds_in_Scen02"/>
    <testcase time="0.00999999999999801" classname="proportions" name="MAP_Prior_ESS_is_lower_or_equal_than_upper_bound_thresholds_in_Scen02"/>
    <testcase time="0.00600000000000023" classname="proportions" name="RMAP_Prior_Row_is_identical_in_both_MAP_Prior_as_well_as_Robust_MAP_Prior_Table_in_Scen02"/>
    <testcase time="0.00600000000000023" classname="proportions" name="NTA_Table_is_higher_or_equal_than_lower_bound_thresholds_in_Scen02"/>
    <testcase time="0.00600000000000023" classname="proportions" name="NTA_Table_ESS_is_higher_or_equal_than_lower_bound_thresholds_in_Scen02"/>
    <testcase time="0.00600000000000023" classname="proportions" name="NA_values_are_in_the_same_positions_in_both_data_frames_in_Scen02"/>
    <testcase time="0.0069999999999979" classname="proportions" name="NTA_Table_is_lower_or_equal_than_upper_bound_thresholds_in_Scen02"/>
    <testcase time="0.00600000000000023" classname="proportions" name="NTA_Table_ESS_is_lower_or_equal_than_upper_bound_thresholds_in_Scen02"/>
    <testcase time="0.00600000000000023" classname="proportions" name="NA_values_are_in_the_same_positions_in_both_data_frames_in_Scen02"/>
    <testcase time="0.00600000000000023" classname="proportions" name="Robust_MAP_Prior_Row_is_identical_in_both_Robust_MAP_Prior_as_well_as_NTA_Table_in_Scen02"/>
    <testcase time="3.304" classname="proportions" name="MAP_Prior_row_is_higher_or_equal_than_lower_bound_thresholds_in_Scen03"/>
    <testcase time="0.00600000000000023" classname="proportions" name="MAP_Prior_ESS_is_higher_or_equal_than_lower_bound_thresholds_in_Scen03"/>
    <testcase time="0.0069999999999979" classname="proportions" name="MAP_Prior_row_is_lower_or_equal_than_upper_bound_thresholds_in_Scen03"/>
    <testcase time="0.00600000000000023" classname="proportions" name="MAP_Prior_ESS_is_lower_or_equal_than_upper_bound_thresholds_in_Scen03"/>
    <testcase time="0.00600000000000023" classname="proportions" name="RMAP_Prior_Row_is_identical_in_both_MAP_Prior_as_well_as_Robust_MAP_Prior_Table_in_Scen03"/>
    <testcase time="0.00600000000000023" classname="proportions" name="NTA_Table_is_higher_or_equal_than_lower_bound_thresholds_in_Scen03"/>
    <testcase time="0.00600000000000023" classname="proportions" name="NTA_Table_ESS_is_higher_or_equal_than_lower_bound_thresholds_in_Scen03"/>
    <testcase time="0.00600000000000023" classname="proportions" name="NA_values_are_in_the_same_positions_in_both_data_frames_in_Scen03"/>
    <testcase time="0.007000000000005" classname="proportions" name="NTA_Table_is_lower_or_equal_than_upper_bound_thresholds_in_Scen03"/>
    <testcase time="0.00499999999999545" classname="proportions" name="NTA_Table_ESS_is_lower_or_equal_than_upper_bound_thresholds_in_Scen03"/>
    <testcase time="0.0069999999999979" classname="proportions" name="NA_values_are_in_the_same_positions_in_both_data_frames_in_Scen03"/>
    <testcase time="0.00600000000000023" classname="proportions" name="Robust_MAP_Prior_Row_is_identical_in_both_Robust_MAP_Prior_as_well_as_NTA_Table_in_Scen03"/>
    <testcase time="4.67400000000001" classname="proportions" name="MAP_Prior_row_is_higher_or_equal_than_lower_bound_thresholds_in_Scen05"/>
    <testcase time="0.00599999999999312" classname="proportions" name="MAP_Prior_ESS_is_higher_or_equal_than_lower_bound_thresholds_in_Scen05"/>
    <testcase time="0.00600000000000023" classname="proportions" name="MAP_Prior_row_is_lower_or_equal_than_upper_bound_thresholds_in_Scen05"/>
    <testcase time="0.00600000000000023" classname="proportions" name="MAP_Prior_ESS_is_lower_or_equal_than_upper_bound_thresholds_in_Scen05"/>
    <testcase time="0.0069999999999979" classname="proportions" name="RMAP_Prior_Row_is_identical_in_both_MAP_Prior_as_well_as_Robust_MAP_Prior_Table_in_Scen05"/>
    <testcase time="0.00600000000000023" classname="proportions" name="NTA_Table_is_higher_or_equal_than_lower_bound_thresholds_in_Scen05"/>
    <testcase time="0.0069999999999979" classname="proportions" name="NTA_Table_ESS_is_higher_or_equal_than_lower_bound_thresholds_in_Scen05"/>
    <testcase time="0.00600000000000023" classname="proportions" name="NA_values_are_in_the_same_positions_in_both_data_frames_in_Scen05"/>
    <testcase time="0.007000000000005" classname="proportions" name="NTA_Table_is_lower_or_equal_than_upper_bound_thresholds_in_Scen05"/>
    <testcase time="0.00600000000000023" classname="proportions" name="NTA_Table_ESS_is_lower_or_equal_than_upper_bound_thresholds_in_Scen05"/>
    <testcase time="0.00600000000000023" classname="proportions" name="NA_values_are_in_the_same_positions_in_both_data_frames_in_Scen05"/>
    <testcase time="0.0069999999999979" classname="proportions" name="Robust_MAP_Prior_Row_is_identical_in_both_Robust_MAP_Prior_as_well_as_NTA_Table_in_Scen05"/>
    <testcase time="2.794" classname="proportions" name="MAP_Prior_row_is_higher_or_equal_than_lower_bound_thresholds_in_Scen06"/>
    <testcase time="0.00600000000000023" classname="proportions" name="MAP_Prior_ESS_is_higher_or_equal_than_lower_bound_thresholds_in_Scen06"/>
    <testcase time="0.007000000000005" classname="proportions" name="MAP_Prior_row_is_lower_or_equal_than_upper_bound_thresholds_in_Scen06"/>
    <testcase time="0.00999999999999801" classname="proportions" name="MAP_Prior_ESS_is_lower_or_equal_than_upper_bound_thresholds_in_Scen06"/>
    <testcase time="0.00600000000000023" classname="proportions" name="RMAP_Prior_Row_is_identical_in_both_MAP_Prior_as_well_as_Robust_MAP_Prior_Table_in_Scen06"/>
    <testcase time="0.00600000000000023" classname="proportions" name="NTA_Table_is_higher_or_equal_than_lower_bound_thresholds_in_Scen06"/>
    <testcase time="0.00600000000000023" classname="proportions" name="NTA_Table_ESS_is_higher_or_equal_than_lower_bound_thresholds_in_Scen06"/>
    <testcase time="0.00600000000000023" classname="proportions" name="NA_values_are_in_the_same_positions_in_both_data_frames_in_Scen06"/>
    <testcase time="0.00600000000000023" classname="proportions" name="NTA_Table_is_lower_or_equal_than_upper_bound_thresholds_in_Scen06"/>
    <testcase time="0.00600000000000023" classname="proportions" name="NTA_Table_ESS_is_lower_or_equal_than_upper_bound_thresholds_in_Scen06"/>
    <testcase time="0.0069999999999979" classname="proportions" name="NA_values_are_in_the_same_positions_in_both_data_frames_in_Scen06"/>
    <testcase time="0.00600000000000023" classname="proportions" name="Robust_MAP_Prior_Row_is_identical_in_both_Robust_MAP_Prior_as_well_as_NTA_Table_in_Scen06"/>
    <testcase time="3.71" classname="proportions" name="MAP_Prior_row_is_higher_or_equal_than_lower_bound_thresholds_in_Scen07"/>
    <testcase time="0.00600000000000023" classname="proportions" name="MAP_Prior_ESS_is_higher_or_equal_than_lower_bound_thresholds_in_Scen07"/>
    <testcase time="0.0069999999999979" classname="proportions" name="MAP_Prior_row_is_lower_or_equal_than_upper_bound_thresholds_in_Scen07"/>
    <testcase time="0.00600000000000023" classname="proportions" name="MAP_Prior_ESS_is_lower_or_equal_than_upper_bound_thresholds_in_Scen07"/>
    <testcase time="0.00600000000000023" classname="proportions" name="RMAP_Prior_Row_is_identical_in_both_MAP_Prior_as_well_as_Robust_MAP_Prior_Table_in_Scen07"/>
    <testcase time="0.007000000000005" classname="proportions" name="NTA_Table_is_higher_or_equal_than_lower_bound_thresholds_in_Scen07"/>
    <testcase time="0.00600000000000023" classname="proportions" name="NTA_Table_ESS_is_higher_or_equal_than_lower_bound_thresholds_in_Scen07"/>
    <testcase time="0.00600000000000023" classname="proportions" name="NA_values_are_in_the_same_positions_in_both_data_frames_in_Scen07"/>
    <testcase time="0.0069999999999979" classname="proportions" name="NTA_Table_is_lower_or_equal_than_upper_bound_thresholds_in_Scen07"/>
    <testcase time="0.00600000000000023" classname="proportions" name="NTA_Table_ESS_is_lower_or_equal_than_upper_bound_thresholds_in_Scen07"/>
    <testcase time="0.00600000000000023" classname="proportions" name="NA_values_are_in_the_same_positions_in_both_data_frames_in_Scen07"/>
    <testcase time="0.0069999999999979" classname="proportions" name="Robust_MAP_Prior_Row_is_identical_in_both_Robust_MAP_Prior_as_well_as_NTA_Table_in_Scen07"/>
    <testcase time="3.916" classname="proportions" name="MAP_Prior_row_is_higher_or_equal_than_lower_bound_thresholds_in_Scen08"/>
    <testcase time="0.007000000000005" classname="proportions" name="MAP_Prior_ESS_is_higher_or_equal_than_lower_bound_thresholds_in_Scen08"/>
    <testcase time="0.0069999999999979" classname="proportions" name="MAP_Prior_row_is_lower_or_equal_than_upper_bound_thresholds_in_Scen08"/>
    <testcase time="0.00600000000000023" classname="proportions" name="MAP_Prior_ESS_is_lower_or_equal_than_upper_bound_thresholds_in_Scen08"/>
    <testcase time="0.00600000000000023" classname="proportions" name="RMAP_Prior_Row_is_identical_in_both_MAP_Prior_as_well_as_Robust_MAP_Prior_Table_in_Scen08"/>
    <testcase time="0.0069999999999979" classname="proportions" name="NTA_Table_is_higher_or_equal_than_lower_bound_thresholds_in_Scen08"/>
    <testcase time="0.00600000000000023" classname="proportions" name="NTA_Table_ESS_is_higher_or_equal_than_lower_bound_thresholds_in_Scen08"/>
    <testcase time="0.007000000000005" classname="proportions" name="NA_values_are_in_the_same_positions_in_both_data_frames_in_Scen08"/>
    <testcase time="0.00600000000000023" classname="proportions" name="NTA_Table_is_lower_or_equal_than_upper_bound_thresholds_in_Scen08"/>
    <testcase time="0.0069999999999979" classname="proportions" name="NTA_Table_ESS_is_lower_or_equal_than_upper_bound_thresholds_in_Scen08"/>
    <testcase time="0.00600000000000023" classname="proportions" name="NA_values_are_in_the_same_positions_in_both_data_frames_in_Scen08"/>
    <testcase time="0.00600000000000023" classname="proportions" name="Robust_MAP_Prior_Row_is_identical_in_both_Robust_MAP_Prior_as_well_as_NTA_Table_in_Scen08"/>
    <testcase time="3.395" classname="proportions" name="proportions_work_as_expected"/>
    <testcase time="0.0649999999999977" classname="proportions" name="proportions_work_as_expected"/>
    <testcase time="0.0459999999999923" classname="proportions" name="MAP_Prior_row_is_higher_or_equal_than_lower_bound_thresholds_in_Scen09"/>
    <testcase time="0.00600000000000023" classname="proportions" name="MAP_Prior_ESS_is_higher_or_equal_than_lower_bound_thresholds_in_Scen09"/>
    <testcase time="0.007000000000005" classname="proportions" name="MAP_Prior_row_is_lower_or_equal_than_upper_bound_thresholds_in_Scen09"/>
    <testcase time="0.007000000000005" classname="proportions" name="MAP_Prior_ESS_is_lower_or_equal_than_upper_bound_thresholds_in_Scen09"/>
    <testcase time="0.00600000000000023" classname="proportions" name="RMAP_Prior_Row_is_identical_in_both_MAP_Prior_as_well_as_Robust_MAP_Prior_Table_in_Scen09"/>
    <testcase time="0.00699999999999079" classname="proportions" name="NTA_Table_is_higher_or_equal_than_lower_bound_thresholds_in_Scen09"/>
    <testcase time="0.00600000000000023" classname="proportions" name="NTA_Table_ESS_is_higher_or_equal_than_lower_bound_thresholds_in_Scen09"/>
    <testcase time="0.007000000000005" classname="proportions" name="NA_values_are_in_the_same_positions_in_both_data_frames_in_Scen09"/>
    <testcase time="0.00600000000000023" classname="proportions" name="NTA_Table_is_lower_or_equal_than_upper_bound_thresholds_in_Scen09"/>
    <testcase time="0.007000000000005" classname="proportions" name="NTA_Table_ESS_is_lower_or_equal_than_upper_bound_thresholds_in_Scen09"/>
    <testcase time="0.00600000000000023" classname="proportions" name="NA_values_are_in_the_same_positions_in_both_data_frames_in_Scen09"/>
    <testcase time="0.00600000000000023" classname="proportions" name="Robust_MAP_Prior_Row_is_identical_in_both_Robust_MAP_Prior_as_well_as_NTA_Table_in_Scen09"/>
    <testcase time="2.639" classname="proportions" name="MAP_Prior_row_is_higher_or_equal_than_lower_bound_thresholds_in_Scen10"/>
    <testcase time="0.00699999999999079" classname="proportions" name="MAP_Prior_ESS_is_higher_or_equal_than_lower_bound_thresholds_in_Scen10"/>
    <testcase time="0.007000000000005" classname="proportions" name="MAP_Prior_row_is_lower_or_equal_than_upper_bound_thresholds_in_Scen10"/>
    <testcase time="0.00600000000000023" classname="proportions" name="MAP_Prior_ESS_is_lower_or_equal_than_upper_bound_thresholds_in_Scen10"/>
    <testcase time="0.00600000000000023" classname="proportions" name="RMAP_Prior_Row_is_identical_in_both_MAP_Prior_as_well_as_Robust_MAP_Prior_Table_in_Scen10"/>
    <testcase time="0.007000000000005" classname="proportions" name="NTA_Table_is_higher_or_equal_than_lower_bound_thresholds_in_Scen10"/>
    <testcase time="0.00600000000000023" classname="proportions" name="NTA_Table_ESS_is_higher_or_equal_than_lower_bound_thresholds_in_Scen10"/>
    <testcase time="0.00600000000000023" classname="proportions" name="NA_values_are_in_the_same_positions_in_both_data_frames_in_Scen10"/>
    <testcase time="0.00699999999999079" classname="proportions" name="NTA_Table_is_lower_or_equal_than_upper_bound_thresholds_in_Scen10"/>
    <testcase time="0.00600000000000023" classname="proportions" name="NTA_Table_ESS_is_lower_or_equal_than_upper_bound_thresholds_in_Scen10"/>
    <testcase time="0.00600000000000023" classname="proportions" name="NA_values_are_in_the_same_positions_in_both_data_frames_in_Scen10"/>
    <testcase time="0.007000000000005" classname="proportions" name="Robust_MAP_Prior_Row_is_identical_in_both_Robust_MAP_Prior_as_well_as_NTA_Table_in_Scen10"/>
    <testcase time="2.605" classname="proportions" name="proportions_work_as_expected"/>
    <testcase time="0.0609999999999928" classname="proportions" name="proportions_work_as_expected"/>
    <testcase time="0.0430000000000064" classname="proportions" name="MAP_Prior_row_is_higher_or_equal_than_lower_bound_thresholds_in_Scen11"/>
    <testcase time="0.00699999999999079" classname="proportions" name="MAP_Prior_ESS_is_higher_or_equal_than_lower_bound_thresholds_in_Scen11"/>
    <testcase time="0.007000000000005" classname="proportions" name="MAP_Prior_row_is_lower_or_equal_than_upper_bound_thresholds_in_Scen11"/>
    <testcase time="0.00600000000000023" classname="proportions" name="MAP_Prior_ESS_is_lower_or_equal_than_upper_bound_thresholds_in_Scen11"/>
    <testcase time="0.00600000000000023" classname="proportions" name="RMAP_Prior_Row_is_identical_in_both_MAP_Prior_as_well_as_Robust_MAP_Prior_Table_in_Scen11"/>
    <testcase time="0.00699999999999079" classname="proportions" name="NTA_Table_is_higher_or_equal_than_lower_bound_thresholds_in_Scen11"/>
    <testcase time="0.007000000000005" classname="proportions" name="NTA_Table_ESS_is_higher_or_equal_than_lower_bound_thresholds_in_Scen11"/>
    <testcase time="0.00600000000000023" classname="proportions" name="NA_values_are_in_the_same_positions_in_both_data_frames_in_Scen11"/>
    <testcase time="0.007000000000005" classname="proportions" name="NTA_Table_is_lower_or_equal_than_upper_bound_thresholds_in_Scen11"/>
    <testcase time="0.00600000000000023" classname="proportions" name="NTA_Table_ESS_is_lower_or_equal_than_upper_bound_thresholds_in_Scen11"/>
    <testcase time="0.00699999999999079" classname="proportions" name="NA_values_are_in_the_same_positions_in_both_data_frames_in_Scen11"/>
    <testcase time="0.00600000000000023" classname="proportions" name="Robust_MAP_Prior_Row_is_identical_in_both_Robust_MAP_Prior_as_well_as_NTA_Table_in_Scen11"/>
    <testcase time="0.00400000000000489" classname="proportions" name="proportions_work_as_expected">
      <skipped message="Reason: empty test ('test-proportions.R:2:1')"/>
    </testcase>
  </testsuite>
  <testsuite name="rates" timestamp="2024-11-20T17:00:16Z" hostname="e475df4a87df" tests="161" skipped="1" failures="0" errors="0" time="42.326">
    <testcase time="5.124" classname="rates" name="MAP_Prior_row_is_higher_or_equal_than_lower_bound_thresholds_in_Scen1"/>
    <testcase time="0.00600000000000023" classname="rates" name="MAP_Prior_ESS_is_higher_or_equal_than_lower_bound_thresholds_in_Scen1"/>
    <testcase time="0.00600000000000023" classname="rates" name="NA_values_are_in_the_same_positions_in_both_data_frames_in_Scen1"/>
    <testcase time="0.007000000000005" classname="rates" name="MAP_Prior_row_is_lower_or_equal_than_upper_bound_thresholds_in_Scen1"/>
    <testcase time="0.00600000000000023" classname="rates" name="MAP_Prior_ESS_is_lower_or_equal_than_upper_bound_thresholds_in_Scen1"/>
    <testcase time="0.00600000000000023" classname="rates" name="NA_values_are_in_the_same_positions_in_both_data_frames_in_Scen1"/>
    <testcase time="0.00600000000000023" classname="rates" name="MAP_Prior_Row_is_identical_in_both_MAP_Prior_as_well_as_Robust_MAP_Prior_Table_in_Scen1"/>
    <testcase time="0.00600000000000023" classname="rates" name="NA_values_are_in_the_same_positions_in_both_data_frames_in_Scen1"/>
    <testcase time="0.00699999999999079" classname="rates" name="NTA_Table_is_higher_or_equal_than_lower_bound_thresholds_in_Scen1"/>
    <testcase time="0.00600000000000023" classname="rates" name="NTA_Table_ESS_is_higher_or_equal_than_lower_bound_thresholds_in_Scen1"/>
    <testcase time="0.00600000000000023" classname="rates" name="NA_values_are_in_the_same_positions_in_both_data_frames_inScen1"/>
    <testcase time="0.00600000000000023" classname="rates" name="NTA_Table_is_lower_or_equal_than_upper_bound_thresholds_in_Scen1"/>
    <testcase time="0.00600000000000023" classname="rates" name="NTA_Table_ESS_is_lower_or_equal_than_upper_bound_thresholds_in_Scen1"/>
    <testcase time="0.0110000000000099" classname="rates" name="NA_values_are_in_the_same_positions_in_both_data_frames_in_Scen1"/>
    <testcase time="0.00600000000000023" classname="rates" name="Robust_MAP_Prior_Row_is_identical_in_both_Robust_MAP_Prior_as_well_as_NTA_Table_in_Scen1"/>
    <testcase time="0.00600000000000023" classname="rates" name="NA_values_are_in_the_same_positions_in_both_data_frames_inScen1"/>
    <testcase time="4.35299999999999" classname="rates" name="MAP_Prior_row_is_higher_or_equal_than_lower_bound_thresholds_in_Scen01"/>
    <testcase time="0.00600000000000023" classname="rates" name="MAP_Prior_ESS_is_higher_or_equal_than_lower_bound_thresholds_in_Scen01"/>
    <testcase time="0.007000000000005" classname="rates" name="NA_values_are_in_the_same_positions_in_both_data_frames_in_Scen01"/>
    <testcase time="0.00600000000000023" classname="rates" name="MAP_Prior_row_is_lower_or_equal_than_upper_bound_thresholds_in_Scen01"/>
    <testcase time="0.00600000000000023" classname="rates" name="MAP_Prior_ESS_is_lower_or_equal_than_upper_bound_thresholds_in_Scen01"/>
    <testcase time="0.00600000000000023" classname="rates" name="NA_values_are_in_the_same_positions_in_both_data_frames_in_Scen01"/>
    <testcase time="0.00600000000000023" classname="rates" name="MAP_Prior_Row_is_identical_in_both_MAP_Prior_as_well_as_Robust_MAP_Prior_Table_in_Scen01"/>
    <testcase time="0.00600000000000023" classname="rates" name="NA_values_are_in_the_same_positions_in_both_data_frames_in_Scen01"/>
    <testcase time="0.00699999999999079" classname="rates" name="NTA_Table_is_higher_or_equal_than_lower_bound_thresholds_in_Scen01"/>
    <testcase time="0.00600000000000023" classname="rates" name="NTA_Table_ESS_is_higher_or_equal_than_lower_bound_thresholds_in_Scen01"/>
    <testcase time="0.00600000000000023" classname="rates" name="NA_values_are_in_the_same_positions_in_both_data_frames_inScen01"/>
    <testcase time="0.00600000000000023" classname="rates" name="NTA_Table_is_lower_or_equal_than_upper_bound_thresholds_in_Scen01"/>
    <testcase time="0.00600000000000023" classname="rates" name="NTA_Table_ESS_is_lower_or_equal_than_upper_bound_thresholds_in_Scen01"/>
    <testcase time="0.00600000000000023" classname="rates" name="NA_values_are_in_the_same_positions_in_both_data_frames_in_Scen01"/>
    <testcase time="0.0100000000000051" classname="rates" name="Robust_MAP_Prior_Row_is_identical_in_both_Robust_MAP_Prior_as_well_as_NTA_Table_in_Scen01"/>
    <testcase time="0.00600000000000023" classname="rates" name="NA_values_are_in_the_same_positions_in_both_data_frames_inScen01"/>
    <testcase time="3.39099999999999" classname="rates" name="MAP_Prior_row_is_higher_or_equal_than_lower_bound_thresholds_in_Scen03"/>
    <testcase time="0.00600000000000023" classname="rates" name="MAP_Prior_ESS_is_higher_or_equal_than_lower_bound_thresholds_in_Scen03"/>
    <testcase time="0.00600000000000023" classname="rates" name="NA_values_are_in_the_same_positions_in_both_data_frames_in_Scen03"/>
    <testcase time="0.00600000000000023" classname="rates" name="MAP_Prior_row_is_lower_or_equal_than_upper_bound_thresholds_in_Scen03"/>
    <testcase time="0.00600000000000023" classname="rates" name="MAP_Prior_ESS_is_lower_or_equal_than_upper_bound_thresholds_in_Scen03"/>
    <testcase time="0.00600000000000023" classname="rates" name="NA_values_are_in_the_same_positions_in_both_data_frames_in_Scen03"/>
    <testcase time="0.00600000000000023" classname="rates" name="MAP_Prior_Row_is_identical_in_both_MAP_Prior_as_well_as_Robust_MAP_Prior_Table_in_Scen03"/>
    <testcase time="0.00600000000000023" classname="rates" name="NA_values_are_in_the_same_positions_in_both_data_frames_in_Scen03"/>
    <testcase time="0.007000000000005" classname="rates" name="NTA_Table_is_higher_or_equal_than_lower_bound_thresholds_in_Scen03"/>
    <testcase time="0.00600000000000023" classname="rates" name="NTA_Table_ESS_is_higher_or_equal_than_lower_bound_thresholds_in_Scen03"/>
    <testcase time="0.00600000000000023" classname="rates" name="NA_values_are_in_the_same_positions_in_both_data_frames_inScen03"/>
    <testcase time="0.007000000000005" classname="rates" name="NTA_Table_is_lower_or_equal_than_upper_bound_thresholds_in_Scen03"/>
    <testcase time="0.00600000000000023" classname="rates" name="NTA_Table_ESS_is_lower_or_equal_than_upper_bound_thresholds_in_Scen03"/>
    <testcase time="0.00600000000000023" classname="rates" name="NA_values_are_in_the_same_positions_in_both_data_frames_in_Scen03"/>
    <testcase time="0.00600000000000023" classname="rates" name="Robust_MAP_Prior_Row_is_identical_in_both_Robust_MAP_Prior_as_well_as_NTA_Table_in_Scen03"/>
    <testcase time="0.00599999999998602" classname="rates" name="NA_values_are_in_the_same_positions_in_both_data_frames_inScen03"/>
    <testcase time="4.396" classname="rates" name="MAP_Prior_row_is_higher_or_equal_than_lower_bound_thresholds_in_Scen05"/>
    <testcase time="0.007000000000005" classname="rates" name="MAP_Prior_ESS_is_higher_or_equal_than_lower_bound_thresholds_in_Scen05"/>
    <testcase time="0.00600000000000023" classname="rates" name="NA_values_are_in_the_same_positions_in_both_data_frames_in_Scen05"/>
    <testcase time="0.00600000000000023" classname="rates" name="MAP_Prior_row_is_lower_or_equal_than_upper_bound_thresholds_in_Scen05"/>
    <testcase time="0.00600000000000023" classname="rates" name="MAP_Prior_ESS_is_lower_or_equal_than_upper_bound_thresholds_in_Scen05"/>
    <testcase time="0.00600000000000023" classname="rates" name="NA_values_are_in_the_same_positions_in_both_data_frames_in_Scen05"/>
    <testcase time="0.00600000000000023" classname="rates" name="MAP_Prior_Row_is_identical_in_both_MAP_Prior_as_well_as_Robust_MAP_Prior_Table_in_Scen05"/>
    <testcase time="0.00600000000000023" classname="rates" name="NA_values_are_in_the_same_positions_in_both_data_frames_in_Scen05"/>
    <testcase time="0.007000000000005" classname="rates" name="NTA_Table_is_higher_or_equal_than_lower_bound_thresholds_in_Scen05"/>
    <testcase time="0.00600000000000023" classname="rates" name="NTA_Table_ESS_is_higher_or_equal_than_lower_bound_thresholds_in_Scen05"/>
    <testcase time="0.00600000000000023" classname="rates" name="NA_values_are_in_the_same_positions_in_both_data_frames_inScen05"/>
    <testcase time="0.00699999999999079" classname="rates" name="NTA_Table_is_lower_or_equal_than_upper_bound_thresholds_in_Scen05"/>
    <testcase time="0.00600000000000023" classname="rates" name="NTA_Table_ESS_is_lower_or_equal_than_upper_bound_thresholds_in_Scen05"/>
    <testcase time="0.007000000000005" classname="rates" name="NA_values_are_in_the_same_positions_in_both_data_frames_in_Scen05"/>
    <testcase time="0.00600000000000023" classname="rates" name="Robust_MAP_Prior_Row_is_identical_in_both_Robust_MAP_Prior_as_well_as_NTA_Table_in_Scen05"/>
    <testcase time="0.0109999999999957" classname="rates" name="NA_values_are_in_the_same_positions_in_both_data_frames_inScen05"/>
    <testcase time="3.18900000000001" classname="rates" name="MAP_Prior_row_is_higher_or_equal_than_lower_bound_thresholds_in_Scen06"/>
    <testcase time="0.00600000000000023" classname="rates" name="MAP_Prior_ESS_is_higher_or_equal_than_lower_bound_thresholds_in_Scen06"/>
    <testcase time="0.00699999999999079" classname="rates" name="NA_values_are_in_the_same_positions_in_both_data_frames_in_Scen06"/>
    <testcase time="0.00600000000000023" classname="rates" name="MAP_Prior_row_is_lower_or_equal_than_upper_bound_thresholds_in_Scen06"/>
    <testcase time="0.00600000000000023" classname="rates" name="MAP_Prior_ESS_is_lower_or_equal_than_upper_bound_thresholds_in_Scen06"/>
    <testcase time="0.00600000000000023" classname="rates" name="NA_values_are_in_the_same_positions_in_both_data_frames_in_Scen06"/>
    <testcase time="0.007000000000005" classname="rates" name="MAP_Prior_Row_is_identical_in_both_MAP_Prior_as_well_as_Robust_MAP_Prior_Table_in_Scen06"/>
    <testcase time="0.00600000000000023" classname="rates" name="NA_values_are_in_the_same_positions_in_both_data_frames_in_Scen06"/>
    <testcase time="0.00600000000000023" classname="rates" name="NTA_Table_is_higher_or_equal_than_lower_bound_thresholds_in_Scen06"/>
    <testcase time="0.00600000000000023" classname="rates" name="NTA_Table_ESS_is_higher_or_equal_than_lower_bound_thresholds_in_Scen06"/>
    <testcase time="0.00900000000000034" classname="rates" name="NA_values_are_in_the_same_positions_in_both_data_frames_inScen06"/>
    <testcase time="0.00799999999999557" classname="rates" name="NTA_Table_is_lower_or_equal_than_upper_bound_thresholds_in_Scen06"/>
    <testcase time="0.00600000000000023" classname="rates" name="NTA_Table_ESS_is_lower_or_equal_than_upper_bound_thresholds_in_Scen06"/>
    <testcase time="0.007000000000005" classname="rates" name="NA_values_are_in_the_same_positions_in_both_data_frames_in_Scen06"/>
    <testcase time="0.0109999999999957" classname="rates" name="Robust_MAP_Prior_Row_is_identical_in_both_Robust_MAP_Prior_as_well_as_NTA_Table_in_Scen06"/>
    <testcase time="0.00600000000000023" classname="rates" name="NA_values_are_in_the_same_positions_in_both_data_frames_inScen06"/>
    <testcase time="5.31" classname="rates" name="MAP_Prior_row_is_higher_or_equal_than_lower_bound_thresholds_in_Scen07"/>
    <testcase time="0.00600000000000023" classname="rates" name="MAP_Prior_ESS_is_higher_or_equal_than_lower_bound_thresholds_in_Scen07"/>
    <testcase time="0.007000000000005" classname="rates" name="NA_values_are_in_the_same_positions_in_both_data_frames_in_Scen07"/>
    <testcase time="0.00699999999999079" classname="rates" name="MAP_Prior_row_is_lower_or_equal_than_upper_bound_thresholds_in_Scen07"/>
    <testcase time="0.007000000000005" classname="rates" name="MAP_Prior_ESS_is_lower_or_equal_than_upper_bound_thresholds_in_Scen07"/>
    <testcase time="0.00600000000000023" classname="rates" name="NA_values_are_in_the_same_positions_in_both_data_frames_in_Scen07"/>
    <testcase time="0.00699999999999079" classname="rates" name="MAP_Prior_Row_is_identical_in_both_MAP_Prior_as_well_as_Robust_MAP_Prior_Table_in_Scen07"/>
    <testcase time="0.007000000000005" classname="rates" name="NA_values_are_in_the_same_positions_in_both_data_frames_in_Scen07"/>
    <testcase time="0.007000000000005" classname="rates" name="NTA_Table_is_higher_or_equal_than_lower_bound_thresholds_in_Scen07"/>
    <testcase time="0.00600000000000023" classname="rates" name="NTA_Table_ESS_is_higher_or_equal_than_lower_bound_thresholds_in_Scen07"/>
    <testcase time="0.00699999999999079" classname="rates" name="NA_values_are_in_the_same_positions_in_both_data_frames_inScen07"/>
    <testcase time="0.00800000000000978" classname="rates" name="NTA_Table_is_lower_or_equal_than_upper_bound_thresholds_in_Scen07"/>
    <testcase time="0.00699999999999079" classname="rates" name="NTA_Table_ESS_is_lower_or_equal_than_upper_bound_thresholds_in_Scen07"/>
    <testcase time="0.007000000000005" classname="rates" name="NA_values_are_in_the_same_positions_in_both_data_frames_in_Scen07"/>
    <testcase time="0.007000000000005" classname="rates" name="Robust_MAP_Prior_Row_is_identical_in_both_Robust_MAP_Prior_as_well_as_NTA_Table_in_Scen07"/>
    <testcase time="0.00699999999999079" classname="rates" name="NA_values_are_in_the_same_positions_in_both_data_frames_inScen07"/>
    <testcase time="4.626" classname="rates" name="MAP_Prior_row_is_higher_or_equal_than_lower_bound_thresholds_in_Scen08"/>
    <testcase time="0.00600000000000023" classname="rates" name="MAP_Prior_ESS_is_higher_or_equal_than_lower_bound_thresholds_in_Scen08"/>
    <testcase time="0.00600000000000023" classname="rates" name="NA_values_are_in_the_same_positions_in_both_data_frames_in_Scen08"/>
    <testcase time="0.007000000000005" classname="rates" name="MAP_Prior_row_is_lower_or_equal_than_upper_bound_thresholds_in_Scen08"/>
    <testcase time="0.00600000000000023" classname="rates" name="MAP_Prior_ESS_is_lower_or_equal_than_upper_bound_thresholds_in_Scen08"/>
    <testcase time="0.00600000000000023" classname="rates" name="NA_values_are_in_the_same_positions_in_both_data_frames_in_Scen08"/>
    <testcase time="0.00699999999999079" classname="rates" name="MAP_Prior_Row_is_identical_in_both_MAP_Prior_as_well_as_Robust_MAP_Prior_Table_in_Scen08"/>
    <testcase time="0.00600000000000023" classname="rates" name="NA_values_are_in_the_same_positions_in_both_data_frames_in_Scen08"/>
    <testcase time="0.007000000000005" classname="rates" name="NTA_Table_is_higher_or_equal_than_lower_bound_thresholds_in_Scen08"/>
    <testcase time="0.00600000000000023" classname="rates" name="NTA_Table_ESS_is_higher_or_equal_than_lower_bound_thresholds_in_Scen08"/>
    <testcase time="0.00699999999999079" classname="rates" name="NA_values_are_in_the_same_positions_in_both_data_frames_inScen08"/>
    <testcase time="0.00600000000000023" classname="rates" name="NTA_Table_is_lower_or_equal_than_upper_bound_thresholds_in_Scen08"/>
    <testcase time="0.00600000000000023" classname="rates" name="NTA_Table_ESS_is_lower_or_equal_than_upper_bound_thresholds_in_Scen08"/>
    <testcase time="0.007000000000005" classname="rates" name="NA_values_are_in_the_same_positions_in_both_data_frames_in_Scen08"/>
    <testcase time="0.00999999999999091" classname="rates" name="Robust_MAP_Prior_Row_is_identical_in_both_Robust_MAP_Prior_as_well_as_NTA_Table_in_Scen08"/>
    <testcase time="0.00600000000000023" classname="rates" name="NA_values_are_in_the_same_positions_in_both_data_frames_inScen08"/>
    <testcase time="4.87400000000001" classname="rates" name="MAP_Prior_row_is_higher_or_equal_than_lower_bound_thresholds_in_Scen09"/>
    <testcase time="0.0109999999999957" classname="rates" name="MAP_Prior_ESS_is_higher_or_equal_than_lower_bound_thresholds_in_Scen09"/>
    <testcase time="0.007000000000005" classname="rates" name="NA_values_are_in_the_same_positions_in_both_data_frames_in_Scen09"/>
    <testcase time="0.00600000000000023" classname="rates" name="MAP_Prior_row_is_lower_or_equal_than_upper_bound_thresholds_in_Scen09"/>
    <testcase time="0.00699999999999079" classname="rates" name="MAP_Prior_ESS_is_lower_or_equal_than_upper_bound_thresholds_in_Scen09"/>
    <testcase time="0.00600000000000023" classname="rates" name="NA_values_are_in_the_same_positions_in_both_data_frames_in_Scen09"/>
    <testcase time="0.00600000000000023" classname="rates" name="MAP_Prior_Row_is_identical_in_both_MAP_Prior_as_well_as_Robust_MAP_Prior_Table_in_Scen09"/>
    <testcase time="0.007000000000005" classname="rates" name="NA_values_are_in_the_same_positions_in_both_data_frames_in_Scen09"/>
    <testcase time="0.00600000000000023" classname="rates" name="NTA_Table_is_higher_or_equal_than_lower_bound_thresholds_in_Scen09"/>
    <testcase time="0.007000000000005" classname="rates" name="NTA_Table_ESS_is_higher_or_equal_than_lower_bound_thresholds_in_Scen09"/>
    <testcase time="0.00600000000000023" classname="rates" name="NA_values_are_in_the_same_positions_in_both_data_frames_inScen09"/>
    <testcase time="0.00699999999999079" classname="rates" name="NTA_Table_is_lower_or_equal_than_upper_bound_thresholds_in_Scen09"/>
    <testcase time="0.00600000000000023" classname="rates" name="NTA_Table_ESS_is_lower_or_equal_than_upper_bound_thresholds_in_Scen09"/>
    <testcase time="0.007000000000005" classname="rates" name="NA_values_are_in_the_same_positions_in_both_data_frames_in_Scen09"/>
    <testcase time="0.00600000000000023" classname="rates" name="Robust_MAP_Prior_Row_is_identical_in_both_Robust_MAP_Prior_as_well_as_NTA_Table_in_Scen09"/>
    <testcase time="0.00600000000000023" classname="rates" name="NA_values_are_in_the_same_positions_in_both_data_frames_inScen09"/>
    <testcase time="2.82600000000001" classname="rates" name="MAP_Prior_row_is_higher_or_equal_than_lower_bound_thresholds_in_Scen10"/>
    <testcase time="0.00600000000000023" classname="rates" name="MAP_Prior_ESS_is_higher_or_equal_than_lower_bound_thresholds_in_Scen10"/>
    <testcase time="0.007000000000005" classname="rates" name="NA_values_are_in_the_same_positions_in_both_data_frames_in_Scen10"/>
    <testcase time="0.00600000000000023" classname="rates" name="MAP_Prior_row_is_lower_or_equal_than_upper_bound_thresholds_in_Scen10"/>
    <testcase time="0.00699999999999079" classname="rates" name="MAP_Prior_ESS_is_lower_or_equal_than_upper_bound_thresholds_in_Scen10"/>
    <testcase time="0.00600000000000023" classname="rates" name="NA_values_are_in_the_same_positions_in_both_data_frames_in_Scen10"/>
    <testcase time="0.00600000000000023" classname="rates" name="MAP_Prior_Row_is_identical_in_both_MAP_Prior_as_well_as_Robust_MAP_Prior_Table_in_Scen10"/>
    <testcase time="0.007000000000005" classname="rates" name="NA_values_are_in_the_same_positions_in_both_data_frames_in_Scen10"/>
    <testcase time="0.00699999999999079" classname="rates" name="NTA_Table_is_higher_or_equal_than_lower_bound_thresholds_in_Scen10"/>
    <testcase time="0.00600000000000023" classname="rates" name="NTA_Table_ESS_is_higher_or_equal_than_lower_bound_thresholds_in_Scen10"/>
    <testcase time="0.007000000000005" classname="rates" name="NA_values_are_in_the_same_positions_in_both_data_frames_inScen10"/>
    <testcase time="0.00600000000000023" classname="rates" name="NTA_Table_is_lower_or_equal_than_upper_bound_thresholds_in_Scen10"/>
    <testcase time="0.007000000000005" classname="rates" name="NTA_Table_ESS_is_lower_or_equal_than_upper_bound_thresholds_in_Scen10"/>
    <testcase time="0.00600000000000023" classname="rates" name="NA_values_are_in_the_same_positions_in_both_data_frames_in_Scen10"/>
    <testcase time="0.0109999999999957" classname="rates" name="Robust_MAP_Prior_Row_is_identical_in_both_Robust_MAP_Prior_as_well_as_NTA_Table_in_Scen10"/>
    <testcase time="0.00600000000000023" classname="rates" name="NA_values_are_in_the_same_positions_in_both_data_frames_inScen10"/>
    <testcase time="3.23999999999999" classname="rates" name="MAP_Prior_row_is_higher_or_equal_than_lower_bound_thresholds_in_Scen11"/>
    <testcase time="0.00600000000000023" classname="rates" name="MAP_Prior_ESS_is_higher_or_equal_than_lower_bound_thresholds_in_Scen11"/>
    <testcase time="0.007000000000005" classname="rates" name="NA_values_are_in_the_same_positions_in_both_data_frames_in_Scen11"/>
    <testcase time="0.00600000000000023" classname="rates" name="MAP_Prior_row_is_lower_or_equal_than_upper_bound_thresholds_in_Scen11"/>
    <testcase time="0.007000000000005" classname="rates" name="MAP_Prior_ESS_is_lower_or_equal_than_upper_bound_thresholds_in_Scen11"/>
    <testcase time="0.00600000000000023" classname="rates" name="NA_values_are_in_the_same_positions_in_both_data_frames_in_Scen11"/>
    <testcase time="0.00699999999999079" classname="rates" name="MAP_Prior_Row_is_identical_in_both_MAP_Prior_as_well_as_Robust_MAP_Prior_Table_in_Scen11"/>
    <testcase time="0.00600000000000023" classname="rates" name="NA_values_are_in_the_same_positions_in_both_data_frames_in_Scen11"/>
    <testcase time="0.007000000000005" classname="rates" name="NTA_Table_is_higher_or_equal_than_lower_bound_thresholds_in_Scen11"/>
    <testcase time="0.007000000000005" classname="rates" name="NTA_Table_ESS_is_higher_or_equal_than_lower_bound_thresholds_in_Scen11"/>
    <testcase time="0.00600000000000023" classname="rates" name="NA_values_are_in_the_same_positions_in_both_data_frames_inScen11"/>
    <testcase time="0.00699999999999079" classname="rates" name="NTA_Table_is_lower_or_equal_than_upper_bound_thresholds_in_Scen11"/>
    <testcase time="0.00600000000000023" classname="rates" name="NTA_Table_ESS_is_lower_or_equal_than_upper_bound_thresholds_in_Scen11"/>
    <testcase time="0.0109999999999957" classname="rates" name="NA_values_are_in_the_same_positions_in_both_data_frames_in_Scen11"/>
    <testcase time="0.007000000000005" classname="rates" name="Robust_MAP_Prior_Row_is_identical_in_both_Robust_MAP_Prior_as_well_as_NTA_Table_in_Scen11"/>
    <testcase time="0.007000000000005" classname="rates" name="NA_values_are_in_the_same_positions_in_both_data_frames_inScen11"/>
    <testcase time="0.00300000000000011" classname="rates" name="incidence_rates_work_as_expected">
      <skipped message="Reason: empty test ('test-rates.R:2:1')"/>
    </testcase>
  </testsuite>
</testsuites>
